<html>
<head>
<title>TestNG:  Default test</title>
<link href="../testng.css" rel="stylesheet" type="text/css" />
<link href="../my-testng.css" rel="stylesheet" type="text/css" />

<style type="text/css">
.log { display: none;} 
.stack-trace { display: none;} 
</style>
<script type="text/javascript">
<!--
function flip(e) {
  current = e.style.display;
  if (current == 'block') {
    e.style.display = 'none';
    return 0;
  }
  else {
    e.style.display = 'block';
    return 1;
  }
}

function toggleBox(szDivId, elem, msg1, msg2)
{
  var res = -1;  if (document.getElementById) {
    res = flip(document.getElementById(szDivId));
  }
  else if (document.all) {
    // this is the way old msie versions work
    res = flip(document.all[szDivId]);
  }
  if(elem) {
    if(res == 0) elem.innerHTML = msg1; else elem.innerHTML = msg2;
  }

}

function toggleAllBoxes() {
  if (document.getElementsByTagName) {
    d = document.getElementsByTagName('div');
    for (i = 0; i < d.length; i++) {
      if (d[i].className == 'log') {
        flip(d[i]);
      }
    }
  }
}

// -->
</script>

</head>
<body>
<h2 align='center'>Default test</h2><table border='1' align="center">
<tr>
<td>Tests passed/Failed/Skipped:</td><td>1/0/9</td>
</tr><tr>
<td>Started on:</td><td>Sun Feb 16 17:19:38 IST 2020</td>
</tr>
<tr><td>Total time:</td><td>95 seconds (95423 ms)</td>
</tr><tr>
<td>Included groups:</td><td></td>
</tr><tr>
<td>Excluded groups:</td><td></td>
</tr>
</table><p/>
<small><i>(Hover the method name to see the test class name)</i></small><p/>
<table width='100%' border='1' class='invocation-failed'>
<tr><td colspan='4' align='center'><b>FAILED CONFIGURATIONS</b></td></tr>
<tr><td><b>Test method</b></td>
<td width="30%"><b>Exception</b></td>
<td width="10%"><b>Time (seconds)</b></td>
<td><b>Instance</b></td>
</tr>
<tr>
<td title='MultiThread1.setup()'><b>setup</b><br>Test class: MultiThread1</td>
<td><div><pre>org.openqa.selenium.SessionNotCreatedException: session not created
from disconnected: received Inspector.detached event
  (Session info: chrome=79.0.3945.130)
Build info: version: &apos;3.141.59&apos;, revision: &apos;e82be7d358&apos;, time: &apos;2018-11-14T08:17:03&apos;
System info: host: &apos;DESKTOP-83JUM21&apos;, ip: &apos;192.168.42.10&apos;, os.name: &apos;Windows 10&apos;, os.arch: &apos;amd64&apos;, os.version: &apos;10.0&apos;, java.version: &apos;13.0.1&apos;
Driver info: driver.version: ChromeDriver
remote stacktrace: Backtrace:
	Ordinal0 [0x00BBA113+1548563]
	Ordinal0 [0x00B3DDA1+1039777]
	Ordinal0 [0x00ABE485+517253]
	Ordinal0 [0x00AB70CB+487627]
	Ordinal0 [0x00AB6CE9+486633]
	Ordinal0 [0x00AB65E8+484840]
	Ordinal0 [0x00AB5D33+482611]
	Ordinal0 [0x00AB5E75+482933]
	Ordinal0 [0x00AB59B5+481717]
	Ordinal0 [0x00ABD1E5+512485]
	Ordinal0 [0x00AB5968+481640]
	Ordinal0 [0x00AB628B+483979]
	Ordinal0 [0x00AB5D33+482611]
	Ordinal0 [0x00AB5E75+482933]
	Ordinal0 [0x00AB59B5+481717]
	Ordinal0 [0x00ABBB0E+506638]
	Ordinal0 [0x00AB5968+481640]
	Ordinal0 [0x00AB628B+483979]
	Ordinal0 [0x00AB5D33+482611]
	Ordinal0 [0x00AB5E75+482933]
	Ordinal0 [0x00AB59B5+481717]
	Ordinal0 [0x00ABA37C+500604]
	Ordinal0 [0x00AB5968+481640]
	Ordinal0 [0x00AB628B+483979]
	Ordinal0 [0x00AB5D33+482611]
	Ordinal0 [0x00AB5E75+482933]
	Ordinal0 [0x00AB59B5+481717]
	Ordinal0 [0x00AB9A17+498199]
	Ordinal0 [0x00AB5968+481640]
	Ordinal0 [0x00AB628B+483979]
	Ordinal0 [0x00AB5D33+482611]
	Ordinal0 [0x00AB5E75+482933]
	Ordinal0 [0x00AB59B5+481717]
	Ordinal0 [0x00AB256C+468332]
	Ordinal0 [0x00AB5968+481640]
	Ordinal0 [0x00AB5844+481348]
	Ordinal0 [0x00ABF0D0+520400]
	Ordinal0 [0x00A6C030+180272]
	Ordinal0 [0x00A6B59D+177565]
	Ordinal0 [0x00A695FB+169467]
	Ordinal0 [0x00A5160A+71178]
	Ordinal0 [0x00A52690+75408]
	Ordinal0 [0x00A52629+75305]
	Ordinal0 [0x00B571B7+1143223]
	GetHandleVerifier [0x00C52B46+507814]
	GetHandleVerifier [0x00C52864+507076]
	GetHandleVerifier [0x00C59F47+537511]
	GetHandleVerifier [0x00C53402+510050]
	Ordinal0 [0x00B4F29C+1110684]
	Ordinal0 [0x00B5938B+1151883]
	Ordinal0 [0x00B594F3+1152243]
	Ordinal0 [0x00B583F5+1147893]
	BaseThreadInitThunk [0x73958494+36]
	RtlAreBitsSet [0x770C41C8+136]
	RtlAreBitsSet [0x770C4198+88]

	at java.base/jdk.internal.reflect.NativeConstructorAccessorImpl.newInstance0(Native Method)
	at java.base/jdk.internal.reflect.NativeConstructorAccessorImpl.newInstance(NativeConstructorAccessorImpl.java:62)
	at java.base/jdk.internal.reflect.DelegatingConstructorAccessorImpl.newInstance(DelegatingConstructorAccessorImpl.java:45)
	at java.base/java.lang.reflect.Constructor.newInstanceWithCaller(Constructor.java:500)
	at java.base/java.lang.reflect.Constructor.newInstance(Constructor.java:481)
	at org.openqa.selenium.remote.W3CHandshakeResponse.lambda$errorHandler$0(W3CHandshakeResponse.java:62)
	at org.openqa.selenium.remote.HandshakeResponse.lambda$getResponseFunction$0(HandshakeResponse.java:30)
	at org.openqa.selenium.remote.ProtocolHandshake.lambda$createSession$0(ProtocolHandshake.java:126)
	at java.base/java.util.stream.ReferencePipeline$3$1.accept(ReferencePipeline.java:195)
	at java.base/java.util.Spliterators$ArraySpliterator.tryAdvance(Spliterators.java:958)
	at java.base/java.util.stream.ReferencePipeline.forEachWithCancel(ReferencePipeline.java:127)
	at java.base/java.util.stream.AbstractPipeline.copyIntoWithCancel(AbstractPipeline.java:502)
	at java.base/java.util.stream.AbstractPipeline.copyInto(AbstractPipeline.java:488)
	at java.base/java.util.stream.AbstractPipeline.wrapAndCopyInto(AbstractPipeline.java:474)
	at java.base/java.util.stream.FindOps$FindOp.evaluateSequential(FindOps.java:150)
	at java.base/java.util.stream.AbstractPipeline.evaluate(AbstractPipeline.java:234)
	at java.base/java.util.stream.ReferencePipeline.findFirst(ReferencePipeline.java:543)
	at org.openqa.selenium.remote.ProtocolHandshake.createSession(ProtocolHandshake.java:128)
	at org.openqa.selenium.remote.ProtocolHandshake.createSession(ProtocolHandshake.java:74)
	at org.openqa.selenium.remote.HttpCommandExecutor.execute(HttpCommandExecutor.java:136)
	at org.openqa.selenium.remote.service.DriverCommandExecutor.execute(DriverCommandExecutor.java:83)
	at org.openqa.selenium.remote.RemoteWebDriver.execute(RemoteWebDriver.java:552)
	at org.openqa.selenium.remote.RemoteWebDriver.startSession(RemoteWebDriver.java:213)
	at org.openqa.selenium.remote.RemoteWebDriver.&lt;init&gt;(RemoteWebDriver.java:131)
	at org.openqa.selenium.chrome.ChromeDriver.&lt;init&gt;(ChromeDriver.java:181)
	at org.openqa.selenium.chrome.ChromeDriver.&lt;init&gt;(ChromeDriver.java:168)
	at org.openqa.selenium.chrome.ChromeDriver.&lt;init&gt;(ChromeDriver.java:123)
	at MultiThread.setup(MultiThread.java:23)
	at java.base/jdk.internal.reflect.NativeMethodAccessorImpl.invoke0(Native Method)
	at java.base/jdk.internal.reflect.NativeMethodAccessorImpl.invoke(NativeMethodAccessorImpl.java:62)
	at java.base/jdk.internal.reflect.DelegatingMethodAccessorImpl.invoke(DelegatingMethodAccessorImpl.java:43)
	at java.base/java.lang.reflect.Method.invoke(Method.java:567)
	at org.testng.internal.MethodInvocationHelper.invokeMethod(MethodInvocationHelper.java:133)
	at org.testng.internal.MethodInvocationHelper.invokeMethodConsideringTimeout(MethodInvocationHelper.java:62)
	at org.testng.internal.ConfigInvoker.invokeConfigurationMethod(ConfigInvoker.java:340)
	at org.testng.internal.ConfigInvoker.invokeConfigurations(ConfigInvoker.java:294)
	at org.testng.internal.TestInvoker.runConfigMethods(TestInvoker.java:683)
	at org.testng.internal.TestInvoker.invokeMethod(TestInvoker.java:510)
	at org.testng.internal.TestInvoker.invokeTestMethod(TestInvoker.java:172)
	at org.testng.internal.MethodRunner.runInSequence(MethodRunner.java:46)
	at org.testng.internal.TestInvoker$MethodInvocationAgent.invoke(TestInvoker.java:804)
	at org.testng.internal.TestInvoker.invokeTestMethods(TestInvoker.java:145)
	at org.testng.internal.TestMethodWorker.invokeTestMethods(TestMethodWorker.java:146)
	at org.testng.internal.TestMethodWorker.run(TestMethodWorker.java:128)
	at java.base/java.util.ArrayList.forEach(ArrayList.java:1507)
	at org.testng.TestRunner.privateRun(TestRunner.java:770)
	at org.testng.TestRunner.run(TestRunner.java:591)
	at org.testng.SuiteRunner.runTest(SuiteRunner.java:402)
	at org.testng.SuiteRunner.runSequentially(SuiteRunner.java:396)
	at org.testng.SuiteRunner.privateRun(SuiteRunner.java:355)
	at org.testng.SuiteRunner.run(SuiteRunner.java:304)
	at org.testng.SuiteRunnerWorker.runSuite(SuiteRunnerWorker.java:53)
	at org.testng.SuiteRunnerWorker.run(SuiteRunnerWorker.java:96)
	at org.testng.TestNG.runSuitesSequentially(TestNG.java:1180)
	at org.testng.TestNG.runSuitesLocally(TestNG.java:1102)
	at org.testng.TestNG.runSuites(TestNG.java:1032)
	at org.testng.TestNG.run(TestNG.java:1000)
	at org.testng.remote.AbstractRemoteTestNG.run(AbstractRemoteTestNG.java:115)
	at org.testng.remote.RemoteTestNG.initAndRun(RemoteTestNG.java:251)
	at org.testng.remote.RemoteTestNG.main(RemoteTestNG.java:77)
</pre></div><a href='#' onClick='toggleBox("stack-trace1770070706", this, "Click to show all stack frames", "Click to hide stack frames")'>Click to show all stack frames</a>
<div class='stack-trace' id='stack-trace1770070706'><pre>org.openqa.selenium.SessionNotCreatedException: session not created
from disconnected: received Inspector.detached event
  (Session info: chrome=79.0.3945.130)
Build info: version: &apos;3.141.59&apos;, revision: &apos;e82be7d358&apos;, time: &apos;2018-11-14T08:17:03&apos;
System info: host: &apos;DESKTOP-83JUM21&apos;, ip: &apos;192.168.42.10&apos;, os.name: &apos;Windows 10&apos;, os.arch: &apos;amd64&apos;, os.version: &apos;10.0&apos;, java.version: &apos;13.0.1&apos;
Driver info: driver.version: ChromeDriver
remote stacktrace: Backtrace:
	Ordinal0 [0x00BBA113+1548563]
	Ordinal0 [0x00B3DDA1+1039777]
	Ordinal0 [0x00ABE485+517253]
	Ordinal0 [0x00AB70CB+487627]
	Ordinal0 [0x00AB6CE9+486633]
	Ordinal0 [0x00AB65E8+484840]
	Ordinal0 [0x00AB5D33+482611]
	Ordinal0 [0x00AB5E75+482933]
	Ordinal0 [0x00AB59B5+481717]
	Ordinal0 [0x00ABD1E5+512485]
	Ordinal0 [0x00AB5968+481640]
	Ordinal0 [0x00AB628B+483979]
	Ordinal0 [0x00AB5D33+482611]
	Ordinal0 [0x00AB5E75+482933]
	Ordinal0 [0x00AB59B5+481717]
	Ordinal0 [0x00ABBB0E+506638]
	Ordinal0 [0x00AB5968+481640]
	Ordinal0 [0x00AB628B+483979]
	Ordinal0 [0x00AB5D33+482611]
	Ordinal0 [0x00AB5E75+482933]
	Ordinal0 [0x00AB59B5+481717]
	Ordinal0 [0x00ABA37C+500604]
	Ordinal0 [0x00AB5968+481640]
	Ordinal0 [0x00AB628B+483979]
	Ordinal0 [0x00AB5D33+482611]
	Ordinal0 [0x00AB5E75+482933]
	Ordinal0 [0x00AB59B5+481717]
	Ordinal0 [0x00AB9A17+498199]
	Ordinal0 [0x00AB5968+481640]
	Ordinal0 [0x00AB628B+483979]
	Ordinal0 [0x00AB5D33+482611]
	Ordinal0 [0x00AB5E75+482933]
	Ordinal0 [0x00AB59B5+481717]
	Ordinal0 [0x00AB256C+468332]
	Ordinal0 [0x00AB5968+481640]
	Ordinal0 [0x00AB5844+481348]
	Ordinal0 [0x00ABF0D0+520400]
	Ordinal0 [0x00A6C030+180272]
	Ordinal0 [0x00A6B59D+177565]
	Ordinal0 [0x00A695FB+169467]
	Ordinal0 [0x00A5160A+71178]
	Ordinal0 [0x00A52690+75408]
	Ordinal0 [0x00A52629+75305]
	Ordinal0 [0x00B571B7+1143223]
	GetHandleVerifier [0x00C52B46+507814]
	GetHandleVerifier [0x00C52864+507076]
	GetHandleVerifier [0x00C59F47+537511]
	GetHandleVerifier [0x00C53402+510050]
	Ordinal0 [0x00B4F29C+1110684]
	Ordinal0 [0x00B5938B+1151883]
	Ordinal0 [0x00B594F3+1152243]
	Ordinal0 [0x00B583F5+1147893]
	BaseThreadInitThunk [0x73958494+36]
	RtlAreBitsSet [0x770C41C8+136]
	RtlAreBitsSet [0x770C4198+88]

	at java.base/jdk.internal.reflect.NativeConstructorAccessorImpl.newInstance0(Native Method)
	at java.base/jdk.internal.reflect.NativeConstructorAccessorImpl.newInstance(NativeConstructorAccessorImpl.java:62)
	at java.base/jdk.internal.reflect.DelegatingConstructorAccessorImpl.newInstance(DelegatingConstructorAccessorImpl.java:45)
	at java.base/java.lang.reflect.Constructor.newInstanceWithCaller(Constructor.java:500)
	at java.base/java.lang.reflect.Constructor.newInstance(Constructor.java:481)
	at org.openqa.selenium.remote.W3CHandshakeResponse.lambda$errorHandler$0(W3CHandshakeResponse.java:62)
	at org.openqa.selenium.remote.HandshakeResponse.lambda$getResponseFunction$0(HandshakeResponse.java:30)
	at org.openqa.selenium.remote.ProtocolHandshake.lambda$createSession$0(ProtocolHandshake.java:126)
	at java.base/java.util.stream.ReferencePipeline$3$1.accept(ReferencePipeline.java:195)
	at java.base/java.util.Spliterators$ArraySpliterator.tryAdvance(Spliterators.java:958)
	at java.base/java.util.stream.ReferencePipeline.forEachWithCancel(ReferencePipeline.java:127)
	at java.base/java.util.stream.AbstractPipeline.copyIntoWithCancel(AbstractPipeline.java:502)
	at java.base/java.util.stream.AbstractPipeline.copyInto(AbstractPipeline.java:488)
	at java.base/java.util.stream.AbstractPipeline.wrapAndCopyInto(AbstractPipeline.java:474)
	at java.base/java.util.stream.FindOps$FindOp.evaluateSequential(FindOps.java:150)
	at java.base/java.util.stream.AbstractPipeline.evaluate(AbstractPipeline.java:234)
	at java.base/java.util.stream.ReferencePipeline.findFirst(ReferencePipeline.java:543)
	at org.openqa.selenium.remote.ProtocolHandshake.createSession(ProtocolHandshake.java:128)
	at org.openqa.selenium.remote.ProtocolHandshake.createSession(ProtocolHandshake.java:74)
	at org.openqa.selenium.remote.HttpCommandExecutor.execute(HttpCommandExecutor.java:136)
	at org.openqa.selenium.remote.service.DriverCommandExecutor.execute(DriverCommandExecutor.java:83)
	at org.openqa.selenium.remote.RemoteWebDriver.execute(RemoteWebDriver.java:552)
	at org.openqa.selenium.remote.RemoteWebDriver.startSession(RemoteWebDriver.java:213)
	at org.openqa.selenium.remote.RemoteWebDriver.&lt;init&gt;(RemoteWebDriver.java:131)
	at org.openqa.selenium.chrome.ChromeDriver.&lt;init&gt;(ChromeDriver.java:181)
	at org.openqa.selenium.chrome.ChromeDriver.&lt;init&gt;(ChromeDriver.java:168)
	at org.openqa.selenium.chrome.ChromeDriver.&lt;init&gt;(ChromeDriver.java:123)
	at MultiThread.setup(MultiThread.java:23)
	at java.base/jdk.internal.reflect.NativeMethodAccessorImpl.invoke0(Native Method)
	at java.base/jdk.internal.reflect.NativeMethodAccessorImpl.invoke(NativeMethodAccessorImpl.java:62)
	at java.base/jdk.internal.reflect.DelegatingMethodAccessorImpl.invoke(DelegatingMethodAccessorImpl.java:43)
	at java.base/java.lang.reflect.Method.invoke(Method.java:567)
	at org.testng.internal.MethodInvocationHelper.invokeMethod(MethodInvocationHelper.java:133)
	at org.testng.internal.MethodInvocationHelper.invokeMethodConsideringTimeout(MethodInvocationHelper.java:62)
	at org.testng.internal.ConfigInvoker.invokeConfigurationMethod(ConfigInvoker.java:340)
	at org.testng.internal.ConfigInvoker.invokeConfigurations(ConfigInvoker.java:294)
	at org.testng.internal.TestInvoker.runConfigMethods(TestInvoker.java:683)
	at org.testng.internal.TestInvoker.invokeMethod(TestInvoker.java:510)
	at org.testng.internal.TestInvoker.invokeTestMethod(TestInvoker.java:172)
	at org.testng.internal.MethodRunner.runInSequence(MethodRunner.java:46)
	at org.testng.internal.TestInvoker$MethodInvocationAgent.invoke(TestInvoker.java:804)
	at org.testng.internal.TestInvoker.invokeTestMethods(TestInvoker.java:145)
	at org.testng.internal.TestMethodWorker.invokeTestMethods(TestMethodWorker.java:146)
	at org.testng.internal.TestMethodWorker.run(TestMethodWorker.java:128)
	at java.base/java.util.ArrayList.forEach(ArrayList.java:1507)
	at org.testng.TestRunner.privateRun(TestRunner.java:770)
	at org.testng.TestRunner.run(TestRunner.java:591)
	at org.testng.SuiteRunner.runTest(SuiteRunner.java:402)
	at org.testng.SuiteRunner.runSequentially(SuiteRunner.java:396)
	at org.testng.SuiteRunner.privateRun(SuiteRunner.java:355)
	at org.testng.SuiteRunner.run(SuiteRunner.java:304)
	at org.testng.SuiteRunnerWorker.runSuite(SuiteRunnerWorker.java:53)
	at org.testng.SuiteRunnerWorker.run(SuiteRunnerWorker.java:96)
	at org.testng.TestNG.runSuitesSequentially(TestNG.java:1180)
	at org.testng.TestNG.runSuitesLocally(TestNG.java:1102)
	at org.testng.TestNG.runSuites(TestNG.java:1032)
	at org.testng.TestNG.run(TestNG.java:1000)
	at org.testng.remote.AbstractRemoteTestNG.run(AbstractRemoteTestNG.java:115)
	at org.testng.remote.RemoteTestNG.initAndRun(RemoteTestNG.java:251)
	at org.testng.remote.RemoteTestNG.main(RemoteTestNG.java:77)
</pre></div></td>
<td>9</td>
<td>MultiThread1@13c10b87</td></tr>
</table><p>
<table width='100%' border='1' class='invocation-skipped'>
<tr><td colspan='4' align='center'><b>SKIPPED CONFIGURATIONS</b></td></tr>
<tr><td><b>Test method</b></td>
<td width="30%"><b>Exception</b></td>
<td width="10%"><b>Time (seconds)</b></td>
<td><b>Instance</b></td>
</tr>
<tr>
<td title='MultiThread1.setup()'><b>setup</b><br>Test class: MultiThread1</td>
<td></td>
<td>-1581853873</td>
<td>MultiThread1@13c10b87</td></tr>
<tr>
<td title='MultiThread1.setup()'><b>setup</b><br>Test class: MultiThread1</td>
<td></td>
<td>-1581853874</td>
<td>MultiThread1@13c10b87</td></tr>
<tr>
<td title='MultiThread1.setup()'><b>setup</b><br>Test class: MultiThread1</td>
<td></td>
<td>-1581853874</td>
<td>MultiThread1@13c10b87</td></tr>
<tr>
<td title='MultiThread1.setup()'><b>setup</b><br>Test class: MultiThread1</td>
<td></td>
<td>-1581853874</td>
<td>MultiThread1@13c10b87</td></tr>
<tr>
<td title='MultiThread1.setup()'><b>setup</b><br>Test class: MultiThread1</td>
<td></td>
<td>-1581853874</td>
<td>MultiThread1@13c10b87</td></tr>
<tr>
<td title='MultiThread1.setup()'><b>setup</b><br>Test class: MultiThread1</td>
<td></td>
<td>-1581853874</td>
<td>MultiThread1@13c10b87</td></tr>
<tr>
<td title='MultiThread1.setup()'><b>setup</b><br>Test class: MultiThread1</td>
<td></td>
<td>-1581853874</td>
<td>MultiThread1@13c10b87</td></tr>
<tr>
<td title='MultiThread1.setup()'><b>setup</b><br>Test class: MultiThread1</td>
<td></td>
<td>-1581853874</td>
<td>MultiThread1@13c10b87</td></tr>
<tr>
<td title='MultiThread1.tearDown()'><b>tearDown</b><br>Test class: MultiThread1</td>
<td></td>
<td>-1581853873</td>
<td>MultiThread1@13c10b87</td></tr>
<tr>
<td title='MultiThread1.tearDown()'><b>tearDown</b><br>Test class: MultiThread1</td>
<td></td>
<td>-1581853874</td>
<td>MultiThread1@13c10b87</td></tr>
<tr>
<td title='MultiThread1.tearDown()'><b>tearDown</b><br>Test class: MultiThread1</td>
<td></td>
<td>-1581853874</td>
<td>MultiThread1@13c10b87</td></tr>
<tr>
<td title='MultiThread1.tearDown()'><b>tearDown</b><br>Test class: MultiThread1</td>
<td></td>
<td>-1581853874</td>
<td>MultiThread1@13c10b87</td></tr>
<tr>
<td title='MultiThread1.tearDown()'><b>tearDown</b><br>Test class: MultiThread1</td>
<td></td>
<td>-1581853874</td>
<td>MultiThread1@13c10b87</td></tr>
<tr>
<td title='MultiThread1.tearDown()'><b>tearDown</b><br>Test class: MultiThread1</td>
<td></td>
<td>-1581853874</td>
<td>MultiThread1@13c10b87</td></tr>
<tr>
<td title='MultiThread1.tearDown()'><b>tearDown</b><br>Test class: MultiThread1</td>
<td></td>
<td>-1581853874</td>
<td>MultiThread1@13c10b87</td></tr>
<tr>
<td title='MultiThread1.tearDown()'><b>tearDown</b><br>Test class: MultiThread1</td>
<td></td>
<td>-1581853874</td>
<td>MultiThread1@13c10b87</td></tr>
<tr>
<td title='MultiThread1.tearDown()'><b>tearDown</b><br>Test class: MultiThread1</td>
<td></td>
<td>-1581853874</td>
<td>MultiThread1@13c10b87</td></tr>
</table><p>
<table width='100%' border='1' class='invocation-passed'>
<tr><td colspan='4' align='center'><b>PASSED TESTS</b></td></tr>
<tr><td><b>Test method</b></td>
<td width="30%"><b>Exception</b></td>
<td width="10%"><b>Time (seconds)</b></td>
<td><b>Instance</b></td>
</tr>
<tr>
<td title='MultiThread1.alaunchGuru()'><b>alaunchGuru</b><br>Test class: MultiThread1</td>
<td></td>
<td>35</td>
<td>MultiThread1@13c10b87</td></tr>
</table><p>
<table width='100%' border='1' class='invocation-skipped'>
<tr><td colspan='4' align='center'><b>SKIPPED TESTS</b></td></tr>
<tr><td><b>Test method</b></td>
<td width="30%"><b>Exception</b></td>
<td width="10%"><b>Time (seconds)</b></td>
<td><b>Instance</b></td>
</tr>
<tr>
<td title='MultiThread1.blaunchLinkedIn()'><b>blaunchLinkedIn</b><br>Test class: MultiThread1</td>
<td><div><pre>org.openqa.selenium.SessionNotCreatedException: session not created
from disconnected: received Inspector.detached event
  (Session info: chrome=79.0.3945.130)
Build info: version: &apos;3.141.59&apos;, revision: &apos;e82be7d358&apos;, time: &apos;2018-11-14T08:17:03&apos;
System info: host: &apos;DESKTOP-83JUM21&apos;, ip: &apos;192.168.42.10&apos;, os.name: &apos;Windows 10&apos;, os.arch: &apos;amd64&apos;, os.version: &apos;10.0&apos;, java.version: &apos;13.0.1&apos;
Driver info: driver.version: ChromeDriver
remote stacktrace: Backtrace:
	Ordinal0 [0x00BBA113+1548563]
	Ordinal0 [0x00B3DDA1+1039777]
	Ordinal0 [0x00ABE485+517253]
	Ordinal0 [0x00AB70CB+487627]
	Ordinal0 [0x00AB6CE9+486633]
	Ordinal0 [0x00AB65E8+484840]
	Ordinal0 [0x00AB5D33+482611]
	Ordinal0 [0x00AB5E75+482933]
	Ordinal0 [0x00AB59B5+481717]
	Ordinal0 [0x00ABD1E5+512485]
	Ordinal0 [0x00AB5968+481640]
	Ordinal0 [0x00AB628B+483979]
	Ordinal0 [0x00AB5D33+482611]
	Ordinal0 [0x00AB5E75+482933]
	Ordinal0 [0x00AB59B5+481717]
	Ordinal0 [0x00ABBB0E+506638]
	Ordinal0 [0x00AB5968+481640]
	Ordinal0 [0x00AB628B+483979]
	Ordinal0 [0x00AB5D33+482611]
	Ordinal0 [0x00AB5E75+482933]
	Ordinal0 [0x00AB59B5+481717]
	Ordinal0 [0x00ABA37C+500604]
	Ordinal0 [0x00AB5968+481640]
	Ordinal0 [0x00AB628B+483979]
	Ordinal0 [0x00AB5D33+482611]
	Ordinal0 [0x00AB5E75+482933]
	Ordinal0 [0x00AB59B5+481717]
	Ordinal0 [0x00AB9A17+498199]
	Ordinal0 [0x00AB5968+481640]
	Ordinal0 [0x00AB628B+483979]
	Ordinal0 [0x00AB5D33+482611]
	Ordinal0 [0x00AB5E75+482933]
	Ordinal0 [0x00AB59B5+481717]
	Ordinal0 [0x00AB256C+468332]
	Ordinal0 [0x00AB5968+481640]
	Ordinal0 [0x00AB5844+481348]
	Ordinal0 [0x00ABF0D0+520400]
	Ordinal0 [0x00A6C030+180272]
	Ordinal0 [0x00A6B59D+177565]
	Ordinal0 [0x00A695FB+169467]
	Ordinal0 [0x00A5160A+71178]
	Ordinal0 [0x00A52690+75408]
	Ordinal0 [0x00A52629+75305]
	Ordinal0 [0x00B571B7+1143223]
	GetHandleVerifier [0x00C52B46+507814]
	GetHandleVerifier [0x00C52864+507076]
	GetHandleVerifier [0x00C59F47+537511]
	GetHandleVerifier [0x00C53402+510050]
	Ordinal0 [0x00B4F29C+1110684]
	Ordinal0 [0x00B5938B+1151883]
	Ordinal0 [0x00B594F3+1152243]
	Ordinal0 [0x00B583F5+1147893]
	BaseThreadInitThunk [0x73958494+36]
	RtlAreBitsSet [0x770C41C8+136]
	RtlAreBitsSet [0x770C4198+88]

	at java.base/jdk.internal.reflect.NativeConstructorAccessorImpl.newInstance0(Native Method)
	at java.base/jdk.internal.reflect.NativeConstructorAccessorImpl.newInstance(NativeConstructorAccessorImpl.java:62)
	at java.base/jdk.internal.reflect.DelegatingConstructorAccessorImpl.newInstance(DelegatingConstructorAccessorImpl.java:45)
	at java.base/java.lang.reflect.Constructor.newInstanceWithCaller(Constructor.java:500)
	at java.base/java.lang.reflect.Constructor.newInstance(Constructor.java:481)
	at org.openqa.selenium.remote.W3CHandshakeResponse.lambda$errorHandler$0(W3CHandshakeResponse.java:62)
	at org.openqa.selenium.remote.HandshakeResponse.lambda$getResponseFunction$0(HandshakeResponse.java:30)
	at org.openqa.selenium.remote.ProtocolHandshake.lambda$createSession$0(ProtocolHandshake.java:126)
	at java.base/java.util.stream.ReferencePipeline$3$1.accept(ReferencePipeline.java:195)
	at java.base/java.util.Spliterators$ArraySpliterator.tryAdvance(Spliterators.java:958)
	at java.base/java.util.stream.ReferencePipeline.forEachWithCancel(ReferencePipeline.java:127)
	at java.base/java.util.stream.AbstractPipeline.copyIntoWithCancel(AbstractPipeline.java:502)
	at java.base/java.util.stream.AbstractPipeline.copyInto(AbstractPipeline.java:488)
	at java.base/java.util.stream.AbstractPipeline.wrapAndCopyInto(AbstractPipeline.java:474)
	at java.base/java.util.stream.FindOps$FindOp.evaluateSequential(FindOps.java:150)
	at java.base/java.util.stream.AbstractPipeline.evaluate(AbstractPipeline.java:234)
	at java.base/java.util.stream.ReferencePipeline.findFirst(ReferencePipeline.java:543)
	at org.openqa.selenium.remote.ProtocolHandshake.createSession(ProtocolHandshake.java:128)
	at org.openqa.selenium.remote.ProtocolHandshake.createSession(ProtocolHandshake.java:74)
	at org.openqa.selenium.remote.HttpCommandExecutor.execute(HttpCommandExecutor.java:136)
	at org.openqa.selenium.remote.service.DriverCommandExecutor.execute(DriverCommandExecutor.java:83)
	at org.openqa.selenium.remote.RemoteWebDriver.execute(RemoteWebDriver.java:552)
	at org.openqa.selenium.remote.RemoteWebDriver.startSession(RemoteWebDriver.java:213)
	at org.openqa.selenium.remote.RemoteWebDriver.&lt;init&gt;(RemoteWebDriver.java:131)
	at org.openqa.selenium.chrome.ChromeDriver.&lt;init&gt;(ChromeDriver.java:181)
	at org.openqa.selenium.chrome.ChromeDriver.&lt;init&gt;(ChromeDriver.java:168)
	at org.openqa.selenium.chrome.ChromeDriver.&lt;init&gt;(ChromeDriver.java:123)
	at MultiThread.setup(MultiThread.java:23)
	at java.base/jdk.internal.reflect.NativeMethodAccessorImpl.invoke0(Native Method)
	at java.base/jdk.internal.reflect.NativeMethodAccessorImpl.invoke(NativeMethodAccessorImpl.java:62)
	at java.base/jdk.internal.reflect.DelegatingMethodAccessorImpl.invoke(DelegatingMethodAccessorImpl.java:43)
	at java.base/java.lang.reflect.Method.invoke(Method.java:567)
	at org.testng.internal.MethodInvocationHelper.invokeMethod(MethodInvocationHelper.java:133)
	at org.testng.internal.MethodInvocationHelper.invokeMethodConsideringTimeout(MethodInvocationHelper.java:62)
	at org.testng.internal.ConfigInvoker.invokeConfigurationMethod(ConfigInvoker.java:340)
	at org.testng.internal.ConfigInvoker.invokeConfigurations(ConfigInvoker.java:294)
	at org.testng.internal.TestInvoker.runConfigMethods(TestInvoker.java:683)
	at org.testng.internal.TestInvoker.invokeMethod(TestInvoker.java:510)
	at org.testng.internal.TestInvoker.invokeTestMethod(TestInvoker.java:172)
	at org.testng.internal.MethodRunner.runInSequence(MethodRunner.java:46)
	at org.testng.internal.TestInvoker$MethodInvocationAgent.invoke(TestInvoker.java:804)
	at org.testng.internal.TestInvoker.invokeTestMethods(TestInvoker.java:145)
	at org.testng.internal.TestMethodWorker.invokeTestMethods(TestMethodWorker.java:146)
	at org.testng.internal.TestMethodWorker.run(TestMethodWorker.java:128)
	at java.base/java.util.ArrayList.forEach(ArrayList.java:1507)
	at org.testng.TestRunner.privateRun(TestRunner.java:770)
	at org.testng.TestRunner.run(TestRunner.java:591)
	at org.testng.SuiteRunner.runTest(SuiteRunner.java:402)
	at org.testng.SuiteRunner.runSequentially(SuiteRunner.java:396)
	at org.testng.SuiteRunner.privateRun(SuiteRunner.java:355)
	at org.testng.SuiteRunner.run(SuiteRunner.java:304)
	at org.testng.SuiteRunnerWorker.runSuite(SuiteRunnerWorker.java:53)
	at org.testng.SuiteRunnerWorker.run(SuiteRunnerWorker.java:96)
	at org.testng.TestNG.runSuitesSequentially(TestNG.java:1180)
	at org.testng.TestNG.runSuitesLocally(TestNG.java:1102)
	at org.testng.TestNG.runSuites(TestNG.java:1032)
	at org.testng.TestNG.run(TestNG.java:1000)
	at org.testng.remote.AbstractRemoteTestNG.run(AbstractRemoteTestNG.java:115)
	at org.testng.remote.RemoteTestNG.initAndRun(RemoteTestNG.java:251)
	at org.testng.remote.RemoteTestNG.main(RemoteTestNG.java:77)
</pre></div><a href='#' onClick='toggleBox("stack-trace106297322", this, "Click to show all stack frames", "Click to hide stack frames")'>Click to show all stack frames</a>
<div class='stack-trace' id='stack-trace106297322'><pre>org.openqa.selenium.SessionNotCreatedException: session not created
from disconnected: received Inspector.detached event
  (Session info: chrome=79.0.3945.130)
Build info: version: &apos;3.141.59&apos;, revision: &apos;e82be7d358&apos;, time: &apos;2018-11-14T08:17:03&apos;
System info: host: &apos;DESKTOP-83JUM21&apos;, ip: &apos;192.168.42.10&apos;, os.name: &apos;Windows 10&apos;, os.arch: &apos;amd64&apos;, os.version: &apos;10.0&apos;, java.version: &apos;13.0.1&apos;
Driver info: driver.version: ChromeDriver
remote stacktrace: Backtrace:
	Ordinal0 [0x00BBA113+1548563]
	Ordinal0 [0x00B3DDA1+1039777]
	Ordinal0 [0x00ABE485+517253]
	Ordinal0 [0x00AB70CB+487627]
	Ordinal0 [0x00AB6CE9+486633]
	Ordinal0 [0x00AB65E8+484840]
	Ordinal0 [0x00AB5D33+482611]
	Ordinal0 [0x00AB5E75+482933]
	Ordinal0 [0x00AB59B5+481717]
	Ordinal0 [0x00ABD1E5+512485]
	Ordinal0 [0x00AB5968+481640]
	Ordinal0 [0x00AB628B+483979]
	Ordinal0 [0x00AB5D33+482611]
	Ordinal0 [0x00AB5E75+482933]
	Ordinal0 [0x00AB59B5+481717]
	Ordinal0 [0x00ABBB0E+506638]
	Ordinal0 [0x00AB5968+481640]
	Ordinal0 [0x00AB628B+483979]
	Ordinal0 [0x00AB5D33+482611]
	Ordinal0 [0x00AB5E75+482933]
	Ordinal0 [0x00AB59B5+481717]
	Ordinal0 [0x00ABA37C+500604]
	Ordinal0 [0x00AB5968+481640]
	Ordinal0 [0x00AB628B+483979]
	Ordinal0 [0x00AB5D33+482611]
	Ordinal0 [0x00AB5E75+482933]
	Ordinal0 [0x00AB59B5+481717]
	Ordinal0 [0x00AB9A17+498199]
	Ordinal0 [0x00AB5968+481640]
	Ordinal0 [0x00AB628B+483979]
	Ordinal0 [0x00AB5D33+482611]
	Ordinal0 [0x00AB5E75+482933]
	Ordinal0 [0x00AB59B5+481717]
	Ordinal0 [0x00AB256C+468332]
	Ordinal0 [0x00AB5968+481640]
	Ordinal0 [0x00AB5844+481348]
	Ordinal0 [0x00ABF0D0+520400]
	Ordinal0 [0x00A6C030+180272]
	Ordinal0 [0x00A6B59D+177565]
	Ordinal0 [0x00A695FB+169467]
	Ordinal0 [0x00A5160A+71178]
	Ordinal0 [0x00A52690+75408]
	Ordinal0 [0x00A52629+75305]
	Ordinal0 [0x00B571B7+1143223]
	GetHandleVerifier [0x00C52B46+507814]
	GetHandleVerifier [0x00C52864+507076]
	GetHandleVerifier [0x00C59F47+537511]
	GetHandleVerifier [0x00C53402+510050]
	Ordinal0 [0x00B4F29C+1110684]
	Ordinal0 [0x00B5938B+1151883]
	Ordinal0 [0x00B594F3+1152243]
	Ordinal0 [0x00B583F5+1147893]
	BaseThreadInitThunk [0x73958494+36]
	RtlAreBitsSet [0x770C41C8+136]
	RtlAreBitsSet [0x770C4198+88]

	at java.base/jdk.internal.reflect.NativeConstructorAccessorImpl.newInstance0(Native Method)
	at java.base/jdk.internal.reflect.NativeConstructorAccessorImpl.newInstance(NativeConstructorAccessorImpl.java:62)
	at java.base/jdk.internal.reflect.DelegatingConstructorAccessorImpl.newInstance(DelegatingConstructorAccessorImpl.java:45)
	at java.base/java.lang.reflect.Constructor.newInstanceWithCaller(Constructor.java:500)
	at java.base/java.lang.reflect.Constructor.newInstance(Constructor.java:481)
	at org.openqa.selenium.remote.W3CHandshakeResponse.lambda$errorHandler$0(W3CHandshakeResponse.java:62)
	at org.openqa.selenium.remote.HandshakeResponse.lambda$getResponseFunction$0(HandshakeResponse.java:30)
	at org.openqa.selenium.remote.ProtocolHandshake.lambda$createSession$0(ProtocolHandshake.java:126)
	at java.base/java.util.stream.ReferencePipeline$3$1.accept(ReferencePipeline.java:195)
	at java.base/java.util.Spliterators$ArraySpliterator.tryAdvance(Spliterators.java:958)
	at java.base/java.util.stream.ReferencePipeline.forEachWithCancel(ReferencePipeline.java:127)
	at java.base/java.util.stream.AbstractPipeline.copyIntoWithCancel(AbstractPipeline.java:502)
	at java.base/java.util.stream.AbstractPipeline.copyInto(AbstractPipeline.java:488)
	at java.base/java.util.stream.AbstractPipeline.wrapAndCopyInto(AbstractPipeline.java:474)
	at java.base/java.util.stream.FindOps$FindOp.evaluateSequential(FindOps.java:150)
	at java.base/java.util.stream.AbstractPipeline.evaluate(AbstractPipeline.java:234)
	at java.base/java.util.stream.ReferencePipeline.findFirst(ReferencePipeline.java:543)
	at org.openqa.selenium.remote.ProtocolHandshake.createSession(ProtocolHandshake.java:128)
	at org.openqa.selenium.remote.ProtocolHandshake.createSession(ProtocolHandshake.java:74)
	at org.openqa.selenium.remote.HttpCommandExecutor.execute(HttpCommandExecutor.java:136)
	at org.openqa.selenium.remote.service.DriverCommandExecutor.execute(DriverCommandExecutor.java:83)
	at org.openqa.selenium.remote.RemoteWebDriver.execute(RemoteWebDriver.java:552)
	at org.openqa.selenium.remote.RemoteWebDriver.startSession(RemoteWebDriver.java:213)
	at org.openqa.selenium.remote.RemoteWebDriver.&lt;init&gt;(RemoteWebDriver.java:131)
	at org.openqa.selenium.chrome.ChromeDriver.&lt;init&gt;(ChromeDriver.java:181)
	at org.openqa.selenium.chrome.ChromeDriver.&lt;init&gt;(ChromeDriver.java:168)
	at org.openqa.selenium.chrome.ChromeDriver.&lt;init&gt;(ChromeDriver.java:123)
	at MultiThread.setup(MultiThread.java:23)
	at java.base/jdk.internal.reflect.NativeMethodAccessorImpl.invoke0(Native Method)
	at java.base/jdk.internal.reflect.NativeMethodAccessorImpl.invoke(NativeMethodAccessorImpl.java:62)
	at java.base/jdk.internal.reflect.DelegatingMethodAccessorImpl.invoke(DelegatingMethodAccessorImpl.java:43)
	at java.base/java.lang.reflect.Method.invoke(Method.java:567)
	at org.testng.internal.MethodInvocationHelper.invokeMethod(MethodInvocationHelper.java:133)
	at org.testng.internal.MethodInvocationHelper.invokeMethodConsideringTimeout(MethodInvocationHelper.java:62)
	at org.testng.internal.ConfigInvoker.invokeConfigurationMethod(ConfigInvoker.java:340)
	at org.testng.internal.ConfigInvoker.invokeConfigurations(ConfigInvoker.java:294)
	at org.testng.internal.TestInvoker.runConfigMethods(TestInvoker.java:683)
	at org.testng.internal.TestInvoker.invokeMethod(TestInvoker.java:510)
	at org.testng.internal.TestInvoker.invokeTestMethod(TestInvoker.java:172)
	at org.testng.internal.MethodRunner.runInSequence(MethodRunner.java:46)
	at org.testng.internal.TestInvoker$MethodInvocationAgent.invoke(TestInvoker.java:804)
	at org.testng.internal.TestInvoker.invokeTestMethods(TestInvoker.java:145)
	at org.testng.internal.TestMethodWorker.invokeTestMethods(TestMethodWorker.java:146)
	at org.testng.internal.TestMethodWorker.run(TestMethodWorker.java:128)
	at java.base/java.util.ArrayList.forEach(ArrayList.java:1507)
	at org.testng.TestRunner.privateRun(TestRunner.java:770)
	at org.testng.TestRunner.run(TestRunner.java:591)
	at org.testng.SuiteRunner.runTest(SuiteRunner.java:402)
	at org.testng.SuiteRunner.runSequentially(SuiteRunner.java:396)
	at org.testng.SuiteRunner.privateRun(SuiteRunner.java:355)
	at org.testng.SuiteRunner.run(SuiteRunner.java:304)
	at org.testng.SuiteRunnerWorker.runSuite(SuiteRunnerWorker.java:53)
	at org.testng.SuiteRunnerWorker.run(SuiteRunnerWorker.java:96)
	at org.testng.TestNG.runSuitesSequentially(TestNG.java:1180)
	at org.testng.TestNG.runSuitesLocally(TestNG.java:1102)
	at org.testng.TestNG.runSuites(TestNG.java:1032)
	at org.testng.TestNG.run(TestNG.java:1000)
	at org.testng.remote.AbstractRemoteTestNG.run(AbstractRemoteTestNG.java:115)
	at org.testng.remote.RemoteTestNG.initAndRun(RemoteTestNG.java:251)
	at org.testng.remote.RemoteTestNG.main(RemoteTestNG.java:77)
</pre></div></td>
<td>0</td>
<td>MultiThread1@13c10b87</td></tr>
<tr>
<td title='MultiThread1.claunchFB()'><b>claunchFB</b><br>Test class: MultiThread1</td>
<td><div><pre>org.openqa.selenium.SessionNotCreatedException: session not created
from disconnected: received Inspector.detached event
  (Session info: chrome=79.0.3945.130)
Build info: version: &apos;3.141.59&apos;, revision: &apos;e82be7d358&apos;, time: &apos;2018-11-14T08:17:03&apos;
System info: host: &apos;DESKTOP-83JUM21&apos;, ip: &apos;192.168.42.10&apos;, os.name: &apos;Windows 10&apos;, os.arch: &apos;amd64&apos;, os.version: &apos;10.0&apos;, java.version: &apos;13.0.1&apos;
Driver info: driver.version: ChromeDriver
remote stacktrace: Backtrace:
	Ordinal0 [0x00BBA113+1548563]
	Ordinal0 [0x00B3DDA1+1039777]
	Ordinal0 [0x00ABE485+517253]
	Ordinal0 [0x00AB70CB+487627]
	Ordinal0 [0x00AB6CE9+486633]
	Ordinal0 [0x00AB65E8+484840]
	Ordinal0 [0x00AB5D33+482611]
	Ordinal0 [0x00AB5E75+482933]
	Ordinal0 [0x00AB59B5+481717]
	Ordinal0 [0x00ABD1E5+512485]
	Ordinal0 [0x00AB5968+481640]
	Ordinal0 [0x00AB628B+483979]
	Ordinal0 [0x00AB5D33+482611]
	Ordinal0 [0x00AB5E75+482933]
	Ordinal0 [0x00AB59B5+481717]
	Ordinal0 [0x00ABBB0E+506638]
	Ordinal0 [0x00AB5968+481640]
	Ordinal0 [0x00AB628B+483979]
	Ordinal0 [0x00AB5D33+482611]
	Ordinal0 [0x00AB5E75+482933]
	Ordinal0 [0x00AB59B5+481717]
	Ordinal0 [0x00ABA37C+500604]
	Ordinal0 [0x00AB5968+481640]
	Ordinal0 [0x00AB628B+483979]
	Ordinal0 [0x00AB5D33+482611]
	Ordinal0 [0x00AB5E75+482933]
	Ordinal0 [0x00AB59B5+481717]
	Ordinal0 [0x00AB9A17+498199]
	Ordinal0 [0x00AB5968+481640]
	Ordinal0 [0x00AB628B+483979]
	Ordinal0 [0x00AB5D33+482611]
	Ordinal0 [0x00AB5E75+482933]
	Ordinal0 [0x00AB59B5+481717]
	Ordinal0 [0x00AB256C+468332]
	Ordinal0 [0x00AB5968+481640]
	Ordinal0 [0x00AB5844+481348]
	Ordinal0 [0x00ABF0D0+520400]
	Ordinal0 [0x00A6C030+180272]
	Ordinal0 [0x00A6B59D+177565]
	Ordinal0 [0x00A695FB+169467]
	Ordinal0 [0x00A5160A+71178]
	Ordinal0 [0x00A52690+75408]
	Ordinal0 [0x00A52629+75305]
	Ordinal0 [0x00B571B7+1143223]
	GetHandleVerifier [0x00C52B46+507814]
	GetHandleVerifier [0x00C52864+507076]
	GetHandleVerifier [0x00C59F47+537511]
	GetHandleVerifier [0x00C53402+510050]
	Ordinal0 [0x00B4F29C+1110684]
	Ordinal0 [0x00B5938B+1151883]
	Ordinal0 [0x00B594F3+1152243]
	Ordinal0 [0x00B583F5+1147893]
	BaseThreadInitThunk [0x73958494+36]
	RtlAreBitsSet [0x770C41C8+136]
	RtlAreBitsSet [0x770C4198+88]

	at java.base/jdk.internal.reflect.NativeConstructorAccessorImpl.newInstance0(Native Method)
	at java.base/jdk.internal.reflect.NativeConstructorAccessorImpl.newInstance(NativeConstructorAccessorImpl.java:62)
	at java.base/jdk.internal.reflect.DelegatingConstructorAccessorImpl.newInstance(DelegatingConstructorAccessorImpl.java:45)
	at java.base/java.lang.reflect.Constructor.newInstanceWithCaller(Constructor.java:500)
	at java.base/java.lang.reflect.Constructor.newInstance(Constructor.java:481)
	at org.openqa.selenium.remote.W3CHandshakeResponse.lambda$errorHandler$0(W3CHandshakeResponse.java:62)
	at org.openqa.selenium.remote.HandshakeResponse.lambda$getResponseFunction$0(HandshakeResponse.java:30)
	at org.openqa.selenium.remote.ProtocolHandshake.lambda$createSession$0(ProtocolHandshake.java:126)
	at java.base/java.util.stream.ReferencePipeline$3$1.accept(ReferencePipeline.java:195)
	at java.base/java.util.Spliterators$ArraySpliterator.tryAdvance(Spliterators.java:958)
	at java.base/java.util.stream.ReferencePipeline.forEachWithCancel(ReferencePipeline.java:127)
	at java.base/java.util.stream.AbstractPipeline.copyIntoWithCancel(AbstractPipeline.java:502)
	at java.base/java.util.stream.AbstractPipeline.copyInto(AbstractPipeline.java:488)
	at java.base/java.util.stream.AbstractPipeline.wrapAndCopyInto(AbstractPipeline.java:474)
	at java.base/java.util.stream.FindOps$FindOp.evaluateSequential(FindOps.java:150)
	at java.base/java.util.stream.AbstractPipeline.evaluate(AbstractPipeline.java:234)
	at java.base/java.util.stream.ReferencePipeline.findFirst(ReferencePipeline.java:543)
	at org.openqa.selenium.remote.ProtocolHandshake.createSession(ProtocolHandshake.java:128)
	at org.openqa.selenium.remote.ProtocolHandshake.createSession(ProtocolHandshake.java:74)
	at org.openqa.selenium.remote.HttpCommandExecutor.execute(HttpCommandExecutor.java:136)
	at org.openqa.selenium.remote.service.DriverCommandExecutor.execute(DriverCommandExecutor.java:83)
	at org.openqa.selenium.remote.RemoteWebDriver.execute(RemoteWebDriver.java:552)
	at org.openqa.selenium.remote.RemoteWebDriver.startSession(RemoteWebDriver.java:213)
	at org.openqa.selenium.remote.RemoteWebDriver.&lt;init&gt;(RemoteWebDriver.java:131)
	at org.openqa.selenium.chrome.ChromeDriver.&lt;init&gt;(ChromeDriver.java:181)
	at org.openqa.selenium.chrome.ChromeDriver.&lt;init&gt;(ChromeDriver.java:168)
	at org.openqa.selenium.chrome.ChromeDriver.&lt;init&gt;(ChromeDriver.java:123)
	at MultiThread.setup(MultiThread.java:23)
	at java.base/jdk.internal.reflect.NativeMethodAccessorImpl.invoke0(Native Method)
	at java.base/jdk.internal.reflect.NativeMethodAccessorImpl.invoke(NativeMethodAccessorImpl.java:62)
	at java.base/jdk.internal.reflect.DelegatingMethodAccessorImpl.invoke(DelegatingMethodAccessorImpl.java:43)
	at java.base/java.lang.reflect.Method.invoke(Method.java:567)
	at org.testng.internal.MethodInvocationHelper.invokeMethod(MethodInvocationHelper.java:133)
	at org.testng.internal.MethodInvocationHelper.invokeMethodConsideringTimeout(MethodInvocationHelper.java:62)
	at org.testng.internal.ConfigInvoker.invokeConfigurationMethod(ConfigInvoker.java:340)
	at org.testng.internal.ConfigInvoker.invokeConfigurations(ConfigInvoker.java:294)
	at org.testng.internal.TestInvoker.runConfigMethods(TestInvoker.java:683)
	at org.testng.internal.TestInvoker.invokeMethod(TestInvoker.java:510)
	at org.testng.internal.TestInvoker.invokeTestMethod(TestInvoker.java:172)
	at org.testng.internal.MethodRunner.runInSequence(MethodRunner.java:46)
	at org.testng.internal.TestInvoker$MethodInvocationAgent.invoke(TestInvoker.java:804)
	at org.testng.internal.TestInvoker.invokeTestMethods(TestInvoker.java:145)
	at org.testng.internal.TestMethodWorker.invokeTestMethods(TestMethodWorker.java:146)
	at org.testng.internal.TestMethodWorker.run(TestMethodWorker.java:128)
	at java.base/java.util.ArrayList.forEach(ArrayList.java:1507)
	at org.testng.TestRunner.privateRun(TestRunner.java:770)
	at org.testng.TestRunner.run(TestRunner.java:591)
	at org.testng.SuiteRunner.runTest(SuiteRunner.java:402)
	at org.testng.SuiteRunner.runSequentially(SuiteRunner.java:396)
	at org.testng.SuiteRunner.privateRun(SuiteRunner.java:355)
	at org.testng.SuiteRunner.run(SuiteRunner.java:304)
	at org.testng.SuiteRunnerWorker.runSuite(SuiteRunnerWorker.java:53)
	at org.testng.SuiteRunnerWorker.run(SuiteRunnerWorker.java:96)
	at org.testng.TestNG.runSuitesSequentially(TestNG.java:1180)
	at org.testng.TestNG.runSuitesLocally(TestNG.java:1102)
	at org.testng.TestNG.runSuites(TestNG.java:1032)
	at org.testng.TestNG.run(TestNG.java:1000)
	at org.testng.remote.AbstractRemoteTestNG.run(AbstractRemoteTestNG.java:115)
	at org.testng.remote.RemoteTestNG.initAndRun(RemoteTestNG.java:251)
	at org.testng.remote.RemoteTestNG.main(RemoteTestNG.java:77)
</pre></div><a href='#' onClick='toggleBox("stack-trace396918327", this, "Click to show all stack frames", "Click to hide stack frames")'>Click to show all stack frames</a>
<div class='stack-trace' id='stack-trace396918327'><pre>org.openqa.selenium.SessionNotCreatedException: session not created
from disconnected: received Inspector.detached event
  (Session info: chrome=79.0.3945.130)
Build info: version: &apos;3.141.59&apos;, revision: &apos;e82be7d358&apos;, time: &apos;2018-11-14T08:17:03&apos;
System info: host: &apos;DESKTOP-83JUM21&apos;, ip: &apos;192.168.42.10&apos;, os.name: &apos;Windows 10&apos;, os.arch: &apos;amd64&apos;, os.version: &apos;10.0&apos;, java.version: &apos;13.0.1&apos;
Driver info: driver.version: ChromeDriver
remote stacktrace: Backtrace:
	Ordinal0 [0x00BBA113+1548563]
	Ordinal0 [0x00B3DDA1+1039777]
	Ordinal0 [0x00ABE485+517253]
	Ordinal0 [0x00AB70CB+487627]
	Ordinal0 [0x00AB6CE9+486633]
	Ordinal0 [0x00AB65E8+484840]
	Ordinal0 [0x00AB5D33+482611]
	Ordinal0 [0x00AB5E75+482933]
	Ordinal0 [0x00AB59B5+481717]
	Ordinal0 [0x00ABD1E5+512485]
	Ordinal0 [0x00AB5968+481640]
	Ordinal0 [0x00AB628B+483979]
	Ordinal0 [0x00AB5D33+482611]
	Ordinal0 [0x00AB5E75+482933]
	Ordinal0 [0x00AB59B5+481717]
	Ordinal0 [0x00ABBB0E+506638]
	Ordinal0 [0x00AB5968+481640]
	Ordinal0 [0x00AB628B+483979]
	Ordinal0 [0x00AB5D33+482611]
	Ordinal0 [0x00AB5E75+482933]
	Ordinal0 [0x00AB59B5+481717]
	Ordinal0 [0x00ABA37C+500604]
	Ordinal0 [0x00AB5968+481640]
	Ordinal0 [0x00AB628B+483979]
	Ordinal0 [0x00AB5D33+482611]
	Ordinal0 [0x00AB5E75+482933]
	Ordinal0 [0x00AB59B5+481717]
	Ordinal0 [0x00AB9A17+498199]
	Ordinal0 [0x00AB5968+481640]
	Ordinal0 [0x00AB628B+483979]
	Ordinal0 [0x00AB5D33+482611]
	Ordinal0 [0x00AB5E75+482933]
	Ordinal0 [0x00AB59B5+481717]
	Ordinal0 [0x00AB256C+468332]
	Ordinal0 [0x00AB5968+481640]
	Ordinal0 [0x00AB5844+481348]
	Ordinal0 [0x00ABF0D0+520400]
	Ordinal0 [0x00A6C030+180272]
	Ordinal0 [0x00A6B59D+177565]
	Ordinal0 [0x00A695FB+169467]
	Ordinal0 [0x00A5160A+71178]
	Ordinal0 [0x00A52690+75408]
	Ordinal0 [0x00A52629+75305]
	Ordinal0 [0x00B571B7+1143223]
	GetHandleVerifier [0x00C52B46+507814]
	GetHandleVerifier [0x00C52864+507076]
	GetHandleVerifier [0x00C59F47+537511]
	GetHandleVerifier [0x00C53402+510050]
	Ordinal0 [0x00B4F29C+1110684]
	Ordinal0 [0x00B5938B+1151883]
	Ordinal0 [0x00B594F3+1152243]
	Ordinal0 [0x00B583F5+1147893]
	BaseThreadInitThunk [0x73958494+36]
	RtlAreBitsSet [0x770C41C8+136]
	RtlAreBitsSet [0x770C4198+88]

	at java.base/jdk.internal.reflect.NativeConstructorAccessorImpl.newInstance0(Native Method)
	at java.base/jdk.internal.reflect.NativeConstructorAccessorImpl.newInstance(NativeConstructorAccessorImpl.java:62)
	at java.base/jdk.internal.reflect.DelegatingConstructorAccessorImpl.newInstance(DelegatingConstructorAccessorImpl.java:45)
	at java.base/java.lang.reflect.Constructor.newInstanceWithCaller(Constructor.java:500)
	at java.base/java.lang.reflect.Constructor.newInstance(Constructor.java:481)
	at org.openqa.selenium.remote.W3CHandshakeResponse.lambda$errorHandler$0(W3CHandshakeResponse.java:62)
	at org.openqa.selenium.remote.HandshakeResponse.lambda$getResponseFunction$0(HandshakeResponse.java:30)
	at org.openqa.selenium.remote.ProtocolHandshake.lambda$createSession$0(ProtocolHandshake.java:126)
	at java.base/java.util.stream.ReferencePipeline$3$1.accept(ReferencePipeline.java:195)
	at java.base/java.util.Spliterators$ArraySpliterator.tryAdvance(Spliterators.java:958)
	at java.base/java.util.stream.ReferencePipeline.forEachWithCancel(ReferencePipeline.java:127)
	at java.base/java.util.stream.AbstractPipeline.copyIntoWithCancel(AbstractPipeline.java:502)
	at java.base/java.util.stream.AbstractPipeline.copyInto(AbstractPipeline.java:488)
	at java.base/java.util.stream.AbstractPipeline.wrapAndCopyInto(AbstractPipeline.java:474)
	at java.base/java.util.stream.FindOps$FindOp.evaluateSequential(FindOps.java:150)
	at java.base/java.util.stream.AbstractPipeline.evaluate(AbstractPipeline.java:234)
	at java.base/java.util.stream.ReferencePipeline.findFirst(ReferencePipeline.java:543)
	at org.openqa.selenium.remote.ProtocolHandshake.createSession(ProtocolHandshake.java:128)
	at org.openqa.selenium.remote.ProtocolHandshake.createSession(ProtocolHandshake.java:74)
	at org.openqa.selenium.remote.HttpCommandExecutor.execute(HttpCommandExecutor.java:136)
	at org.openqa.selenium.remote.service.DriverCommandExecutor.execute(DriverCommandExecutor.java:83)
	at org.openqa.selenium.remote.RemoteWebDriver.execute(RemoteWebDriver.java:552)
	at org.openqa.selenium.remote.RemoteWebDriver.startSession(RemoteWebDriver.java:213)
	at org.openqa.selenium.remote.RemoteWebDriver.&lt;init&gt;(RemoteWebDriver.java:131)
	at org.openqa.selenium.chrome.ChromeDriver.&lt;init&gt;(ChromeDriver.java:181)
	at org.openqa.selenium.chrome.ChromeDriver.&lt;init&gt;(ChromeDriver.java:168)
	at org.openqa.selenium.chrome.ChromeDriver.&lt;init&gt;(ChromeDriver.java:123)
	at MultiThread.setup(MultiThread.java:23)
	at java.base/jdk.internal.reflect.NativeMethodAccessorImpl.invoke0(Native Method)
	at java.base/jdk.internal.reflect.NativeMethodAccessorImpl.invoke(NativeMethodAccessorImpl.java:62)
	at java.base/jdk.internal.reflect.DelegatingMethodAccessorImpl.invoke(DelegatingMethodAccessorImpl.java:43)
	at java.base/java.lang.reflect.Method.invoke(Method.java:567)
	at org.testng.internal.MethodInvocationHelper.invokeMethod(MethodInvocationHelper.java:133)
	at org.testng.internal.MethodInvocationHelper.invokeMethodConsideringTimeout(MethodInvocationHelper.java:62)
	at org.testng.internal.ConfigInvoker.invokeConfigurationMethod(ConfigInvoker.java:340)
	at org.testng.internal.ConfigInvoker.invokeConfigurations(ConfigInvoker.java:294)
	at org.testng.internal.TestInvoker.runConfigMethods(TestInvoker.java:683)
	at org.testng.internal.TestInvoker.invokeMethod(TestInvoker.java:510)
	at org.testng.internal.TestInvoker.invokeTestMethod(TestInvoker.java:172)
	at org.testng.internal.MethodRunner.runInSequence(MethodRunner.java:46)
	at org.testng.internal.TestInvoker$MethodInvocationAgent.invoke(TestInvoker.java:804)
	at org.testng.internal.TestInvoker.invokeTestMethods(TestInvoker.java:145)
	at org.testng.internal.TestMethodWorker.invokeTestMethods(TestMethodWorker.java:146)
	at org.testng.internal.TestMethodWorker.run(TestMethodWorker.java:128)
	at java.base/java.util.ArrayList.forEach(ArrayList.java:1507)
	at org.testng.TestRunner.privateRun(TestRunner.java:770)
	at org.testng.TestRunner.run(TestRunner.java:591)
	at org.testng.SuiteRunner.runTest(SuiteRunner.java:402)
	at org.testng.SuiteRunner.runSequentially(SuiteRunner.java:396)
	at org.testng.SuiteRunner.privateRun(SuiteRunner.java:355)
	at org.testng.SuiteRunner.run(SuiteRunner.java:304)
	at org.testng.SuiteRunnerWorker.runSuite(SuiteRunnerWorker.java:53)
	at org.testng.SuiteRunnerWorker.run(SuiteRunnerWorker.java:96)
	at org.testng.TestNG.runSuitesSequentially(TestNG.java:1180)
	at org.testng.TestNG.runSuitesLocally(TestNG.java:1102)
	at org.testng.TestNG.runSuites(TestNG.java:1032)
	at org.testng.TestNG.run(TestNG.java:1000)
	at org.testng.remote.AbstractRemoteTestNG.run(AbstractRemoteTestNG.java:115)
	at org.testng.remote.RemoteTestNG.initAndRun(RemoteTestNG.java:251)
	at org.testng.remote.RemoteTestNG.main(RemoteTestNG.java:77)
</pre></div></td>
<td>0</td>
<td>MultiThread1@13c10b87</td></tr>
<tr>
<td title='MultiThread1.claunchFB3()'><b>claunchFB3</b><br>Test class: MultiThread1</td>
<td><div><pre>org.openqa.selenium.SessionNotCreatedException: session not created
from disconnected: received Inspector.detached event
  (Session info: chrome=79.0.3945.130)
Build info: version: &apos;3.141.59&apos;, revision: &apos;e82be7d358&apos;, time: &apos;2018-11-14T08:17:03&apos;
System info: host: &apos;DESKTOP-83JUM21&apos;, ip: &apos;192.168.42.10&apos;, os.name: &apos;Windows 10&apos;, os.arch: &apos;amd64&apos;, os.version: &apos;10.0&apos;, java.version: &apos;13.0.1&apos;
Driver info: driver.version: ChromeDriver
remote stacktrace: Backtrace:
	Ordinal0 [0x00BBA113+1548563]
	Ordinal0 [0x00B3DDA1+1039777]
	Ordinal0 [0x00ABE485+517253]
	Ordinal0 [0x00AB70CB+487627]
	Ordinal0 [0x00AB6CE9+486633]
	Ordinal0 [0x00AB65E8+484840]
	Ordinal0 [0x00AB5D33+482611]
	Ordinal0 [0x00AB5E75+482933]
	Ordinal0 [0x00AB59B5+481717]
	Ordinal0 [0x00ABD1E5+512485]
	Ordinal0 [0x00AB5968+481640]
	Ordinal0 [0x00AB628B+483979]
	Ordinal0 [0x00AB5D33+482611]
	Ordinal0 [0x00AB5E75+482933]
	Ordinal0 [0x00AB59B5+481717]
	Ordinal0 [0x00ABBB0E+506638]
	Ordinal0 [0x00AB5968+481640]
	Ordinal0 [0x00AB628B+483979]
	Ordinal0 [0x00AB5D33+482611]
	Ordinal0 [0x00AB5E75+482933]
	Ordinal0 [0x00AB59B5+481717]
	Ordinal0 [0x00ABA37C+500604]
	Ordinal0 [0x00AB5968+481640]
	Ordinal0 [0x00AB628B+483979]
	Ordinal0 [0x00AB5D33+482611]
	Ordinal0 [0x00AB5E75+482933]
	Ordinal0 [0x00AB59B5+481717]
	Ordinal0 [0x00AB9A17+498199]
	Ordinal0 [0x00AB5968+481640]
	Ordinal0 [0x00AB628B+483979]
	Ordinal0 [0x00AB5D33+482611]
	Ordinal0 [0x00AB5E75+482933]
	Ordinal0 [0x00AB59B5+481717]
	Ordinal0 [0x00AB256C+468332]
	Ordinal0 [0x00AB5968+481640]
	Ordinal0 [0x00AB5844+481348]
	Ordinal0 [0x00ABF0D0+520400]
	Ordinal0 [0x00A6C030+180272]
	Ordinal0 [0x00A6B59D+177565]
	Ordinal0 [0x00A695FB+169467]
	Ordinal0 [0x00A5160A+71178]
	Ordinal0 [0x00A52690+75408]
	Ordinal0 [0x00A52629+75305]
	Ordinal0 [0x00B571B7+1143223]
	GetHandleVerifier [0x00C52B46+507814]
	GetHandleVerifier [0x00C52864+507076]
	GetHandleVerifier [0x00C59F47+537511]
	GetHandleVerifier [0x00C53402+510050]
	Ordinal0 [0x00B4F29C+1110684]
	Ordinal0 [0x00B5938B+1151883]
	Ordinal0 [0x00B594F3+1152243]
	Ordinal0 [0x00B583F5+1147893]
	BaseThreadInitThunk [0x73958494+36]
	RtlAreBitsSet [0x770C41C8+136]
	RtlAreBitsSet [0x770C4198+88]

	at java.base/jdk.internal.reflect.NativeConstructorAccessorImpl.newInstance0(Native Method)
	at java.base/jdk.internal.reflect.NativeConstructorAccessorImpl.newInstance(NativeConstructorAccessorImpl.java:62)
	at java.base/jdk.internal.reflect.DelegatingConstructorAccessorImpl.newInstance(DelegatingConstructorAccessorImpl.java:45)
	at java.base/java.lang.reflect.Constructor.newInstanceWithCaller(Constructor.java:500)
	at java.base/java.lang.reflect.Constructor.newInstance(Constructor.java:481)
	at org.openqa.selenium.remote.W3CHandshakeResponse.lambda$errorHandler$0(W3CHandshakeResponse.java:62)
	at org.openqa.selenium.remote.HandshakeResponse.lambda$getResponseFunction$0(HandshakeResponse.java:30)
	at org.openqa.selenium.remote.ProtocolHandshake.lambda$createSession$0(ProtocolHandshake.java:126)
	at java.base/java.util.stream.ReferencePipeline$3$1.accept(ReferencePipeline.java:195)
	at java.base/java.util.Spliterators$ArraySpliterator.tryAdvance(Spliterators.java:958)
	at java.base/java.util.stream.ReferencePipeline.forEachWithCancel(ReferencePipeline.java:127)
	at java.base/java.util.stream.AbstractPipeline.copyIntoWithCancel(AbstractPipeline.java:502)
	at java.base/java.util.stream.AbstractPipeline.copyInto(AbstractPipeline.java:488)
	at java.base/java.util.stream.AbstractPipeline.wrapAndCopyInto(AbstractPipeline.java:474)
	at java.base/java.util.stream.FindOps$FindOp.evaluateSequential(FindOps.java:150)
	at java.base/java.util.stream.AbstractPipeline.evaluate(AbstractPipeline.java:234)
	at java.base/java.util.stream.ReferencePipeline.findFirst(ReferencePipeline.java:543)
	at org.openqa.selenium.remote.ProtocolHandshake.createSession(ProtocolHandshake.java:128)
	at org.openqa.selenium.remote.ProtocolHandshake.createSession(ProtocolHandshake.java:74)
	at org.openqa.selenium.remote.HttpCommandExecutor.execute(HttpCommandExecutor.java:136)
	at org.openqa.selenium.remote.service.DriverCommandExecutor.execute(DriverCommandExecutor.java:83)
	at org.openqa.selenium.remote.RemoteWebDriver.execute(RemoteWebDriver.java:552)
	at org.openqa.selenium.remote.RemoteWebDriver.startSession(RemoteWebDriver.java:213)
	at org.openqa.selenium.remote.RemoteWebDriver.&lt;init&gt;(RemoteWebDriver.java:131)
	at org.openqa.selenium.chrome.ChromeDriver.&lt;init&gt;(ChromeDriver.java:181)
	at org.openqa.selenium.chrome.ChromeDriver.&lt;init&gt;(ChromeDriver.java:168)
	at org.openqa.selenium.chrome.ChromeDriver.&lt;init&gt;(ChromeDriver.java:123)
	at MultiThread.setup(MultiThread.java:23)
	at java.base/jdk.internal.reflect.NativeMethodAccessorImpl.invoke0(Native Method)
	at java.base/jdk.internal.reflect.NativeMethodAccessorImpl.invoke(NativeMethodAccessorImpl.java:62)
	at java.base/jdk.internal.reflect.DelegatingMethodAccessorImpl.invoke(DelegatingMethodAccessorImpl.java:43)
	at java.base/java.lang.reflect.Method.invoke(Method.java:567)
	at org.testng.internal.MethodInvocationHelper.invokeMethod(MethodInvocationHelper.java:133)
	at org.testng.internal.MethodInvocationHelper.invokeMethodConsideringTimeout(MethodInvocationHelper.java:62)
	at org.testng.internal.ConfigInvoker.invokeConfigurationMethod(ConfigInvoker.java:340)
	at org.testng.internal.ConfigInvoker.invokeConfigurations(ConfigInvoker.java:294)
	at org.testng.internal.TestInvoker.runConfigMethods(TestInvoker.java:683)
	at org.testng.internal.TestInvoker.invokeMethod(TestInvoker.java:510)
	at org.testng.internal.TestInvoker.invokeTestMethod(TestInvoker.java:172)
	at org.testng.internal.MethodRunner.runInSequence(MethodRunner.java:46)
	at org.testng.internal.TestInvoker$MethodInvocationAgent.invoke(TestInvoker.java:804)
	at org.testng.internal.TestInvoker.invokeTestMethods(TestInvoker.java:145)
	at org.testng.internal.TestMethodWorker.invokeTestMethods(TestMethodWorker.java:146)
	at org.testng.internal.TestMethodWorker.run(TestMethodWorker.java:128)
	at java.base/java.util.ArrayList.forEach(ArrayList.java:1507)
	at org.testng.TestRunner.privateRun(TestRunner.java:770)
	at org.testng.TestRunner.run(TestRunner.java:591)
	at org.testng.SuiteRunner.runTest(SuiteRunner.java:402)
	at org.testng.SuiteRunner.runSequentially(SuiteRunner.java:396)
	at org.testng.SuiteRunner.privateRun(SuiteRunner.java:355)
	at org.testng.SuiteRunner.run(SuiteRunner.java:304)
	at org.testng.SuiteRunnerWorker.runSuite(SuiteRunnerWorker.java:53)
	at org.testng.SuiteRunnerWorker.run(SuiteRunnerWorker.java:96)
	at org.testng.TestNG.runSuitesSequentially(TestNG.java:1180)
	at org.testng.TestNG.runSuitesLocally(TestNG.java:1102)
	at org.testng.TestNG.runSuites(TestNG.java:1032)
	at org.testng.TestNG.run(TestNG.java:1000)
	at org.testng.remote.AbstractRemoteTestNG.run(AbstractRemoteTestNG.java:115)
	at org.testng.remote.RemoteTestNG.initAndRun(RemoteTestNG.java:251)
	at org.testng.remote.RemoteTestNG.main(RemoteTestNG.java:77)
</pre></div><a href='#' onClick='toggleBox("stack-trace967677821", this, "Click to show all stack frames", "Click to hide stack frames")'>Click to show all stack frames</a>
<div class='stack-trace' id='stack-trace967677821'><pre>org.openqa.selenium.SessionNotCreatedException: session not created
from disconnected: received Inspector.detached event
  (Session info: chrome=79.0.3945.130)
Build info: version: &apos;3.141.59&apos;, revision: &apos;e82be7d358&apos;, time: &apos;2018-11-14T08:17:03&apos;
System info: host: &apos;DESKTOP-83JUM21&apos;, ip: &apos;192.168.42.10&apos;, os.name: &apos;Windows 10&apos;, os.arch: &apos;amd64&apos;, os.version: &apos;10.0&apos;, java.version: &apos;13.0.1&apos;
Driver info: driver.version: ChromeDriver
remote stacktrace: Backtrace:
	Ordinal0 [0x00BBA113+1548563]
	Ordinal0 [0x00B3DDA1+1039777]
	Ordinal0 [0x00ABE485+517253]
	Ordinal0 [0x00AB70CB+487627]
	Ordinal0 [0x00AB6CE9+486633]
	Ordinal0 [0x00AB65E8+484840]
	Ordinal0 [0x00AB5D33+482611]
	Ordinal0 [0x00AB5E75+482933]
	Ordinal0 [0x00AB59B5+481717]
	Ordinal0 [0x00ABD1E5+512485]
	Ordinal0 [0x00AB5968+481640]
	Ordinal0 [0x00AB628B+483979]
	Ordinal0 [0x00AB5D33+482611]
	Ordinal0 [0x00AB5E75+482933]
	Ordinal0 [0x00AB59B5+481717]
	Ordinal0 [0x00ABBB0E+506638]
	Ordinal0 [0x00AB5968+481640]
	Ordinal0 [0x00AB628B+483979]
	Ordinal0 [0x00AB5D33+482611]
	Ordinal0 [0x00AB5E75+482933]
	Ordinal0 [0x00AB59B5+481717]
	Ordinal0 [0x00ABA37C+500604]
	Ordinal0 [0x00AB5968+481640]
	Ordinal0 [0x00AB628B+483979]
	Ordinal0 [0x00AB5D33+482611]
	Ordinal0 [0x00AB5E75+482933]
	Ordinal0 [0x00AB59B5+481717]
	Ordinal0 [0x00AB9A17+498199]
	Ordinal0 [0x00AB5968+481640]
	Ordinal0 [0x00AB628B+483979]
	Ordinal0 [0x00AB5D33+482611]
	Ordinal0 [0x00AB5E75+482933]
	Ordinal0 [0x00AB59B5+481717]
	Ordinal0 [0x00AB256C+468332]
	Ordinal0 [0x00AB5968+481640]
	Ordinal0 [0x00AB5844+481348]
	Ordinal0 [0x00ABF0D0+520400]
	Ordinal0 [0x00A6C030+180272]
	Ordinal0 [0x00A6B59D+177565]
	Ordinal0 [0x00A695FB+169467]
	Ordinal0 [0x00A5160A+71178]
	Ordinal0 [0x00A52690+75408]
	Ordinal0 [0x00A52629+75305]
	Ordinal0 [0x00B571B7+1143223]
	GetHandleVerifier [0x00C52B46+507814]
	GetHandleVerifier [0x00C52864+507076]
	GetHandleVerifier [0x00C59F47+537511]
	GetHandleVerifier [0x00C53402+510050]
	Ordinal0 [0x00B4F29C+1110684]
	Ordinal0 [0x00B5938B+1151883]
	Ordinal0 [0x00B594F3+1152243]
	Ordinal0 [0x00B583F5+1147893]
	BaseThreadInitThunk [0x73958494+36]
	RtlAreBitsSet [0x770C41C8+136]
	RtlAreBitsSet [0x770C4198+88]

	at java.base/jdk.internal.reflect.NativeConstructorAccessorImpl.newInstance0(Native Method)
	at java.base/jdk.internal.reflect.NativeConstructorAccessorImpl.newInstance(NativeConstructorAccessorImpl.java:62)
	at java.base/jdk.internal.reflect.DelegatingConstructorAccessorImpl.newInstance(DelegatingConstructorAccessorImpl.java:45)
	at java.base/java.lang.reflect.Constructor.newInstanceWithCaller(Constructor.java:500)
	at java.base/java.lang.reflect.Constructor.newInstance(Constructor.java:481)
	at org.openqa.selenium.remote.W3CHandshakeResponse.lambda$errorHandler$0(W3CHandshakeResponse.java:62)
	at org.openqa.selenium.remote.HandshakeResponse.lambda$getResponseFunction$0(HandshakeResponse.java:30)
	at org.openqa.selenium.remote.ProtocolHandshake.lambda$createSession$0(ProtocolHandshake.java:126)
	at java.base/java.util.stream.ReferencePipeline$3$1.accept(ReferencePipeline.java:195)
	at java.base/java.util.Spliterators$ArraySpliterator.tryAdvance(Spliterators.java:958)
	at java.base/java.util.stream.ReferencePipeline.forEachWithCancel(ReferencePipeline.java:127)
	at java.base/java.util.stream.AbstractPipeline.copyIntoWithCancel(AbstractPipeline.java:502)
	at java.base/java.util.stream.AbstractPipeline.copyInto(AbstractPipeline.java:488)
	at java.base/java.util.stream.AbstractPipeline.wrapAndCopyInto(AbstractPipeline.java:474)
	at java.base/java.util.stream.FindOps$FindOp.evaluateSequential(FindOps.java:150)
	at java.base/java.util.stream.AbstractPipeline.evaluate(AbstractPipeline.java:234)
	at java.base/java.util.stream.ReferencePipeline.findFirst(ReferencePipeline.java:543)
	at org.openqa.selenium.remote.ProtocolHandshake.createSession(ProtocolHandshake.java:128)
	at org.openqa.selenium.remote.ProtocolHandshake.createSession(ProtocolHandshake.java:74)
	at org.openqa.selenium.remote.HttpCommandExecutor.execute(HttpCommandExecutor.java:136)
	at org.openqa.selenium.remote.service.DriverCommandExecutor.execute(DriverCommandExecutor.java:83)
	at org.openqa.selenium.remote.RemoteWebDriver.execute(RemoteWebDriver.java:552)
	at org.openqa.selenium.remote.RemoteWebDriver.startSession(RemoteWebDriver.java:213)
	at org.openqa.selenium.remote.RemoteWebDriver.&lt;init&gt;(RemoteWebDriver.java:131)
	at org.openqa.selenium.chrome.ChromeDriver.&lt;init&gt;(ChromeDriver.java:181)
	at org.openqa.selenium.chrome.ChromeDriver.&lt;init&gt;(ChromeDriver.java:168)
	at org.openqa.selenium.chrome.ChromeDriver.&lt;init&gt;(ChromeDriver.java:123)
	at MultiThread.setup(MultiThread.java:23)
	at java.base/jdk.internal.reflect.NativeMethodAccessorImpl.invoke0(Native Method)
	at java.base/jdk.internal.reflect.NativeMethodAccessorImpl.invoke(NativeMethodAccessorImpl.java:62)
	at java.base/jdk.internal.reflect.DelegatingMethodAccessorImpl.invoke(DelegatingMethodAccessorImpl.java:43)
	at java.base/java.lang.reflect.Method.invoke(Method.java:567)
	at org.testng.internal.MethodInvocationHelper.invokeMethod(MethodInvocationHelper.java:133)
	at org.testng.internal.MethodInvocationHelper.invokeMethodConsideringTimeout(MethodInvocationHelper.java:62)
	at org.testng.internal.ConfigInvoker.invokeConfigurationMethod(ConfigInvoker.java:340)
	at org.testng.internal.ConfigInvoker.invokeConfigurations(ConfigInvoker.java:294)
	at org.testng.internal.TestInvoker.runConfigMethods(TestInvoker.java:683)
	at org.testng.internal.TestInvoker.invokeMethod(TestInvoker.java:510)
	at org.testng.internal.TestInvoker.invokeTestMethod(TestInvoker.java:172)
	at org.testng.internal.MethodRunner.runInSequence(MethodRunner.java:46)
	at org.testng.internal.TestInvoker$MethodInvocationAgent.invoke(TestInvoker.java:804)
	at org.testng.internal.TestInvoker.invokeTestMethods(TestInvoker.java:145)
	at org.testng.internal.TestMethodWorker.invokeTestMethods(TestMethodWorker.java:146)
	at org.testng.internal.TestMethodWorker.run(TestMethodWorker.java:128)
	at java.base/java.util.ArrayList.forEach(ArrayList.java:1507)
	at org.testng.TestRunner.privateRun(TestRunner.java:770)
	at org.testng.TestRunner.run(TestRunner.java:591)
	at org.testng.SuiteRunner.runTest(SuiteRunner.java:402)
	at org.testng.SuiteRunner.runSequentially(SuiteRunner.java:396)
	at org.testng.SuiteRunner.privateRun(SuiteRunner.java:355)
	at org.testng.SuiteRunner.run(SuiteRunner.java:304)
	at org.testng.SuiteRunnerWorker.runSuite(SuiteRunnerWorker.java:53)
	at org.testng.SuiteRunnerWorker.run(SuiteRunnerWorker.java:96)
	at org.testng.TestNG.runSuitesSequentially(TestNG.java:1180)
	at org.testng.TestNG.runSuitesLocally(TestNG.java:1102)
	at org.testng.TestNG.runSuites(TestNG.java:1032)
	at org.testng.TestNG.run(TestNG.java:1000)
	at org.testng.remote.AbstractRemoteTestNG.run(AbstractRemoteTestNG.java:115)
	at org.testng.remote.RemoteTestNG.initAndRun(RemoteTestNG.java:251)
	at org.testng.remote.RemoteTestNG.main(RemoteTestNG.java:77)
</pre></div></td>
<td>0</td>
<td>MultiThread1@13c10b87</td></tr>
<tr>
<td title='MultiThread1.claunchFB4()'><b>claunchFB4</b><br>Test class: MultiThread1</td>
<td><div><pre>org.openqa.selenium.SessionNotCreatedException: session not created
from disconnected: received Inspector.detached event
  (Session info: chrome=79.0.3945.130)
Build info: version: &apos;3.141.59&apos;, revision: &apos;e82be7d358&apos;, time: &apos;2018-11-14T08:17:03&apos;
System info: host: &apos;DESKTOP-83JUM21&apos;, ip: &apos;192.168.42.10&apos;, os.name: &apos;Windows 10&apos;, os.arch: &apos;amd64&apos;, os.version: &apos;10.0&apos;, java.version: &apos;13.0.1&apos;
Driver info: driver.version: ChromeDriver
remote stacktrace: Backtrace:
	Ordinal0 [0x00BBA113+1548563]
	Ordinal0 [0x00B3DDA1+1039777]
	Ordinal0 [0x00ABE485+517253]
	Ordinal0 [0x00AB70CB+487627]
	Ordinal0 [0x00AB6CE9+486633]
	Ordinal0 [0x00AB65E8+484840]
	Ordinal0 [0x00AB5D33+482611]
	Ordinal0 [0x00AB5E75+482933]
	Ordinal0 [0x00AB59B5+481717]
	Ordinal0 [0x00ABD1E5+512485]
	Ordinal0 [0x00AB5968+481640]
	Ordinal0 [0x00AB628B+483979]
	Ordinal0 [0x00AB5D33+482611]
	Ordinal0 [0x00AB5E75+482933]
	Ordinal0 [0x00AB59B5+481717]
	Ordinal0 [0x00ABBB0E+506638]
	Ordinal0 [0x00AB5968+481640]
	Ordinal0 [0x00AB628B+483979]
	Ordinal0 [0x00AB5D33+482611]
	Ordinal0 [0x00AB5E75+482933]
	Ordinal0 [0x00AB59B5+481717]
	Ordinal0 [0x00ABA37C+500604]
	Ordinal0 [0x00AB5968+481640]
	Ordinal0 [0x00AB628B+483979]
	Ordinal0 [0x00AB5D33+482611]
	Ordinal0 [0x00AB5E75+482933]
	Ordinal0 [0x00AB59B5+481717]
	Ordinal0 [0x00AB9A17+498199]
	Ordinal0 [0x00AB5968+481640]
	Ordinal0 [0x00AB628B+483979]
	Ordinal0 [0x00AB5D33+482611]
	Ordinal0 [0x00AB5E75+482933]
	Ordinal0 [0x00AB59B5+481717]
	Ordinal0 [0x00AB256C+468332]
	Ordinal0 [0x00AB5968+481640]
	Ordinal0 [0x00AB5844+481348]
	Ordinal0 [0x00ABF0D0+520400]
	Ordinal0 [0x00A6C030+180272]
	Ordinal0 [0x00A6B59D+177565]
	Ordinal0 [0x00A695FB+169467]
	Ordinal0 [0x00A5160A+71178]
	Ordinal0 [0x00A52690+75408]
	Ordinal0 [0x00A52629+75305]
	Ordinal0 [0x00B571B7+1143223]
	GetHandleVerifier [0x00C52B46+507814]
	GetHandleVerifier [0x00C52864+507076]
	GetHandleVerifier [0x00C59F47+537511]
	GetHandleVerifier [0x00C53402+510050]
	Ordinal0 [0x00B4F29C+1110684]
	Ordinal0 [0x00B5938B+1151883]
	Ordinal0 [0x00B594F3+1152243]
	Ordinal0 [0x00B583F5+1147893]
	BaseThreadInitThunk [0x73958494+36]
	RtlAreBitsSet [0x770C41C8+136]
	RtlAreBitsSet [0x770C4198+88]

	at java.base/jdk.internal.reflect.NativeConstructorAccessorImpl.newInstance0(Native Method)
	at java.base/jdk.internal.reflect.NativeConstructorAccessorImpl.newInstance(NativeConstructorAccessorImpl.java:62)
	at java.base/jdk.internal.reflect.DelegatingConstructorAccessorImpl.newInstance(DelegatingConstructorAccessorImpl.java:45)
	at java.base/java.lang.reflect.Constructor.newInstanceWithCaller(Constructor.java:500)
	at java.base/java.lang.reflect.Constructor.newInstance(Constructor.java:481)
	at org.openqa.selenium.remote.W3CHandshakeResponse.lambda$errorHandler$0(W3CHandshakeResponse.java:62)
	at org.openqa.selenium.remote.HandshakeResponse.lambda$getResponseFunction$0(HandshakeResponse.java:30)
	at org.openqa.selenium.remote.ProtocolHandshake.lambda$createSession$0(ProtocolHandshake.java:126)
	at java.base/java.util.stream.ReferencePipeline$3$1.accept(ReferencePipeline.java:195)
	at java.base/java.util.Spliterators$ArraySpliterator.tryAdvance(Spliterators.java:958)
	at java.base/java.util.stream.ReferencePipeline.forEachWithCancel(ReferencePipeline.java:127)
	at java.base/java.util.stream.AbstractPipeline.copyIntoWithCancel(AbstractPipeline.java:502)
	at java.base/java.util.stream.AbstractPipeline.copyInto(AbstractPipeline.java:488)
	at java.base/java.util.stream.AbstractPipeline.wrapAndCopyInto(AbstractPipeline.java:474)
	at java.base/java.util.stream.FindOps$FindOp.evaluateSequential(FindOps.java:150)
	at java.base/java.util.stream.AbstractPipeline.evaluate(AbstractPipeline.java:234)
	at java.base/java.util.stream.ReferencePipeline.findFirst(ReferencePipeline.java:543)
	at org.openqa.selenium.remote.ProtocolHandshake.createSession(ProtocolHandshake.java:128)
	at org.openqa.selenium.remote.ProtocolHandshake.createSession(ProtocolHandshake.java:74)
	at org.openqa.selenium.remote.HttpCommandExecutor.execute(HttpCommandExecutor.java:136)
	at org.openqa.selenium.remote.service.DriverCommandExecutor.execute(DriverCommandExecutor.java:83)
	at org.openqa.selenium.remote.RemoteWebDriver.execute(RemoteWebDriver.java:552)
	at org.openqa.selenium.remote.RemoteWebDriver.startSession(RemoteWebDriver.java:213)
	at org.openqa.selenium.remote.RemoteWebDriver.&lt;init&gt;(RemoteWebDriver.java:131)
	at org.openqa.selenium.chrome.ChromeDriver.&lt;init&gt;(ChromeDriver.java:181)
	at org.openqa.selenium.chrome.ChromeDriver.&lt;init&gt;(ChromeDriver.java:168)
	at org.openqa.selenium.chrome.ChromeDriver.&lt;init&gt;(ChromeDriver.java:123)
	at MultiThread.setup(MultiThread.java:23)
	at java.base/jdk.internal.reflect.NativeMethodAccessorImpl.invoke0(Native Method)
	at java.base/jdk.internal.reflect.NativeMethodAccessorImpl.invoke(NativeMethodAccessorImpl.java:62)
	at java.base/jdk.internal.reflect.DelegatingMethodAccessorImpl.invoke(DelegatingMethodAccessorImpl.java:43)
	at java.base/java.lang.reflect.Method.invoke(Method.java:567)
	at org.testng.internal.MethodInvocationHelper.invokeMethod(MethodInvocationHelper.java:133)
	at org.testng.internal.MethodInvocationHelper.invokeMethodConsideringTimeout(MethodInvocationHelper.java:62)
	at org.testng.internal.ConfigInvoker.invokeConfigurationMethod(ConfigInvoker.java:340)
	at org.testng.internal.ConfigInvoker.invokeConfigurations(ConfigInvoker.java:294)
	at org.testng.internal.TestInvoker.runConfigMethods(TestInvoker.java:683)
	at org.testng.internal.TestInvoker.invokeMethod(TestInvoker.java:510)
	at org.testng.internal.TestInvoker.invokeTestMethod(TestInvoker.java:172)
	at org.testng.internal.MethodRunner.runInSequence(MethodRunner.java:46)
	at org.testng.internal.TestInvoker$MethodInvocationAgent.invoke(TestInvoker.java:804)
	at org.testng.internal.TestInvoker.invokeTestMethods(TestInvoker.java:145)
	at org.testng.internal.TestMethodWorker.invokeTestMethods(TestMethodWorker.java:146)
	at org.testng.internal.TestMethodWorker.run(TestMethodWorker.java:128)
	at java.base/java.util.ArrayList.forEach(ArrayList.java:1507)
	at org.testng.TestRunner.privateRun(TestRunner.java:770)
	at org.testng.TestRunner.run(TestRunner.java:591)
	at org.testng.SuiteRunner.runTest(SuiteRunner.java:402)
	at org.testng.SuiteRunner.runSequentially(SuiteRunner.java:396)
	at org.testng.SuiteRunner.privateRun(SuiteRunner.java:355)
	at org.testng.SuiteRunner.run(SuiteRunner.java:304)
	at org.testng.SuiteRunnerWorker.runSuite(SuiteRunnerWorker.java:53)
	at org.testng.SuiteRunnerWorker.run(SuiteRunnerWorker.java:96)
	at org.testng.TestNG.runSuitesSequentially(TestNG.java:1180)
	at org.testng.TestNG.runSuitesLocally(TestNG.java:1102)
	at org.testng.TestNG.runSuites(TestNG.java:1032)
	at org.testng.TestNG.run(TestNG.java:1000)
	at org.testng.remote.AbstractRemoteTestNG.run(AbstractRemoteTestNG.java:115)
	at org.testng.remote.RemoteTestNG.initAndRun(RemoteTestNG.java:251)
	at org.testng.remote.RemoteTestNG.main(RemoteTestNG.java:77)
</pre></div><a href='#' onClick='toggleBox("stack-trace552674617", this, "Click to show all stack frames", "Click to hide stack frames")'>Click to show all stack frames</a>
<div class='stack-trace' id='stack-trace552674617'><pre>org.openqa.selenium.SessionNotCreatedException: session not created
from disconnected: received Inspector.detached event
  (Session info: chrome=79.0.3945.130)
Build info: version: &apos;3.141.59&apos;, revision: &apos;e82be7d358&apos;, time: &apos;2018-11-14T08:17:03&apos;
System info: host: &apos;DESKTOP-83JUM21&apos;, ip: &apos;192.168.42.10&apos;, os.name: &apos;Windows 10&apos;, os.arch: &apos;amd64&apos;, os.version: &apos;10.0&apos;, java.version: &apos;13.0.1&apos;
Driver info: driver.version: ChromeDriver
remote stacktrace: Backtrace:
	Ordinal0 [0x00BBA113+1548563]
	Ordinal0 [0x00B3DDA1+1039777]
	Ordinal0 [0x00ABE485+517253]
	Ordinal0 [0x00AB70CB+487627]
	Ordinal0 [0x00AB6CE9+486633]
	Ordinal0 [0x00AB65E8+484840]
	Ordinal0 [0x00AB5D33+482611]
	Ordinal0 [0x00AB5E75+482933]
	Ordinal0 [0x00AB59B5+481717]
	Ordinal0 [0x00ABD1E5+512485]
	Ordinal0 [0x00AB5968+481640]
	Ordinal0 [0x00AB628B+483979]
	Ordinal0 [0x00AB5D33+482611]
	Ordinal0 [0x00AB5E75+482933]
	Ordinal0 [0x00AB59B5+481717]
	Ordinal0 [0x00ABBB0E+506638]
	Ordinal0 [0x00AB5968+481640]
	Ordinal0 [0x00AB628B+483979]
	Ordinal0 [0x00AB5D33+482611]
	Ordinal0 [0x00AB5E75+482933]
	Ordinal0 [0x00AB59B5+481717]
	Ordinal0 [0x00ABA37C+500604]
	Ordinal0 [0x00AB5968+481640]
	Ordinal0 [0x00AB628B+483979]
	Ordinal0 [0x00AB5D33+482611]
	Ordinal0 [0x00AB5E75+482933]
	Ordinal0 [0x00AB59B5+481717]
	Ordinal0 [0x00AB9A17+498199]
	Ordinal0 [0x00AB5968+481640]
	Ordinal0 [0x00AB628B+483979]
	Ordinal0 [0x00AB5D33+482611]
	Ordinal0 [0x00AB5E75+482933]
	Ordinal0 [0x00AB59B5+481717]
	Ordinal0 [0x00AB256C+468332]
	Ordinal0 [0x00AB5968+481640]
	Ordinal0 [0x00AB5844+481348]
	Ordinal0 [0x00ABF0D0+520400]
	Ordinal0 [0x00A6C030+180272]
	Ordinal0 [0x00A6B59D+177565]
	Ordinal0 [0x00A695FB+169467]
	Ordinal0 [0x00A5160A+71178]
	Ordinal0 [0x00A52690+75408]
	Ordinal0 [0x00A52629+75305]
	Ordinal0 [0x00B571B7+1143223]
	GetHandleVerifier [0x00C52B46+507814]
	GetHandleVerifier [0x00C52864+507076]
	GetHandleVerifier [0x00C59F47+537511]
	GetHandleVerifier [0x00C53402+510050]
	Ordinal0 [0x00B4F29C+1110684]
	Ordinal0 [0x00B5938B+1151883]
	Ordinal0 [0x00B594F3+1152243]
	Ordinal0 [0x00B583F5+1147893]
	BaseThreadInitThunk [0x73958494+36]
	RtlAreBitsSet [0x770C41C8+136]
	RtlAreBitsSet [0x770C4198+88]

	at java.base/jdk.internal.reflect.NativeConstructorAccessorImpl.newInstance0(Native Method)
	at java.base/jdk.internal.reflect.NativeConstructorAccessorImpl.newInstance(NativeConstructorAccessorImpl.java:62)
	at java.base/jdk.internal.reflect.DelegatingConstructorAccessorImpl.newInstance(DelegatingConstructorAccessorImpl.java:45)
	at java.base/java.lang.reflect.Constructor.newInstanceWithCaller(Constructor.java:500)
	at java.base/java.lang.reflect.Constructor.newInstance(Constructor.java:481)
	at org.openqa.selenium.remote.W3CHandshakeResponse.lambda$errorHandler$0(W3CHandshakeResponse.java:62)
	at org.openqa.selenium.remote.HandshakeResponse.lambda$getResponseFunction$0(HandshakeResponse.java:30)
	at org.openqa.selenium.remote.ProtocolHandshake.lambda$createSession$0(ProtocolHandshake.java:126)
	at java.base/java.util.stream.ReferencePipeline$3$1.accept(ReferencePipeline.java:195)
	at java.base/java.util.Spliterators$ArraySpliterator.tryAdvance(Spliterators.java:958)
	at java.base/java.util.stream.ReferencePipeline.forEachWithCancel(ReferencePipeline.java:127)
	at java.base/java.util.stream.AbstractPipeline.copyIntoWithCancel(AbstractPipeline.java:502)
	at java.base/java.util.stream.AbstractPipeline.copyInto(AbstractPipeline.java:488)
	at java.base/java.util.stream.AbstractPipeline.wrapAndCopyInto(AbstractPipeline.java:474)
	at java.base/java.util.stream.FindOps$FindOp.evaluateSequential(FindOps.java:150)
	at java.base/java.util.stream.AbstractPipeline.evaluate(AbstractPipeline.java:234)
	at java.base/java.util.stream.ReferencePipeline.findFirst(ReferencePipeline.java:543)
	at org.openqa.selenium.remote.ProtocolHandshake.createSession(ProtocolHandshake.java:128)
	at org.openqa.selenium.remote.ProtocolHandshake.createSession(ProtocolHandshake.java:74)
	at org.openqa.selenium.remote.HttpCommandExecutor.execute(HttpCommandExecutor.java:136)
	at org.openqa.selenium.remote.service.DriverCommandExecutor.execute(DriverCommandExecutor.java:83)
	at org.openqa.selenium.remote.RemoteWebDriver.execute(RemoteWebDriver.java:552)
	at org.openqa.selenium.remote.RemoteWebDriver.startSession(RemoteWebDriver.java:213)
	at org.openqa.selenium.remote.RemoteWebDriver.&lt;init&gt;(RemoteWebDriver.java:131)
	at org.openqa.selenium.chrome.ChromeDriver.&lt;init&gt;(ChromeDriver.java:181)
	at org.openqa.selenium.chrome.ChromeDriver.&lt;init&gt;(ChromeDriver.java:168)
	at org.openqa.selenium.chrome.ChromeDriver.&lt;init&gt;(ChromeDriver.java:123)
	at MultiThread.setup(MultiThread.java:23)
	at java.base/jdk.internal.reflect.NativeMethodAccessorImpl.invoke0(Native Method)
	at java.base/jdk.internal.reflect.NativeMethodAccessorImpl.invoke(NativeMethodAccessorImpl.java:62)
	at java.base/jdk.internal.reflect.DelegatingMethodAccessorImpl.invoke(DelegatingMethodAccessorImpl.java:43)
	at java.base/java.lang.reflect.Method.invoke(Method.java:567)
	at org.testng.internal.MethodInvocationHelper.invokeMethod(MethodInvocationHelper.java:133)
	at org.testng.internal.MethodInvocationHelper.invokeMethodConsideringTimeout(MethodInvocationHelper.java:62)
	at org.testng.internal.ConfigInvoker.invokeConfigurationMethod(ConfigInvoker.java:340)
	at org.testng.internal.ConfigInvoker.invokeConfigurations(ConfigInvoker.java:294)
	at org.testng.internal.TestInvoker.runConfigMethods(TestInvoker.java:683)
	at org.testng.internal.TestInvoker.invokeMethod(TestInvoker.java:510)
	at org.testng.internal.TestInvoker.invokeTestMethod(TestInvoker.java:172)
	at org.testng.internal.MethodRunner.runInSequence(MethodRunner.java:46)
	at org.testng.internal.TestInvoker$MethodInvocationAgent.invoke(TestInvoker.java:804)
	at org.testng.internal.TestInvoker.invokeTestMethods(TestInvoker.java:145)
	at org.testng.internal.TestMethodWorker.invokeTestMethods(TestMethodWorker.java:146)
	at org.testng.internal.TestMethodWorker.run(TestMethodWorker.java:128)
	at java.base/java.util.ArrayList.forEach(ArrayList.java:1507)
	at org.testng.TestRunner.privateRun(TestRunner.java:770)
	at org.testng.TestRunner.run(TestRunner.java:591)
	at org.testng.SuiteRunner.runTest(SuiteRunner.java:402)
	at org.testng.SuiteRunner.runSequentially(SuiteRunner.java:396)
	at org.testng.SuiteRunner.privateRun(SuiteRunner.java:355)
	at org.testng.SuiteRunner.run(SuiteRunner.java:304)
	at org.testng.SuiteRunnerWorker.runSuite(SuiteRunnerWorker.java:53)
	at org.testng.SuiteRunnerWorker.run(SuiteRunnerWorker.java:96)
	at org.testng.TestNG.runSuitesSequentially(TestNG.java:1180)
	at org.testng.TestNG.runSuitesLocally(TestNG.java:1102)
	at org.testng.TestNG.runSuites(TestNG.java:1032)
	at org.testng.TestNG.run(TestNG.java:1000)
	at org.testng.remote.AbstractRemoteTestNG.run(AbstractRemoteTestNG.java:115)
	at org.testng.remote.RemoteTestNG.initAndRun(RemoteTestNG.java:251)
	at org.testng.remote.RemoteTestNG.main(RemoteTestNG.java:77)
</pre></div></td>
<td>0</td>
<td>MultiThread1@13c10b87</td></tr>
<tr>
<td title='MultiThread1.claunchFB5()'><b>claunchFB5</b><br>Test class: MultiThread1</td>
<td><div><pre>org.openqa.selenium.SessionNotCreatedException: session not created
from disconnected: received Inspector.detached event
  (Session info: chrome=79.0.3945.130)
Build info: version: &apos;3.141.59&apos;, revision: &apos;e82be7d358&apos;, time: &apos;2018-11-14T08:17:03&apos;
System info: host: &apos;DESKTOP-83JUM21&apos;, ip: &apos;192.168.42.10&apos;, os.name: &apos;Windows 10&apos;, os.arch: &apos;amd64&apos;, os.version: &apos;10.0&apos;, java.version: &apos;13.0.1&apos;
Driver info: driver.version: ChromeDriver
remote stacktrace: Backtrace:
	Ordinal0 [0x00BBA113+1548563]
	Ordinal0 [0x00B3DDA1+1039777]
	Ordinal0 [0x00ABE485+517253]
	Ordinal0 [0x00AB70CB+487627]
	Ordinal0 [0x00AB6CE9+486633]
	Ordinal0 [0x00AB65E8+484840]
	Ordinal0 [0x00AB5D33+482611]
	Ordinal0 [0x00AB5E75+482933]
	Ordinal0 [0x00AB59B5+481717]
	Ordinal0 [0x00ABD1E5+512485]
	Ordinal0 [0x00AB5968+481640]
	Ordinal0 [0x00AB628B+483979]
	Ordinal0 [0x00AB5D33+482611]
	Ordinal0 [0x00AB5E75+482933]
	Ordinal0 [0x00AB59B5+481717]
	Ordinal0 [0x00ABBB0E+506638]
	Ordinal0 [0x00AB5968+481640]
	Ordinal0 [0x00AB628B+483979]
	Ordinal0 [0x00AB5D33+482611]
	Ordinal0 [0x00AB5E75+482933]
	Ordinal0 [0x00AB59B5+481717]
	Ordinal0 [0x00ABA37C+500604]
	Ordinal0 [0x00AB5968+481640]
	Ordinal0 [0x00AB628B+483979]
	Ordinal0 [0x00AB5D33+482611]
	Ordinal0 [0x00AB5E75+482933]
	Ordinal0 [0x00AB59B5+481717]
	Ordinal0 [0x00AB9A17+498199]
	Ordinal0 [0x00AB5968+481640]
	Ordinal0 [0x00AB628B+483979]
	Ordinal0 [0x00AB5D33+482611]
	Ordinal0 [0x00AB5E75+482933]
	Ordinal0 [0x00AB59B5+481717]
	Ordinal0 [0x00AB256C+468332]
	Ordinal0 [0x00AB5968+481640]
	Ordinal0 [0x00AB5844+481348]
	Ordinal0 [0x00ABF0D0+520400]
	Ordinal0 [0x00A6C030+180272]
	Ordinal0 [0x00A6B59D+177565]
	Ordinal0 [0x00A695FB+169467]
	Ordinal0 [0x00A5160A+71178]
	Ordinal0 [0x00A52690+75408]
	Ordinal0 [0x00A52629+75305]
	Ordinal0 [0x00B571B7+1143223]
	GetHandleVerifier [0x00C52B46+507814]
	GetHandleVerifier [0x00C52864+507076]
	GetHandleVerifier [0x00C59F47+537511]
	GetHandleVerifier [0x00C53402+510050]
	Ordinal0 [0x00B4F29C+1110684]
	Ordinal0 [0x00B5938B+1151883]
	Ordinal0 [0x00B594F3+1152243]
	Ordinal0 [0x00B583F5+1147893]
	BaseThreadInitThunk [0x73958494+36]
	RtlAreBitsSet [0x770C41C8+136]
	RtlAreBitsSet [0x770C4198+88]

	at java.base/jdk.internal.reflect.NativeConstructorAccessorImpl.newInstance0(Native Method)
	at java.base/jdk.internal.reflect.NativeConstructorAccessorImpl.newInstance(NativeConstructorAccessorImpl.java:62)
	at java.base/jdk.internal.reflect.DelegatingConstructorAccessorImpl.newInstance(DelegatingConstructorAccessorImpl.java:45)
	at java.base/java.lang.reflect.Constructor.newInstanceWithCaller(Constructor.java:500)
	at java.base/java.lang.reflect.Constructor.newInstance(Constructor.java:481)
	at org.openqa.selenium.remote.W3CHandshakeResponse.lambda$errorHandler$0(W3CHandshakeResponse.java:62)
	at org.openqa.selenium.remote.HandshakeResponse.lambda$getResponseFunction$0(HandshakeResponse.java:30)
	at org.openqa.selenium.remote.ProtocolHandshake.lambda$createSession$0(ProtocolHandshake.java:126)
	at java.base/java.util.stream.ReferencePipeline$3$1.accept(ReferencePipeline.java:195)
	at java.base/java.util.Spliterators$ArraySpliterator.tryAdvance(Spliterators.java:958)
	at java.base/java.util.stream.ReferencePipeline.forEachWithCancel(ReferencePipeline.java:127)
	at java.base/java.util.stream.AbstractPipeline.copyIntoWithCancel(AbstractPipeline.java:502)
	at java.base/java.util.stream.AbstractPipeline.copyInto(AbstractPipeline.java:488)
	at java.base/java.util.stream.AbstractPipeline.wrapAndCopyInto(AbstractPipeline.java:474)
	at java.base/java.util.stream.FindOps$FindOp.evaluateSequential(FindOps.java:150)
	at java.base/java.util.stream.AbstractPipeline.evaluate(AbstractPipeline.java:234)
	at java.base/java.util.stream.ReferencePipeline.findFirst(ReferencePipeline.java:543)
	at org.openqa.selenium.remote.ProtocolHandshake.createSession(ProtocolHandshake.java:128)
	at org.openqa.selenium.remote.ProtocolHandshake.createSession(ProtocolHandshake.java:74)
	at org.openqa.selenium.remote.HttpCommandExecutor.execute(HttpCommandExecutor.java:136)
	at org.openqa.selenium.remote.service.DriverCommandExecutor.execute(DriverCommandExecutor.java:83)
	at org.openqa.selenium.remote.RemoteWebDriver.execute(RemoteWebDriver.java:552)
	at org.openqa.selenium.remote.RemoteWebDriver.startSession(RemoteWebDriver.java:213)
	at org.openqa.selenium.remote.RemoteWebDriver.&lt;init&gt;(RemoteWebDriver.java:131)
	at org.openqa.selenium.chrome.ChromeDriver.&lt;init&gt;(ChromeDriver.java:181)
	at org.openqa.selenium.chrome.ChromeDriver.&lt;init&gt;(ChromeDriver.java:168)
	at org.openqa.selenium.chrome.ChromeDriver.&lt;init&gt;(ChromeDriver.java:123)
	at MultiThread.setup(MultiThread.java:23)
	at java.base/jdk.internal.reflect.NativeMethodAccessorImpl.invoke0(Native Method)
	at java.base/jdk.internal.reflect.NativeMethodAccessorImpl.invoke(NativeMethodAccessorImpl.java:62)
	at java.base/jdk.internal.reflect.DelegatingMethodAccessorImpl.invoke(DelegatingMethodAccessorImpl.java:43)
	at java.base/java.lang.reflect.Method.invoke(Method.java:567)
	at org.testng.internal.MethodInvocationHelper.invokeMethod(MethodInvocationHelper.java:133)
	at org.testng.internal.MethodInvocationHelper.invokeMethodConsideringTimeout(MethodInvocationHelper.java:62)
	at org.testng.internal.ConfigInvoker.invokeConfigurationMethod(ConfigInvoker.java:340)
	at org.testng.internal.ConfigInvoker.invokeConfigurations(ConfigInvoker.java:294)
	at org.testng.internal.TestInvoker.runConfigMethods(TestInvoker.java:683)
	at org.testng.internal.TestInvoker.invokeMethod(TestInvoker.java:510)
	at org.testng.internal.TestInvoker.invokeTestMethod(TestInvoker.java:172)
	at org.testng.internal.MethodRunner.runInSequence(MethodRunner.java:46)
	at org.testng.internal.TestInvoker$MethodInvocationAgent.invoke(TestInvoker.java:804)
	at org.testng.internal.TestInvoker.invokeTestMethods(TestInvoker.java:145)
	at org.testng.internal.TestMethodWorker.invokeTestMethods(TestMethodWorker.java:146)
	at org.testng.internal.TestMethodWorker.run(TestMethodWorker.java:128)
	at java.base/java.util.ArrayList.forEach(ArrayList.java:1507)
	at org.testng.TestRunner.privateRun(TestRunner.java:770)
	at org.testng.TestRunner.run(TestRunner.java:591)
	at org.testng.SuiteRunner.runTest(SuiteRunner.java:402)
	at org.testng.SuiteRunner.runSequentially(SuiteRunner.java:396)
	at org.testng.SuiteRunner.privateRun(SuiteRunner.java:355)
	at org.testng.SuiteRunner.run(SuiteRunner.java:304)
	at org.testng.SuiteRunnerWorker.runSuite(SuiteRunnerWorker.java:53)
	at org.testng.SuiteRunnerWorker.run(SuiteRunnerWorker.java:96)
	at org.testng.TestNG.runSuitesSequentially(TestNG.java:1180)
	at org.testng.TestNG.runSuitesLocally(TestNG.java:1102)
	at org.testng.TestNG.runSuites(TestNG.java:1032)
	at org.testng.TestNG.run(TestNG.java:1000)
	at org.testng.remote.AbstractRemoteTestNG.run(AbstractRemoteTestNG.java:115)
	at org.testng.remote.RemoteTestNG.initAndRun(RemoteTestNG.java:251)
	at org.testng.remote.RemoteTestNG.main(RemoteTestNG.java:77)
</pre></div><a href='#' onClick='toggleBox("stack-trace332365138", this, "Click to show all stack frames", "Click to hide stack frames")'>Click to show all stack frames</a>
<div class='stack-trace' id='stack-trace332365138'><pre>org.openqa.selenium.SessionNotCreatedException: session not created
from disconnected: received Inspector.detached event
  (Session info: chrome=79.0.3945.130)
Build info: version: &apos;3.141.59&apos;, revision: &apos;e82be7d358&apos;, time: &apos;2018-11-14T08:17:03&apos;
System info: host: &apos;DESKTOP-83JUM21&apos;, ip: &apos;192.168.42.10&apos;, os.name: &apos;Windows 10&apos;, os.arch: &apos;amd64&apos;, os.version: &apos;10.0&apos;, java.version: &apos;13.0.1&apos;
Driver info: driver.version: ChromeDriver
remote stacktrace: Backtrace:
	Ordinal0 [0x00BBA113+1548563]
	Ordinal0 [0x00B3DDA1+1039777]
	Ordinal0 [0x00ABE485+517253]
	Ordinal0 [0x00AB70CB+487627]
	Ordinal0 [0x00AB6CE9+486633]
	Ordinal0 [0x00AB65E8+484840]
	Ordinal0 [0x00AB5D33+482611]
	Ordinal0 [0x00AB5E75+482933]
	Ordinal0 [0x00AB59B5+481717]
	Ordinal0 [0x00ABD1E5+512485]
	Ordinal0 [0x00AB5968+481640]
	Ordinal0 [0x00AB628B+483979]
	Ordinal0 [0x00AB5D33+482611]
	Ordinal0 [0x00AB5E75+482933]
	Ordinal0 [0x00AB59B5+481717]
	Ordinal0 [0x00ABBB0E+506638]
	Ordinal0 [0x00AB5968+481640]
	Ordinal0 [0x00AB628B+483979]
	Ordinal0 [0x00AB5D33+482611]
	Ordinal0 [0x00AB5E75+482933]
	Ordinal0 [0x00AB59B5+481717]
	Ordinal0 [0x00ABA37C+500604]
	Ordinal0 [0x00AB5968+481640]
	Ordinal0 [0x00AB628B+483979]
	Ordinal0 [0x00AB5D33+482611]
	Ordinal0 [0x00AB5E75+482933]
	Ordinal0 [0x00AB59B5+481717]
	Ordinal0 [0x00AB9A17+498199]
	Ordinal0 [0x00AB5968+481640]
	Ordinal0 [0x00AB628B+483979]
	Ordinal0 [0x00AB5D33+482611]
	Ordinal0 [0x00AB5E75+482933]
	Ordinal0 [0x00AB59B5+481717]
	Ordinal0 [0x00AB256C+468332]
	Ordinal0 [0x00AB5968+481640]
	Ordinal0 [0x00AB5844+481348]
	Ordinal0 [0x00ABF0D0+520400]
	Ordinal0 [0x00A6C030+180272]
	Ordinal0 [0x00A6B59D+177565]
	Ordinal0 [0x00A695FB+169467]
	Ordinal0 [0x00A5160A+71178]
	Ordinal0 [0x00A52690+75408]
	Ordinal0 [0x00A52629+75305]
	Ordinal0 [0x00B571B7+1143223]
	GetHandleVerifier [0x00C52B46+507814]
	GetHandleVerifier [0x00C52864+507076]
	GetHandleVerifier [0x00C59F47+537511]
	GetHandleVerifier [0x00C53402+510050]
	Ordinal0 [0x00B4F29C+1110684]
	Ordinal0 [0x00B5938B+1151883]
	Ordinal0 [0x00B594F3+1152243]
	Ordinal0 [0x00B583F5+1147893]
	BaseThreadInitThunk [0x73958494+36]
	RtlAreBitsSet [0x770C41C8+136]
	RtlAreBitsSet [0x770C4198+88]

	at java.base/jdk.internal.reflect.NativeConstructorAccessorImpl.newInstance0(Native Method)
	at java.base/jdk.internal.reflect.NativeConstructorAccessorImpl.newInstance(NativeConstructorAccessorImpl.java:62)
	at java.base/jdk.internal.reflect.DelegatingConstructorAccessorImpl.newInstance(DelegatingConstructorAccessorImpl.java:45)
	at java.base/java.lang.reflect.Constructor.newInstanceWithCaller(Constructor.java:500)
	at java.base/java.lang.reflect.Constructor.newInstance(Constructor.java:481)
	at org.openqa.selenium.remote.W3CHandshakeResponse.lambda$errorHandler$0(W3CHandshakeResponse.java:62)
	at org.openqa.selenium.remote.HandshakeResponse.lambda$getResponseFunction$0(HandshakeResponse.java:30)
	at org.openqa.selenium.remote.ProtocolHandshake.lambda$createSession$0(ProtocolHandshake.java:126)
	at java.base/java.util.stream.ReferencePipeline$3$1.accept(ReferencePipeline.java:195)
	at java.base/java.util.Spliterators$ArraySpliterator.tryAdvance(Spliterators.java:958)
	at java.base/java.util.stream.ReferencePipeline.forEachWithCancel(ReferencePipeline.java:127)
	at java.base/java.util.stream.AbstractPipeline.copyIntoWithCancel(AbstractPipeline.java:502)
	at java.base/java.util.stream.AbstractPipeline.copyInto(AbstractPipeline.java:488)
	at java.base/java.util.stream.AbstractPipeline.wrapAndCopyInto(AbstractPipeline.java:474)
	at java.base/java.util.stream.FindOps$FindOp.evaluateSequential(FindOps.java:150)
	at java.base/java.util.stream.AbstractPipeline.evaluate(AbstractPipeline.java:234)
	at java.base/java.util.stream.ReferencePipeline.findFirst(ReferencePipeline.java:543)
	at org.openqa.selenium.remote.ProtocolHandshake.createSession(ProtocolHandshake.java:128)
	at org.openqa.selenium.remote.ProtocolHandshake.createSession(ProtocolHandshake.java:74)
	at org.openqa.selenium.remote.HttpCommandExecutor.execute(HttpCommandExecutor.java:136)
	at org.openqa.selenium.remote.service.DriverCommandExecutor.execute(DriverCommandExecutor.java:83)
	at org.openqa.selenium.remote.RemoteWebDriver.execute(RemoteWebDriver.java:552)
	at org.openqa.selenium.remote.RemoteWebDriver.startSession(RemoteWebDriver.java:213)
	at org.openqa.selenium.remote.RemoteWebDriver.&lt;init&gt;(RemoteWebDriver.java:131)
	at org.openqa.selenium.chrome.ChromeDriver.&lt;init&gt;(ChromeDriver.java:181)
	at org.openqa.selenium.chrome.ChromeDriver.&lt;init&gt;(ChromeDriver.java:168)
	at org.openqa.selenium.chrome.ChromeDriver.&lt;init&gt;(ChromeDriver.java:123)
	at MultiThread.setup(MultiThread.java:23)
	at java.base/jdk.internal.reflect.NativeMethodAccessorImpl.invoke0(Native Method)
	at java.base/jdk.internal.reflect.NativeMethodAccessorImpl.invoke(NativeMethodAccessorImpl.java:62)
	at java.base/jdk.internal.reflect.DelegatingMethodAccessorImpl.invoke(DelegatingMethodAccessorImpl.java:43)
	at java.base/java.lang.reflect.Method.invoke(Method.java:567)
	at org.testng.internal.MethodInvocationHelper.invokeMethod(MethodInvocationHelper.java:133)
	at org.testng.internal.MethodInvocationHelper.invokeMethodConsideringTimeout(MethodInvocationHelper.java:62)
	at org.testng.internal.ConfigInvoker.invokeConfigurationMethod(ConfigInvoker.java:340)
	at org.testng.internal.ConfigInvoker.invokeConfigurations(ConfigInvoker.java:294)
	at org.testng.internal.TestInvoker.runConfigMethods(TestInvoker.java:683)
	at org.testng.internal.TestInvoker.invokeMethod(TestInvoker.java:510)
	at org.testng.internal.TestInvoker.invokeTestMethod(TestInvoker.java:172)
	at org.testng.internal.MethodRunner.runInSequence(MethodRunner.java:46)
	at org.testng.internal.TestInvoker$MethodInvocationAgent.invoke(TestInvoker.java:804)
	at org.testng.internal.TestInvoker.invokeTestMethods(TestInvoker.java:145)
	at org.testng.internal.TestMethodWorker.invokeTestMethods(TestMethodWorker.java:146)
	at org.testng.internal.TestMethodWorker.run(TestMethodWorker.java:128)
	at java.base/java.util.ArrayList.forEach(ArrayList.java:1507)
	at org.testng.TestRunner.privateRun(TestRunner.java:770)
	at org.testng.TestRunner.run(TestRunner.java:591)
	at org.testng.SuiteRunner.runTest(SuiteRunner.java:402)
	at org.testng.SuiteRunner.runSequentially(SuiteRunner.java:396)
	at org.testng.SuiteRunner.privateRun(SuiteRunner.java:355)
	at org.testng.SuiteRunner.run(SuiteRunner.java:304)
	at org.testng.SuiteRunnerWorker.runSuite(SuiteRunnerWorker.java:53)
	at org.testng.SuiteRunnerWorker.run(SuiteRunnerWorker.java:96)
	at org.testng.TestNG.runSuitesSequentially(TestNG.java:1180)
	at org.testng.TestNG.runSuitesLocally(TestNG.java:1102)
	at org.testng.TestNG.runSuites(TestNG.java:1032)
	at org.testng.TestNG.run(TestNG.java:1000)
	at org.testng.remote.AbstractRemoteTestNG.run(AbstractRemoteTestNG.java:115)
	at org.testng.remote.RemoteTestNG.initAndRun(RemoteTestNG.java:251)
	at org.testng.remote.RemoteTestNG.main(RemoteTestNG.java:77)
</pre></div></td>
<td>0</td>
<td>MultiThread1@13c10b87</td></tr>
<tr>
<td title='MultiThread1.claunchFB6()'><b>claunchFB6</b><br>Test class: MultiThread1</td>
<td><div><pre>org.openqa.selenium.SessionNotCreatedException: session not created
from disconnected: received Inspector.detached event
  (Session info: chrome=79.0.3945.130)
Build info: version: &apos;3.141.59&apos;, revision: &apos;e82be7d358&apos;, time: &apos;2018-11-14T08:17:03&apos;
System info: host: &apos;DESKTOP-83JUM21&apos;, ip: &apos;192.168.42.10&apos;, os.name: &apos;Windows 10&apos;, os.arch: &apos;amd64&apos;, os.version: &apos;10.0&apos;, java.version: &apos;13.0.1&apos;
Driver info: driver.version: ChromeDriver
remote stacktrace: Backtrace:
	Ordinal0 [0x00BBA113+1548563]
	Ordinal0 [0x00B3DDA1+1039777]
	Ordinal0 [0x00ABE485+517253]
	Ordinal0 [0x00AB70CB+487627]
	Ordinal0 [0x00AB6CE9+486633]
	Ordinal0 [0x00AB65E8+484840]
	Ordinal0 [0x00AB5D33+482611]
	Ordinal0 [0x00AB5E75+482933]
	Ordinal0 [0x00AB59B5+481717]
	Ordinal0 [0x00ABD1E5+512485]
	Ordinal0 [0x00AB5968+481640]
	Ordinal0 [0x00AB628B+483979]
	Ordinal0 [0x00AB5D33+482611]
	Ordinal0 [0x00AB5E75+482933]
	Ordinal0 [0x00AB59B5+481717]
	Ordinal0 [0x00ABBB0E+506638]
	Ordinal0 [0x00AB5968+481640]
	Ordinal0 [0x00AB628B+483979]
	Ordinal0 [0x00AB5D33+482611]
	Ordinal0 [0x00AB5E75+482933]
	Ordinal0 [0x00AB59B5+481717]
	Ordinal0 [0x00ABA37C+500604]
	Ordinal0 [0x00AB5968+481640]
	Ordinal0 [0x00AB628B+483979]
	Ordinal0 [0x00AB5D33+482611]
	Ordinal0 [0x00AB5E75+482933]
	Ordinal0 [0x00AB59B5+481717]
	Ordinal0 [0x00AB9A17+498199]
	Ordinal0 [0x00AB5968+481640]
	Ordinal0 [0x00AB628B+483979]
	Ordinal0 [0x00AB5D33+482611]
	Ordinal0 [0x00AB5E75+482933]
	Ordinal0 [0x00AB59B5+481717]
	Ordinal0 [0x00AB256C+468332]
	Ordinal0 [0x00AB5968+481640]
	Ordinal0 [0x00AB5844+481348]
	Ordinal0 [0x00ABF0D0+520400]
	Ordinal0 [0x00A6C030+180272]
	Ordinal0 [0x00A6B59D+177565]
	Ordinal0 [0x00A695FB+169467]
	Ordinal0 [0x00A5160A+71178]
	Ordinal0 [0x00A52690+75408]
	Ordinal0 [0x00A52629+75305]
	Ordinal0 [0x00B571B7+1143223]
	GetHandleVerifier [0x00C52B46+507814]
	GetHandleVerifier [0x00C52864+507076]
	GetHandleVerifier [0x00C59F47+537511]
	GetHandleVerifier [0x00C53402+510050]
	Ordinal0 [0x00B4F29C+1110684]
	Ordinal0 [0x00B5938B+1151883]
	Ordinal0 [0x00B594F3+1152243]
	Ordinal0 [0x00B583F5+1147893]
	BaseThreadInitThunk [0x73958494+36]
	RtlAreBitsSet [0x770C41C8+136]
	RtlAreBitsSet [0x770C4198+88]

	at java.base/jdk.internal.reflect.NativeConstructorAccessorImpl.newInstance0(Native Method)
	at java.base/jdk.internal.reflect.NativeConstructorAccessorImpl.newInstance(NativeConstructorAccessorImpl.java:62)
	at java.base/jdk.internal.reflect.DelegatingConstructorAccessorImpl.newInstance(DelegatingConstructorAccessorImpl.java:45)
	at java.base/java.lang.reflect.Constructor.newInstanceWithCaller(Constructor.java:500)
	at java.base/java.lang.reflect.Constructor.newInstance(Constructor.java:481)
	at org.openqa.selenium.remote.W3CHandshakeResponse.lambda$errorHandler$0(W3CHandshakeResponse.java:62)
	at org.openqa.selenium.remote.HandshakeResponse.lambda$getResponseFunction$0(HandshakeResponse.java:30)
	at org.openqa.selenium.remote.ProtocolHandshake.lambda$createSession$0(ProtocolHandshake.java:126)
	at java.base/java.util.stream.ReferencePipeline$3$1.accept(ReferencePipeline.java:195)
	at java.base/java.util.Spliterators$ArraySpliterator.tryAdvance(Spliterators.java:958)
	at java.base/java.util.stream.ReferencePipeline.forEachWithCancel(ReferencePipeline.java:127)
	at java.base/java.util.stream.AbstractPipeline.copyIntoWithCancel(AbstractPipeline.java:502)
	at java.base/java.util.stream.AbstractPipeline.copyInto(AbstractPipeline.java:488)
	at java.base/java.util.stream.AbstractPipeline.wrapAndCopyInto(AbstractPipeline.java:474)
	at java.base/java.util.stream.FindOps$FindOp.evaluateSequential(FindOps.java:150)
	at java.base/java.util.stream.AbstractPipeline.evaluate(AbstractPipeline.java:234)
	at java.base/java.util.stream.ReferencePipeline.findFirst(ReferencePipeline.java:543)
	at org.openqa.selenium.remote.ProtocolHandshake.createSession(ProtocolHandshake.java:128)
	at org.openqa.selenium.remote.ProtocolHandshake.createSession(ProtocolHandshake.java:74)
	at org.openqa.selenium.remote.HttpCommandExecutor.execute(HttpCommandExecutor.java:136)
	at org.openqa.selenium.remote.service.DriverCommandExecutor.execute(DriverCommandExecutor.java:83)
	at org.openqa.selenium.remote.RemoteWebDriver.execute(RemoteWebDriver.java:552)
	at org.openqa.selenium.remote.RemoteWebDriver.startSession(RemoteWebDriver.java:213)
	at org.openqa.selenium.remote.RemoteWebDriver.&lt;init&gt;(RemoteWebDriver.java:131)
	at org.openqa.selenium.chrome.ChromeDriver.&lt;init&gt;(ChromeDriver.java:181)
	at org.openqa.selenium.chrome.ChromeDriver.&lt;init&gt;(ChromeDriver.java:168)
	at org.openqa.selenium.chrome.ChromeDriver.&lt;init&gt;(ChromeDriver.java:123)
	at MultiThread.setup(MultiThread.java:23)
	at java.base/jdk.internal.reflect.NativeMethodAccessorImpl.invoke0(Native Method)
	at java.base/jdk.internal.reflect.NativeMethodAccessorImpl.invoke(NativeMethodAccessorImpl.java:62)
	at java.base/jdk.internal.reflect.DelegatingMethodAccessorImpl.invoke(DelegatingMethodAccessorImpl.java:43)
	at java.base/java.lang.reflect.Method.invoke(Method.java:567)
	at org.testng.internal.MethodInvocationHelper.invokeMethod(MethodInvocationHelper.java:133)
	at org.testng.internal.MethodInvocationHelper.invokeMethodConsideringTimeout(MethodInvocationHelper.java:62)
	at org.testng.internal.ConfigInvoker.invokeConfigurationMethod(ConfigInvoker.java:340)
	at org.testng.internal.ConfigInvoker.invokeConfigurations(ConfigInvoker.java:294)
	at org.testng.internal.TestInvoker.runConfigMethods(TestInvoker.java:683)
	at org.testng.internal.TestInvoker.invokeMethod(TestInvoker.java:510)
	at org.testng.internal.TestInvoker.invokeTestMethod(TestInvoker.java:172)
	at org.testng.internal.MethodRunner.runInSequence(MethodRunner.java:46)
	at org.testng.internal.TestInvoker$MethodInvocationAgent.invoke(TestInvoker.java:804)
	at org.testng.internal.TestInvoker.invokeTestMethods(TestInvoker.java:145)
	at org.testng.internal.TestMethodWorker.invokeTestMethods(TestMethodWorker.java:146)
	at org.testng.internal.TestMethodWorker.run(TestMethodWorker.java:128)
	at java.base/java.util.ArrayList.forEach(ArrayList.java:1507)
	at org.testng.TestRunner.privateRun(TestRunner.java:770)
	at org.testng.TestRunner.run(TestRunner.java:591)
	at org.testng.SuiteRunner.runTest(SuiteRunner.java:402)
	at org.testng.SuiteRunner.runSequentially(SuiteRunner.java:396)
	at org.testng.SuiteRunner.privateRun(SuiteRunner.java:355)
	at org.testng.SuiteRunner.run(SuiteRunner.java:304)
	at org.testng.SuiteRunnerWorker.runSuite(SuiteRunnerWorker.java:53)
	at org.testng.SuiteRunnerWorker.run(SuiteRunnerWorker.java:96)
	at org.testng.TestNG.runSuitesSequentially(TestNG.java:1180)
	at org.testng.TestNG.runSuitesLocally(TestNG.java:1102)
	at org.testng.TestNG.runSuites(TestNG.java:1032)
	at org.testng.TestNG.run(TestNG.java:1000)
	at org.testng.remote.AbstractRemoteTestNG.run(AbstractRemoteTestNG.java:115)
	at org.testng.remote.RemoteTestNG.initAndRun(RemoteTestNG.java:251)
	at org.testng.remote.RemoteTestNG.main(RemoteTestNG.java:77)
</pre></div><a href='#' onClick='toggleBox("stack-trace1464177809", this, "Click to show all stack frames", "Click to hide stack frames")'>Click to show all stack frames</a>
<div class='stack-trace' id='stack-trace1464177809'><pre>org.openqa.selenium.SessionNotCreatedException: session not created
from disconnected: received Inspector.detached event
  (Session info: chrome=79.0.3945.130)
Build info: version: &apos;3.141.59&apos;, revision: &apos;e82be7d358&apos;, time: &apos;2018-11-14T08:17:03&apos;
System info: host: &apos;DESKTOP-83JUM21&apos;, ip: &apos;192.168.42.10&apos;, os.name: &apos;Windows 10&apos;, os.arch: &apos;amd64&apos;, os.version: &apos;10.0&apos;, java.version: &apos;13.0.1&apos;
Driver info: driver.version: ChromeDriver
remote stacktrace: Backtrace:
	Ordinal0 [0x00BBA113+1548563]
	Ordinal0 [0x00B3DDA1+1039777]
	Ordinal0 [0x00ABE485+517253]
	Ordinal0 [0x00AB70CB+487627]
	Ordinal0 [0x00AB6CE9+486633]
	Ordinal0 [0x00AB65E8+484840]
	Ordinal0 [0x00AB5D33+482611]
	Ordinal0 [0x00AB5E75+482933]
	Ordinal0 [0x00AB59B5+481717]
	Ordinal0 [0x00ABD1E5+512485]
	Ordinal0 [0x00AB5968+481640]
	Ordinal0 [0x00AB628B+483979]
	Ordinal0 [0x00AB5D33+482611]
	Ordinal0 [0x00AB5E75+482933]
	Ordinal0 [0x00AB59B5+481717]
	Ordinal0 [0x00ABBB0E+506638]
	Ordinal0 [0x00AB5968+481640]
	Ordinal0 [0x00AB628B+483979]
	Ordinal0 [0x00AB5D33+482611]
	Ordinal0 [0x00AB5E75+482933]
	Ordinal0 [0x00AB59B5+481717]
	Ordinal0 [0x00ABA37C+500604]
	Ordinal0 [0x00AB5968+481640]
	Ordinal0 [0x00AB628B+483979]
	Ordinal0 [0x00AB5D33+482611]
	Ordinal0 [0x00AB5E75+482933]
	Ordinal0 [0x00AB59B5+481717]
	Ordinal0 [0x00AB9A17+498199]
	Ordinal0 [0x00AB5968+481640]
	Ordinal0 [0x00AB628B+483979]
	Ordinal0 [0x00AB5D33+482611]
	Ordinal0 [0x00AB5E75+482933]
	Ordinal0 [0x00AB59B5+481717]
	Ordinal0 [0x00AB256C+468332]
	Ordinal0 [0x00AB5968+481640]
	Ordinal0 [0x00AB5844+481348]
	Ordinal0 [0x00ABF0D0+520400]
	Ordinal0 [0x00A6C030+180272]
	Ordinal0 [0x00A6B59D+177565]
	Ordinal0 [0x00A695FB+169467]
	Ordinal0 [0x00A5160A+71178]
	Ordinal0 [0x00A52690+75408]
	Ordinal0 [0x00A52629+75305]
	Ordinal0 [0x00B571B7+1143223]
	GetHandleVerifier [0x00C52B46+507814]
	GetHandleVerifier [0x00C52864+507076]
	GetHandleVerifier [0x00C59F47+537511]
	GetHandleVerifier [0x00C53402+510050]
	Ordinal0 [0x00B4F29C+1110684]
	Ordinal0 [0x00B5938B+1151883]
	Ordinal0 [0x00B594F3+1152243]
	Ordinal0 [0x00B583F5+1147893]
	BaseThreadInitThunk [0x73958494+36]
	RtlAreBitsSet [0x770C41C8+136]
	RtlAreBitsSet [0x770C4198+88]

	at java.base/jdk.internal.reflect.NativeConstructorAccessorImpl.newInstance0(Native Method)
	at java.base/jdk.internal.reflect.NativeConstructorAccessorImpl.newInstance(NativeConstructorAccessorImpl.java:62)
	at java.base/jdk.internal.reflect.DelegatingConstructorAccessorImpl.newInstance(DelegatingConstructorAccessorImpl.java:45)
	at java.base/java.lang.reflect.Constructor.newInstanceWithCaller(Constructor.java:500)
	at java.base/java.lang.reflect.Constructor.newInstance(Constructor.java:481)
	at org.openqa.selenium.remote.W3CHandshakeResponse.lambda$errorHandler$0(W3CHandshakeResponse.java:62)
	at org.openqa.selenium.remote.HandshakeResponse.lambda$getResponseFunction$0(HandshakeResponse.java:30)
	at org.openqa.selenium.remote.ProtocolHandshake.lambda$createSession$0(ProtocolHandshake.java:126)
	at java.base/java.util.stream.ReferencePipeline$3$1.accept(ReferencePipeline.java:195)
	at java.base/java.util.Spliterators$ArraySpliterator.tryAdvance(Spliterators.java:958)
	at java.base/java.util.stream.ReferencePipeline.forEachWithCancel(ReferencePipeline.java:127)
	at java.base/java.util.stream.AbstractPipeline.copyIntoWithCancel(AbstractPipeline.java:502)
	at java.base/java.util.stream.AbstractPipeline.copyInto(AbstractPipeline.java:488)
	at java.base/java.util.stream.AbstractPipeline.wrapAndCopyInto(AbstractPipeline.java:474)
	at java.base/java.util.stream.FindOps$FindOp.evaluateSequential(FindOps.java:150)
	at java.base/java.util.stream.AbstractPipeline.evaluate(AbstractPipeline.java:234)
	at java.base/java.util.stream.ReferencePipeline.findFirst(ReferencePipeline.java:543)
	at org.openqa.selenium.remote.ProtocolHandshake.createSession(ProtocolHandshake.java:128)
	at org.openqa.selenium.remote.ProtocolHandshake.createSession(ProtocolHandshake.java:74)
	at org.openqa.selenium.remote.HttpCommandExecutor.execute(HttpCommandExecutor.java:136)
	at org.openqa.selenium.remote.service.DriverCommandExecutor.execute(DriverCommandExecutor.java:83)
	at org.openqa.selenium.remote.RemoteWebDriver.execute(RemoteWebDriver.java:552)
	at org.openqa.selenium.remote.RemoteWebDriver.startSession(RemoteWebDriver.java:213)
	at org.openqa.selenium.remote.RemoteWebDriver.&lt;init&gt;(RemoteWebDriver.java:131)
	at org.openqa.selenium.chrome.ChromeDriver.&lt;init&gt;(ChromeDriver.java:181)
	at org.openqa.selenium.chrome.ChromeDriver.&lt;init&gt;(ChromeDriver.java:168)
	at org.openqa.selenium.chrome.ChromeDriver.&lt;init&gt;(ChromeDriver.java:123)
	at MultiThread.setup(MultiThread.java:23)
	at java.base/jdk.internal.reflect.NativeMethodAccessorImpl.invoke0(Native Method)
	at java.base/jdk.internal.reflect.NativeMethodAccessorImpl.invoke(NativeMethodAccessorImpl.java:62)
	at java.base/jdk.internal.reflect.DelegatingMethodAccessorImpl.invoke(DelegatingMethodAccessorImpl.java:43)
	at java.base/java.lang.reflect.Method.invoke(Method.java:567)
	at org.testng.internal.MethodInvocationHelper.invokeMethod(MethodInvocationHelper.java:133)
	at org.testng.internal.MethodInvocationHelper.invokeMethodConsideringTimeout(MethodInvocationHelper.java:62)
	at org.testng.internal.ConfigInvoker.invokeConfigurationMethod(ConfigInvoker.java:340)
	at org.testng.internal.ConfigInvoker.invokeConfigurations(ConfigInvoker.java:294)
	at org.testng.internal.TestInvoker.runConfigMethods(TestInvoker.java:683)
	at org.testng.internal.TestInvoker.invokeMethod(TestInvoker.java:510)
	at org.testng.internal.TestInvoker.invokeTestMethod(TestInvoker.java:172)
	at org.testng.internal.MethodRunner.runInSequence(MethodRunner.java:46)
	at org.testng.internal.TestInvoker$MethodInvocationAgent.invoke(TestInvoker.java:804)
	at org.testng.internal.TestInvoker.invokeTestMethods(TestInvoker.java:145)
	at org.testng.internal.TestMethodWorker.invokeTestMethods(TestMethodWorker.java:146)
	at org.testng.internal.TestMethodWorker.run(TestMethodWorker.java:128)
	at java.base/java.util.ArrayList.forEach(ArrayList.java:1507)
	at org.testng.TestRunner.privateRun(TestRunner.java:770)
	at org.testng.TestRunner.run(TestRunner.java:591)
	at org.testng.SuiteRunner.runTest(SuiteRunner.java:402)
	at org.testng.SuiteRunner.runSequentially(SuiteRunner.java:396)
	at org.testng.SuiteRunner.privateRun(SuiteRunner.java:355)
	at org.testng.SuiteRunner.run(SuiteRunner.java:304)
	at org.testng.SuiteRunnerWorker.runSuite(SuiteRunnerWorker.java:53)
	at org.testng.SuiteRunnerWorker.run(SuiteRunnerWorker.java:96)
	at org.testng.TestNG.runSuitesSequentially(TestNG.java:1180)
	at org.testng.TestNG.runSuitesLocally(TestNG.java:1102)
	at org.testng.TestNG.runSuites(TestNG.java:1032)
	at org.testng.TestNG.run(TestNG.java:1000)
	at org.testng.remote.AbstractRemoteTestNG.run(AbstractRemoteTestNG.java:115)
	at org.testng.remote.RemoteTestNG.initAndRun(RemoteTestNG.java:251)
	at org.testng.remote.RemoteTestNG.main(RemoteTestNG.java:77)
</pre></div></td>
<td>0</td>
<td>MultiThread1@13c10b87</td></tr>
<tr>
<td title='MultiThread1.claunchFB7()'><b>claunchFB7</b><br>Test class: MultiThread1</td>
<td><div><pre>org.openqa.selenium.SessionNotCreatedException: session not created
from disconnected: received Inspector.detached event
  (Session info: chrome=79.0.3945.130)
Build info: version: &apos;3.141.59&apos;, revision: &apos;e82be7d358&apos;, time: &apos;2018-11-14T08:17:03&apos;
System info: host: &apos;DESKTOP-83JUM21&apos;, ip: &apos;192.168.42.10&apos;, os.name: &apos;Windows 10&apos;, os.arch: &apos;amd64&apos;, os.version: &apos;10.0&apos;, java.version: &apos;13.0.1&apos;
Driver info: driver.version: ChromeDriver
remote stacktrace: Backtrace:
	Ordinal0 [0x00BBA113+1548563]
	Ordinal0 [0x00B3DDA1+1039777]
	Ordinal0 [0x00ABE485+517253]
	Ordinal0 [0x00AB70CB+487627]
	Ordinal0 [0x00AB6CE9+486633]
	Ordinal0 [0x00AB65E8+484840]
	Ordinal0 [0x00AB5D33+482611]
	Ordinal0 [0x00AB5E75+482933]
	Ordinal0 [0x00AB59B5+481717]
	Ordinal0 [0x00ABD1E5+512485]
	Ordinal0 [0x00AB5968+481640]
	Ordinal0 [0x00AB628B+483979]
	Ordinal0 [0x00AB5D33+482611]
	Ordinal0 [0x00AB5E75+482933]
	Ordinal0 [0x00AB59B5+481717]
	Ordinal0 [0x00ABBB0E+506638]
	Ordinal0 [0x00AB5968+481640]
	Ordinal0 [0x00AB628B+483979]
	Ordinal0 [0x00AB5D33+482611]
	Ordinal0 [0x00AB5E75+482933]
	Ordinal0 [0x00AB59B5+481717]
	Ordinal0 [0x00ABA37C+500604]
	Ordinal0 [0x00AB5968+481640]
	Ordinal0 [0x00AB628B+483979]
	Ordinal0 [0x00AB5D33+482611]
	Ordinal0 [0x00AB5E75+482933]
	Ordinal0 [0x00AB59B5+481717]
	Ordinal0 [0x00AB9A17+498199]
	Ordinal0 [0x00AB5968+481640]
	Ordinal0 [0x00AB628B+483979]
	Ordinal0 [0x00AB5D33+482611]
	Ordinal0 [0x00AB5E75+482933]
	Ordinal0 [0x00AB59B5+481717]
	Ordinal0 [0x00AB256C+468332]
	Ordinal0 [0x00AB5968+481640]
	Ordinal0 [0x00AB5844+481348]
	Ordinal0 [0x00ABF0D0+520400]
	Ordinal0 [0x00A6C030+180272]
	Ordinal0 [0x00A6B59D+177565]
	Ordinal0 [0x00A695FB+169467]
	Ordinal0 [0x00A5160A+71178]
	Ordinal0 [0x00A52690+75408]
	Ordinal0 [0x00A52629+75305]
	Ordinal0 [0x00B571B7+1143223]
	GetHandleVerifier [0x00C52B46+507814]
	GetHandleVerifier [0x00C52864+507076]
	GetHandleVerifier [0x00C59F47+537511]
	GetHandleVerifier [0x00C53402+510050]
	Ordinal0 [0x00B4F29C+1110684]
	Ordinal0 [0x00B5938B+1151883]
	Ordinal0 [0x00B594F3+1152243]
	Ordinal0 [0x00B583F5+1147893]
	BaseThreadInitThunk [0x73958494+36]
	RtlAreBitsSet [0x770C41C8+136]
	RtlAreBitsSet [0x770C4198+88]

	at java.base/jdk.internal.reflect.NativeConstructorAccessorImpl.newInstance0(Native Method)
	at java.base/jdk.internal.reflect.NativeConstructorAccessorImpl.newInstance(NativeConstructorAccessorImpl.java:62)
	at java.base/jdk.internal.reflect.DelegatingConstructorAccessorImpl.newInstance(DelegatingConstructorAccessorImpl.java:45)
	at java.base/java.lang.reflect.Constructor.newInstanceWithCaller(Constructor.java:500)
	at java.base/java.lang.reflect.Constructor.newInstance(Constructor.java:481)
	at org.openqa.selenium.remote.W3CHandshakeResponse.lambda$errorHandler$0(W3CHandshakeResponse.java:62)
	at org.openqa.selenium.remote.HandshakeResponse.lambda$getResponseFunction$0(HandshakeResponse.java:30)
	at org.openqa.selenium.remote.ProtocolHandshake.lambda$createSession$0(ProtocolHandshake.java:126)
	at java.base/java.util.stream.ReferencePipeline$3$1.accept(ReferencePipeline.java:195)
	at java.base/java.util.Spliterators$ArraySpliterator.tryAdvance(Spliterators.java:958)
	at java.base/java.util.stream.ReferencePipeline.forEachWithCancel(ReferencePipeline.java:127)
	at java.base/java.util.stream.AbstractPipeline.copyIntoWithCancel(AbstractPipeline.java:502)
	at java.base/java.util.stream.AbstractPipeline.copyInto(AbstractPipeline.java:488)
	at java.base/java.util.stream.AbstractPipeline.wrapAndCopyInto(AbstractPipeline.java:474)
	at java.base/java.util.stream.FindOps$FindOp.evaluateSequential(FindOps.java:150)
	at java.base/java.util.stream.AbstractPipeline.evaluate(AbstractPipeline.java:234)
	at java.base/java.util.stream.ReferencePipeline.findFirst(ReferencePipeline.java:543)
	at org.openqa.selenium.remote.ProtocolHandshake.createSession(ProtocolHandshake.java:128)
	at org.openqa.selenium.remote.ProtocolHandshake.createSession(ProtocolHandshake.java:74)
	at org.openqa.selenium.remote.HttpCommandExecutor.execute(HttpCommandExecutor.java:136)
	at org.openqa.selenium.remote.service.DriverCommandExecutor.execute(DriverCommandExecutor.java:83)
	at org.openqa.selenium.remote.RemoteWebDriver.execute(RemoteWebDriver.java:552)
	at org.openqa.selenium.remote.RemoteWebDriver.startSession(RemoteWebDriver.java:213)
	at org.openqa.selenium.remote.RemoteWebDriver.&lt;init&gt;(RemoteWebDriver.java:131)
	at org.openqa.selenium.chrome.ChromeDriver.&lt;init&gt;(ChromeDriver.java:181)
	at org.openqa.selenium.chrome.ChromeDriver.&lt;init&gt;(ChromeDriver.java:168)
	at org.openqa.selenium.chrome.ChromeDriver.&lt;init&gt;(ChromeDriver.java:123)
	at MultiThread.setup(MultiThread.java:23)
	at java.base/jdk.internal.reflect.NativeMethodAccessorImpl.invoke0(Native Method)
	at java.base/jdk.internal.reflect.NativeMethodAccessorImpl.invoke(NativeMethodAccessorImpl.java:62)
	at java.base/jdk.internal.reflect.DelegatingMethodAccessorImpl.invoke(DelegatingMethodAccessorImpl.java:43)
	at java.base/java.lang.reflect.Method.invoke(Method.java:567)
	at org.testng.internal.MethodInvocationHelper.invokeMethod(MethodInvocationHelper.java:133)
	at org.testng.internal.MethodInvocationHelper.invokeMethodConsideringTimeout(MethodInvocationHelper.java:62)
	at org.testng.internal.ConfigInvoker.invokeConfigurationMethod(ConfigInvoker.java:340)
	at org.testng.internal.ConfigInvoker.invokeConfigurations(ConfigInvoker.java:294)
	at org.testng.internal.TestInvoker.runConfigMethods(TestInvoker.java:683)
	at org.testng.internal.TestInvoker.invokeMethod(TestInvoker.java:510)
	at org.testng.internal.TestInvoker.invokeTestMethod(TestInvoker.java:172)
	at org.testng.internal.MethodRunner.runInSequence(MethodRunner.java:46)
	at org.testng.internal.TestInvoker$MethodInvocationAgent.invoke(TestInvoker.java:804)
	at org.testng.internal.TestInvoker.invokeTestMethods(TestInvoker.java:145)
	at org.testng.internal.TestMethodWorker.invokeTestMethods(TestMethodWorker.java:146)
	at org.testng.internal.TestMethodWorker.run(TestMethodWorker.java:128)
	at java.base/java.util.ArrayList.forEach(ArrayList.java:1507)
	at org.testng.TestRunner.privateRun(TestRunner.java:770)
	at org.testng.TestRunner.run(TestRunner.java:591)
	at org.testng.SuiteRunner.runTest(SuiteRunner.java:402)
	at org.testng.SuiteRunner.runSequentially(SuiteRunner.java:396)
	at org.testng.SuiteRunner.privateRun(SuiteRunner.java:355)
	at org.testng.SuiteRunner.run(SuiteRunner.java:304)
	at org.testng.SuiteRunnerWorker.runSuite(SuiteRunnerWorker.java:53)
	at org.testng.SuiteRunnerWorker.run(SuiteRunnerWorker.java:96)
	at org.testng.TestNG.runSuitesSequentially(TestNG.java:1180)
	at org.testng.TestNG.runSuitesLocally(TestNG.java:1102)
	at org.testng.TestNG.runSuites(TestNG.java:1032)
	at org.testng.TestNG.run(TestNG.java:1000)
	at org.testng.remote.AbstractRemoteTestNG.run(AbstractRemoteTestNG.java:115)
	at org.testng.remote.RemoteTestNG.initAndRun(RemoteTestNG.java:251)
	at org.testng.remote.RemoteTestNG.main(RemoteTestNG.java:77)
</pre></div><a href='#' onClick='toggleBox("stack-trace2029780820", this, "Click to show all stack frames", "Click to hide stack frames")'>Click to show all stack frames</a>
<div class='stack-trace' id='stack-trace2029780820'><pre>org.openqa.selenium.SessionNotCreatedException: session not created
from disconnected: received Inspector.detached event
  (Session info: chrome=79.0.3945.130)
Build info: version: &apos;3.141.59&apos;, revision: &apos;e82be7d358&apos;, time: &apos;2018-11-14T08:17:03&apos;
System info: host: &apos;DESKTOP-83JUM21&apos;, ip: &apos;192.168.42.10&apos;, os.name: &apos;Windows 10&apos;, os.arch: &apos;amd64&apos;, os.version: &apos;10.0&apos;, java.version: &apos;13.0.1&apos;
Driver info: driver.version: ChromeDriver
remote stacktrace: Backtrace:
	Ordinal0 [0x00BBA113+1548563]
	Ordinal0 [0x00B3DDA1+1039777]
	Ordinal0 [0x00ABE485+517253]
	Ordinal0 [0x00AB70CB+487627]
	Ordinal0 [0x00AB6CE9+486633]
	Ordinal0 [0x00AB65E8+484840]
	Ordinal0 [0x00AB5D33+482611]
	Ordinal0 [0x00AB5E75+482933]
	Ordinal0 [0x00AB59B5+481717]
	Ordinal0 [0x00ABD1E5+512485]
	Ordinal0 [0x00AB5968+481640]
	Ordinal0 [0x00AB628B+483979]
	Ordinal0 [0x00AB5D33+482611]
	Ordinal0 [0x00AB5E75+482933]
	Ordinal0 [0x00AB59B5+481717]
	Ordinal0 [0x00ABBB0E+506638]
	Ordinal0 [0x00AB5968+481640]
	Ordinal0 [0x00AB628B+483979]
	Ordinal0 [0x00AB5D33+482611]
	Ordinal0 [0x00AB5E75+482933]
	Ordinal0 [0x00AB59B5+481717]
	Ordinal0 [0x00ABA37C+500604]
	Ordinal0 [0x00AB5968+481640]
	Ordinal0 [0x00AB628B+483979]
	Ordinal0 [0x00AB5D33+482611]
	Ordinal0 [0x00AB5E75+482933]
	Ordinal0 [0x00AB59B5+481717]
	Ordinal0 [0x00AB9A17+498199]
	Ordinal0 [0x00AB5968+481640]
	Ordinal0 [0x00AB628B+483979]
	Ordinal0 [0x00AB5D33+482611]
	Ordinal0 [0x00AB5E75+482933]
	Ordinal0 [0x00AB59B5+481717]
	Ordinal0 [0x00AB256C+468332]
	Ordinal0 [0x00AB5968+481640]
	Ordinal0 [0x00AB5844+481348]
	Ordinal0 [0x00ABF0D0+520400]
	Ordinal0 [0x00A6C030+180272]
	Ordinal0 [0x00A6B59D+177565]
	Ordinal0 [0x00A695FB+169467]
	Ordinal0 [0x00A5160A+71178]
	Ordinal0 [0x00A52690+75408]
	Ordinal0 [0x00A52629+75305]
	Ordinal0 [0x00B571B7+1143223]
	GetHandleVerifier [0x00C52B46+507814]
	GetHandleVerifier [0x00C52864+507076]
	GetHandleVerifier [0x00C59F47+537511]
	GetHandleVerifier [0x00C53402+510050]
	Ordinal0 [0x00B4F29C+1110684]
	Ordinal0 [0x00B5938B+1151883]
	Ordinal0 [0x00B594F3+1152243]
	Ordinal0 [0x00B583F5+1147893]
	BaseThreadInitThunk [0x73958494+36]
	RtlAreBitsSet [0x770C41C8+136]
	RtlAreBitsSet [0x770C4198+88]

	at java.base/jdk.internal.reflect.NativeConstructorAccessorImpl.newInstance0(Native Method)
	at java.base/jdk.internal.reflect.NativeConstructorAccessorImpl.newInstance(NativeConstructorAccessorImpl.java:62)
	at java.base/jdk.internal.reflect.DelegatingConstructorAccessorImpl.newInstance(DelegatingConstructorAccessorImpl.java:45)
	at java.base/java.lang.reflect.Constructor.newInstanceWithCaller(Constructor.java:500)
	at java.base/java.lang.reflect.Constructor.newInstance(Constructor.java:481)
	at org.openqa.selenium.remote.W3CHandshakeResponse.lambda$errorHandler$0(W3CHandshakeResponse.java:62)
	at org.openqa.selenium.remote.HandshakeResponse.lambda$getResponseFunction$0(HandshakeResponse.java:30)
	at org.openqa.selenium.remote.ProtocolHandshake.lambda$createSession$0(ProtocolHandshake.java:126)
	at java.base/java.util.stream.ReferencePipeline$3$1.accept(ReferencePipeline.java:195)
	at java.base/java.util.Spliterators$ArraySpliterator.tryAdvance(Spliterators.java:958)
	at java.base/java.util.stream.ReferencePipeline.forEachWithCancel(ReferencePipeline.java:127)
	at java.base/java.util.stream.AbstractPipeline.copyIntoWithCancel(AbstractPipeline.java:502)
	at java.base/java.util.stream.AbstractPipeline.copyInto(AbstractPipeline.java:488)
	at java.base/java.util.stream.AbstractPipeline.wrapAndCopyInto(AbstractPipeline.java:474)
	at java.base/java.util.stream.FindOps$FindOp.evaluateSequential(FindOps.java:150)
	at java.base/java.util.stream.AbstractPipeline.evaluate(AbstractPipeline.java:234)
	at java.base/java.util.stream.ReferencePipeline.findFirst(ReferencePipeline.java:543)
	at org.openqa.selenium.remote.ProtocolHandshake.createSession(ProtocolHandshake.java:128)
	at org.openqa.selenium.remote.ProtocolHandshake.createSession(ProtocolHandshake.java:74)
	at org.openqa.selenium.remote.HttpCommandExecutor.execute(HttpCommandExecutor.java:136)
	at org.openqa.selenium.remote.service.DriverCommandExecutor.execute(DriverCommandExecutor.java:83)
	at org.openqa.selenium.remote.RemoteWebDriver.execute(RemoteWebDriver.java:552)
	at org.openqa.selenium.remote.RemoteWebDriver.startSession(RemoteWebDriver.java:213)
	at org.openqa.selenium.remote.RemoteWebDriver.&lt;init&gt;(RemoteWebDriver.java:131)
	at org.openqa.selenium.chrome.ChromeDriver.&lt;init&gt;(ChromeDriver.java:181)
	at org.openqa.selenium.chrome.ChromeDriver.&lt;init&gt;(ChromeDriver.java:168)
	at org.openqa.selenium.chrome.ChromeDriver.&lt;init&gt;(ChromeDriver.java:123)
	at MultiThread.setup(MultiThread.java:23)
	at java.base/jdk.internal.reflect.NativeMethodAccessorImpl.invoke0(Native Method)
	at java.base/jdk.internal.reflect.NativeMethodAccessorImpl.invoke(NativeMethodAccessorImpl.java:62)
	at java.base/jdk.internal.reflect.DelegatingMethodAccessorImpl.invoke(DelegatingMethodAccessorImpl.java:43)
	at java.base/java.lang.reflect.Method.invoke(Method.java:567)
	at org.testng.internal.MethodInvocationHelper.invokeMethod(MethodInvocationHelper.java:133)
	at org.testng.internal.MethodInvocationHelper.invokeMethodConsideringTimeout(MethodInvocationHelper.java:62)
	at org.testng.internal.ConfigInvoker.invokeConfigurationMethod(ConfigInvoker.java:340)
	at org.testng.internal.ConfigInvoker.invokeConfigurations(ConfigInvoker.java:294)
	at org.testng.internal.TestInvoker.runConfigMethods(TestInvoker.java:683)
	at org.testng.internal.TestInvoker.invokeMethod(TestInvoker.java:510)
	at org.testng.internal.TestInvoker.invokeTestMethod(TestInvoker.java:172)
	at org.testng.internal.MethodRunner.runInSequence(MethodRunner.java:46)
	at org.testng.internal.TestInvoker$MethodInvocationAgent.invoke(TestInvoker.java:804)
	at org.testng.internal.TestInvoker.invokeTestMethods(TestInvoker.java:145)
	at org.testng.internal.TestMethodWorker.invokeTestMethods(TestMethodWorker.java:146)
	at org.testng.internal.TestMethodWorker.run(TestMethodWorker.java:128)
	at java.base/java.util.ArrayList.forEach(ArrayList.java:1507)
	at org.testng.TestRunner.privateRun(TestRunner.java:770)
	at org.testng.TestRunner.run(TestRunner.java:591)
	at org.testng.SuiteRunner.runTest(SuiteRunner.java:402)
	at org.testng.SuiteRunner.runSequentially(SuiteRunner.java:396)
	at org.testng.SuiteRunner.privateRun(SuiteRunner.java:355)
	at org.testng.SuiteRunner.run(SuiteRunner.java:304)
	at org.testng.SuiteRunnerWorker.runSuite(SuiteRunnerWorker.java:53)
	at org.testng.SuiteRunnerWorker.run(SuiteRunnerWorker.java:96)
	at org.testng.TestNG.runSuitesSequentially(TestNG.java:1180)
	at org.testng.TestNG.runSuitesLocally(TestNG.java:1102)
	at org.testng.TestNG.runSuites(TestNG.java:1032)
	at org.testng.TestNG.run(TestNG.java:1000)
	at org.testng.remote.AbstractRemoteTestNG.run(AbstractRemoteTestNG.java:115)
	at org.testng.remote.RemoteTestNG.initAndRun(RemoteTestNG.java:251)
	at org.testng.remote.RemoteTestNG.main(RemoteTestNG.java:77)
</pre></div></td>
<td>0</td>
<td>MultiThread1@13c10b87</td></tr>
<tr>
<td title='MultiThread1.claunchFB8()'><b>claunchFB8</b><br>Test class: MultiThread1</td>
<td><div><pre>org.openqa.selenium.SessionNotCreatedException: session not created
from disconnected: received Inspector.detached event
  (Session info: chrome=79.0.3945.130)
Build info: version: &apos;3.141.59&apos;, revision: &apos;e82be7d358&apos;, time: &apos;2018-11-14T08:17:03&apos;
System info: host: &apos;DESKTOP-83JUM21&apos;, ip: &apos;192.168.42.10&apos;, os.name: &apos;Windows 10&apos;, os.arch: &apos;amd64&apos;, os.version: &apos;10.0&apos;, java.version: &apos;13.0.1&apos;
Driver info: driver.version: ChromeDriver
remote stacktrace: Backtrace:
	Ordinal0 [0x00BBA113+1548563]
	Ordinal0 [0x00B3DDA1+1039777]
	Ordinal0 [0x00ABE485+517253]
	Ordinal0 [0x00AB70CB+487627]
	Ordinal0 [0x00AB6CE9+486633]
	Ordinal0 [0x00AB65E8+484840]
	Ordinal0 [0x00AB5D33+482611]
	Ordinal0 [0x00AB5E75+482933]
	Ordinal0 [0x00AB59B5+481717]
	Ordinal0 [0x00ABD1E5+512485]
	Ordinal0 [0x00AB5968+481640]
	Ordinal0 [0x00AB628B+483979]
	Ordinal0 [0x00AB5D33+482611]
	Ordinal0 [0x00AB5E75+482933]
	Ordinal0 [0x00AB59B5+481717]
	Ordinal0 [0x00ABBB0E+506638]
	Ordinal0 [0x00AB5968+481640]
	Ordinal0 [0x00AB628B+483979]
	Ordinal0 [0x00AB5D33+482611]
	Ordinal0 [0x00AB5E75+482933]
	Ordinal0 [0x00AB59B5+481717]
	Ordinal0 [0x00ABA37C+500604]
	Ordinal0 [0x00AB5968+481640]
	Ordinal0 [0x00AB628B+483979]
	Ordinal0 [0x00AB5D33+482611]
	Ordinal0 [0x00AB5E75+482933]
	Ordinal0 [0x00AB59B5+481717]
	Ordinal0 [0x00AB9A17+498199]
	Ordinal0 [0x00AB5968+481640]
	Ordinal0 [0x00AB628B+483979]
	Ordinal0 [0x00AB5D33+482611]
	Ordinal0 [0x00AB5E75+482933]
	Ordinal0 [0x00AB59B5+481717]
	Ordinal0 [0x00AB256C+468332]
	Ordinal0 [0x00AB5968+481640]
	Ordinal0 [0x00AB5844+481348]
	Ordinal0 [0x00ABF0D0+520400]
	Ordinal0 [0x00A6C030+180272]
	Ordinal0 [0x00A6B59D+177565]
	Ordinal0 [0x00A695FB+169467]
	Ordinal0 [0x00A5160A+71178]
	Ordinal0 [0x00A52690+75408]
	Ordinal0 [0x00A52629+75305]
	Ordinal0 [0x00B571B7+1143223]
	GetHandleVerifier [0x00C52B46+507814]
	GetHandleVerifier [0x00C52864+507076]
	GetHandleVerifier [0x00C59F47+537511]
	GetHandleVerifier [0x00C53402+510050]
	Ordinal0 [0x00B4F29C+1110684]
	Ordinal0 [0x00B5938B+1151883]
	Ordinal0 [0x00B594F3+1152243]
	Ordinal0 [0x00B583F5+1147893]
	BaseThreadInitThunk [0x73958494+36]
	RtlAreBitsSet [0x770C41C8+136]
	RtlAreBitsSet [0x770C4198+88]

	at java.base/jdk.internal.reflect.NativeConstructorAccessorImpl.newInstance0(Native Method)
	at java.base/jdk.internal.reflect.NativeConstructorAccessorImpl.newInstance(NativeConstructorAccessorImpl.java:62)
	at java.base/jdk.internal.reflect.DelegatingConstructorAccessorImpl.newInstance(DelegatingConstructorAccessorImpl.java:45)
	at java.base/java.lang.reflect.Constructor.newInstanceWithCaller(Constructor.java:500)
	at java.base/java.lang.reflect.Constructor.newInstance(Constructor.java:481)
	at org.openqa.selenium.remote.W3CHandshakeResponse.lambda$errorHandler$0(W3CHandshakeResponse.java:62)
	at org.openqa.selenium.remote.HandshakeResponse.lambda$getResponseFunction$0(HandshakeResponse.java:30)
	at org.openqa.selenium.remote.ProtocolHandshake.lambda$createSession$0(ProtocolHandshake.java:126)
	at java.base/java.util.stream.ReferencePipeline$3$1.accept(ReferencePipeline.java:195)
	at java.base/java.util.Spliterators$ArraySpliterator.tryAdvance(Spliterators.java:958)
	at java.base/java.util.stream.ReferencePipeline.forEachWithCancel(ReferencePipeline.java:127)
	at java.base/java.util.stream.AbstractPipeline.copyIntoWithCancel(AbstractPipeline.java:502)
	at java.base/java.util.stream.AbstractPipeline.copyInto(AbstractPipeline.java:488)
	at java.base/java.util.stream.AbstractPipeline.wrapAndCopyInto(AbstractPipeline.java:474)
	at java.base/java.util.stream.FindOps$FindOp.evaluateSequential(FindOps.java:150)
	at java.base/java.util.stream.AbstractPipeline.evaluate(AbstractPipeline.java:234)
	at java.base/java.util.stream.ReferencePipeline.findFirst(ReferencePipeline.java:543)
	at org.openqa.selenium.remote.ProtocolHandshake.createSession(ProtocolHandshake.java:128)
	at org.openqa.selenium.remote.ProtocolHandshake.createSession(ProtocolHandshake.java:74)
	at org.openqa.selenium.remote.HttpCommandExecutor.execute(HttpCommandExecutor.java:136)
	at org.openqa.selenium.remote.service.DriverCommandExecutor.execute(DriverCommandExecutor.java:83)
	at org.openqa.selenium.remote.RemoteWebDriver.execute(RemoteWebDriver.java:552)
	at org.openqa.selenium.remote.RemoteWebDriver.startSession(RemoteWebDriver.java:213)
	at org.openqa.selenium.remote.RemoteWebDriver.&lt;init&gt;(RemoteWebDriver.java:131)
	at org.openqa.selenium.chrome.ChromeDriver.&lt;init&gt;(ChromeDriver.java:181)
	at org.openqa.selenium.chrome.ChromeDriver.&lt;init&gt;(ChromeDriver.java:168)
	at org.openqa.selenium.chrome.ChromeDriver.&lt;init&gt;(ChromeDriver.java:123)
	at MultiThread.setup(MultiThread.java:23)
	at java.base/jdk.internal.reflect.NativeMethodAccessorImpl.invoke0(Native Method)
	at java.base/jdk.internal.reflect.NativeMethodAccessorImpl.invoke(NativeMethodAccessorImpl.java:62)
	at java.base/jdk.internal.reflect.DelegatingMethodAccessorImpl.invoke(DelegatingMethodAccessorImpl.java:43)
	at java.base/java.lang.reflect.Method.invoke(Method.java:567)
	at org.testng.internal.MethodInvocationHelper.invokeMethod(MethodInvocationHelper.java:133)
	at org.testng.internal.MethodInvocationHelper.invokeMethodConsideringTimeout(MethodInvocationHelper.java:62)
	at org.testng.internal.ConfigInvoker.invokeConfigurationMethod(ConfigInvoker.java:340)
	at org.testng.internal.ConfigInvoker.invokeConfigurations(ConfigInvoker.java:294)
	at org.testng.internal.TestInvoker.runConfigMethods(TestInvoker.java:683)
	at org.testng.internal.TestInvoker.invokeMethod(TestInvoker.java:510)
	at org.testng.internal.TestInvoker.invokeTestMethod(TestInvoker.java:172)
	at org.testng.internal.MethodRunner.runInSequence(MethodRunner.java:46)
	at org.testng.internal.TestInvoker$MethodInvocationAgent.invoke(TestInvoker.java:804)
	at org.testng.internal.TestInvoker.invokeTestMethods(TestInvoker.java:145)
	at org.testng.internal.TestMethodWorker.invokeTestMethods(TestMethodWorker.java:146)
	at org.testng.internal.TestMethodWorker.run(TestMethodWorker.java:128)
	at java.base/java.util.ArrayList.forEach(ArrayList.java:1507)
	at org.testng.TestRunner.privateRun(TestRunner.java:770)
	at org.testng.TestRunner.run(TestRunner.java:591)
	at org.testng.SuiteRunner.runTest(SuiteRunner.java:402)
	at org.testng.SuiteRunner.runSequentially(SuiteRunner.java:396)
	at org.testng.SuiteRunner.privateRun(SuiteRunner.java:355)
	at org.testng.SuiteRunner.run(SuiteRunner.java:304)
	at org.testng.SuiteRunnerWorker.runSuite(SuiteRunnerWorker.java:53)
	at org.testng.SuiteRunnerWorker.run(SuiteRunnerWorker.java:96)
	at org.testng.TestNG.runSuitesSequentially(TestNG.java:1180)
	at org.testng.TestNG.runSuitesLocally(TestNG.java:1102)
	at org.testng.TestNG.runSuites(TestNG.java:1032)
	at org.testng.TestNG.run(TestNG.java:1000)
	at org.testng.remote.AbstractRemoteTestNG.run(AbstractRemoteTestNG.java:115)
	at org.testng.remote.RemoteTestNG.initAndRun(RemoteTestNG.java:251)
	at org.testng.remote.RemoteTestNG.main(RemoteTestNG.java:77)
</pre></div><a href='#' onClick='toggleBox("stack-trace1172535934", this, "Click to show all stack frames", "Click to hide stack frames")'>Click to show all stack frames</a>
<div class='stack-trace' id='stack-trace1172535934'><pre>org.openqa.selenium.SessionNotCreatedException: session not created
from disconnected: received Inspector.detached event
  (Session info: chrome=79.0.3945.130)
Build info: version: &apos;3.141.59&apos;, revision: &apos;e82be7d358&apos;, time: &apos;2018-11-14T08:17:03&apos;
System info: host: &apos;DESKTOP-83JUM21&apos;, ip: &apos;192.168.42.10&apos;, os.name: &apos;Windows 10&apos;, os.arch: &apos;amd64&apos;, os.version: &apos;10.0&apos;, java.version: &apos;13.0.1&apos;
Driver info: driver.version: ChromeDriver
remote stacktrace: Backtrace:
	Ordinal0 [0x00BBA113+1548563]
	Ordinal0 [0x00B3DDA1+1039777]
	Ordinal0 [0x00ABE485+517253]
	Ordinal0 [0x00AB70CB+487627]
	Ordinal0 [0x00AB6CE9+486633]
	Ordinal0 [0x00AB65E8+484840]
	Ordinal0 [0x00AB5D33+482611]
	Ordinal0 [0x00AB5E75+482933]
	Ordinal0 [0x00AB59B5+481717]
	Ordinal0 [0x00ABD1E5+512485]
	Ordinal0 [0x00AB5968+481640]
	Ordinal0 [0x00AB628B+483979]
	Ordinal0 [0x00AB5D33+482611]
	Ordinal0 [0x00AB5E75+482933]
	Ordinal0 [0x00AB59B5+481717]
	Ordinal0 [0x00ABBB0E+506638]
	Ordinal0 [0x00AB5968+481640]
	Ordinal0 [0x00AB628B+483979]
	Ordinal0 [0x00AB5D33+482611]
	Ordinal0 [0x00AB5E75+482933]
	Ordinal0 [0x00AB59B5+481717]
	Ordinal0 [0x00ABA37C+500604]
	Ordinal0 [0x00AB5968+481640]
	Ordinal0 [0x00AB628B+483979]
	Ordinal0 [0x00AB5D33+482611]
	Ordinal0 [0x00AB5E75+482933]
	Ordinal0 [0x00AB59B5+481717]
	Ordinal0 [0x00AB9A17+498199]
	Ordinal0 [0x00AB5968+481640]
	Ordinal0 [0x00AB628B+483979]
	Ordinal0 [0x00AB5D33+482611]
	Ordinal0 [0x00AB5E75+482933]
	Ordinal0 [0x00AB59B5+481717]
	Ordinal0 [0x00AB256C+468332]
	Ordinal0 [0x00AB5968+481640]
	Ordinal0 [0x00AB5844+481348]
	Ordinal0 [0x00ABF0D0+520400]
	Ordinal0 [0x00A6C030+180272]
	Ordinal0 [0x00A6B59D+177565]
	Ordinal0 [0x00A695FB+169467]
	Ordinal0 [0x00A5160A+71178]
	Ordinal0 [0x00A52690+75408]
	Ordinal0 [0x00A52629+75305]
	Ordinal0 [0x00B571B7+1143223]
	GetHandleVerifier [0x00C52B46+507814]
	GetHandleVerifier [0x00C52864+507076]
	GetHandleVerifier [0x00C59F47+537511]
	GetHandleVerifier [0x00C53402+510050]
	Ordinal0 [0x00B4F29C+1110684]
	Ordinal0 [0x00B5938B+1151883]
	Ordinal0 [0x00B594F3+1152243]
	Ordinal0 [0x00B583F5+1147893]
	BaseThreadInitThunk [0x73958494+36]
	RtlAreBitsSet [0x770C41C8+136]
	RtlAreBitsSet [0x770C4198+88]

	at java.base/jdk.internal.reflect.NativeConstructorAccessorImpl.newInstance0(Native Method)
	at java.base/jdk.internal.reflect.NativeConstructorAccessorImpl.newInstance(NativeConstructorAccessorImpl.java:62)
	at java.base/jdk.internal.reflect.DelegatingConstructorAccessorImpl.newInstance(DelegatingConstructorAccessorImpl.java:45)
	at java.base/java.lang.reflect.Constructor.newInstanceWithCaller(Constructor.java:500)
	at java.base/java.lang.reflect.Constructor.newInstance(Constructor.java:481)
	at org.openqa.selenium.remote.W3CHandshakeResponse.lambda$errorHandler$0(W3CHandshakeResponse.java:62)
	at org.openqa.selenium.remote.HandshakeResponse.lambda$getResponseFunction$0(HandshakeResponse.java:30)
	at org.openqa.selenium.remote.ProtocolHandshake.lambda$createSession$0(ProtocolHandshake.java:126)
	at java.base/java.util.stream.ReferencePipeline$3$1.accept(ReferencePipeline.java:195)
	at java.base/java.util.Spliterators$ArraySpliterator.tryAdvance(Spliterators.java:958)
	at java.base/java.util.stream.ReferencePipeline.forEachWithCancel(ReferencePipeline.java:127)
	at java.base/java.util.stream.AbstractPipeline.copyIntoWithCancel(AbstractPipeline.java:502)
	at java.base/java.util.stream.AbstractPipeline.copyInto(AbstractPipeline.java:488)
	at java.base/java.util.stream.AbstractPipeline.wrapAndCopyInto(AbstractPipeline.java:474)
	at java.base/java.util.stream.FindOps$FindOp.evaluateSequential(FindOps.java:150)
	at java.base/java.util.stream.AbstractPipeline.evaluate(AbstractPipeline.java:234)
	at java.base/java.util.stream.ReferencePipeline.findFirst(ReferencePipeline.java:543)
	at org.openqa.selenium.remote.ProtocolHandshake.createSession(ProtocolHandshake.java:128)
	at org.openqa.selenium.remote.ProtocolHandshake.createSession(ProtocolHandshake.java:74)
	at org.openqa.selenium.remote.HttpCommandExecutor.execute(HttpCommandExecutor.java:136)
	at org.openqa.selenium.remote.service.DriverCommandExecutor.execute(DriverCommandExecutor.java:83)
	at org.openqa.selenium.remote.RemoteWebDriver.execute(RemoteWebDriver.java:552)
	at org.openqa.selenium.remote.RemoteWebDriver.startSession(RemoteWebDriver.java:213)
	at org.openqa.selenium.remote.RemoteWebDriver.&lt;init&gt;(RemoteWebDriver.java:131)
	at org.openqa.selenium.chrome.ChromeDriver.&lt;init&gt;(ChromeDriver.java:181)
	at org.openqa.selenium.chrome.ChromeDriver.&lt;init&gt;(ChromeDriver.java:168)
	at org.openqa.selenium.chrome.ChromeDriver.&lt;init&gt;(ChromeDriver.java:123)
	at MultiThread.setup(MultiThread.java:23)
	at java.base/jdk.internal.reflect.NativeMethodAccessorImpl.invoke0(Native Method)
	at java.base/jdk.internal.reflect.NativeMethodAccessorImpl.invoke(NativeMethodAccessorImpl.java:62)
	at java.base/jdk.internal.reflect.DelegatingMethodAccessorImpl.invoke(DelegatingMethodAccessorImpl.java:43)
	at java.base/java.lang.reflect.Method.invoke(Method.java:567)
	at org.testng.internal.MethodInvocationHelper.invokeMethod(MethodInvocationHelper.java:133)
	at org.testng.internal.MethodInvocationHelper.invokeMethodConsideringTimeout(MethodInvocationHelper.java:62)
	at org.testng.internal.ConfigInvoker.invokeConfigurationMethod(ConfigInvoker.java:340)
	at org.testng.internal.ConfigInvoker.invokeConfigurations(ConfigInvoker.java:294)
	at org.testng.internal.TestInvoker.runConfigMethods(TestInvoker.java:683)
	at org.testng.internal.TestInvoker.invokeMethod(TestInvoker.java:510)
	at org.testng.internal.TestInvoker.invokeTestMethod(TestInvoker.java:172)
	at org.testng.internal.MethodRunner.runInSequence(MethodRunner.java:46)
	at org.testng.internal.TestInvoker$MethodInvocationAgent.invoke(TestInvoker.java:804)
	at org.testng.internal.TestInvoker.invokeTestMethods(TestInvoker.java:145)
	at org.testng.internal.TestMethodWorker.invokeTestMethods(TestMethodWorker.java:146)
	at org.testng.internal.TestMethodWorker.run(TestMethodWorker.java:128)
	at java.base/java.util.ArrayList.forEach(ArrayList.java:1507)
	at org.testng.TestRunner.privateRun(TestRunner.java:770)
	at org.testng.TestRunner.run(TestRunner.java:591)
	at org.testng.SuiteRunner.runTest(SuiteRunner.java:402)
	at org.testng.SuiteRunner.runSequentially(SuiteRunner.java:396)
	at org.testng.SuiteRunner.privateRun(SuiteRunner.java:355)
	at org.testng.SuiteRunner.run(SuiteRunner.java:304)
	at org.testng.SuiteRunnerWorker.runSuite(SuiteRunnerWorker.java:53)
	at org.testng.SuiteRunnerWorker.run(SuiteRunnerWorker.java:96)
	at org.testng.TestNG.runSuitesSequentially(TestNG.java:1180)
	at org.testng.TestNG.runSuitesLocally(TestNG.java:1102)
	at org.testng.TestNG.runSuites(TestNG.java:1032)
	at org.testng.TestNG.run(TestNG.java:1000)
	at org.testng.remote.AbstractRemoteTestNG.run(AbstractRemoteTestNG.java:115)
	at org.testng.remote.RemoteTestNG.initAndRun(RemoteTestNG.java:251)
	at org.testng.remote.RemoteTestNG.main(RemoteTestNG.java:77)
</pre></div></td>
<td>0</td>
<td>MultiThread1@13c10b87</td></tr>
<tr>
<td title='MultiThread1.claunchFB9()'><b>claunchFB9</b><br>Test class: MultiThread1</td>
<td><div><pre>org.openqa.selenium.SessionNotCreatedException: session not created
from disconnected: received Inspector.detached event
  (Session info: chrome=79.0.3945.130)
Build info: version: &apos;3.141.59&apos;, revision: &apos;e82be7d358&apos;, time: &apos;2018-11-14T08:17:03&apos;
System info: host: &apos;DESKTOP-83JUM21&apos;, ip: &apos;192.168.42.10&apos;, os.name: &apos;Windows 10&apos;, os.arch: &apos;amd64&apos;, os.version: &apos;10.0&apos;, java.version: &apos;13.0.1&apos;
Driver info: driver.version: ChromeDriver
remote stacktrace: Backtrace:
	Ordinal0 [0x00BBA113+1548563]
	Ordinal0 [0x00B3DDA1+1039777]
	Ordinal0 [0x00ABE485+517253]
	Ordinal0 [0x00AB70CB+487627]
	Ordinal0 [0x00AB6CE9+486633]
	Ordinal0 [0x00AB65E8+484840]
	Ordinal0 [0x00AB5D33+482611]
	Ordinal0 [0x00AB5E75+482933]
	Ordinal0 [0x00AB59B5+481717]
	Ordinal0 [0x00ABD1E5+512485]
	Ordinal0 [0x00AB5968+481640]
	Ordinal0 [0x00AB628B+483979]
	Ordinal0 [0x00AB5D33+482611]
	Ordinal0 [0x00AB5E75+482933]
	Ordinal0 [0x00AB59B5+481717]
	Ordinal0 [0x00ABBB0E+506638]
	Ordinal0 [0x00AB5968+481640]
	Ordinal0 [0x00AB628B+483979]
	Ordinal0 [0x00AB5D33+482611]
	Ordinal0 [0x00AB5E75+482933]
	Ordinal0 [0x00AB59B5+481717]
	Ordinal0 [0x00ABA37C+500604]
	Ordinal0 [0x00AB5968+481640]
	Ordinal0 [0x00AB628B+483979]
	Ordinal0 [0x00AB5D33+482611]
	Ordinal0 [0x00AB5E75+482933]
	Ordinal0 [0x00AB59B5+481717]
	Ordinal0 [0x00AB9A17+498199]
	Ordinal0 [0x00AB5968+481640]
	Ordinal0 [0x00AB628B+483979]
	Ordinal0 [0x00AB5D33+482611]
	Ordinal0 [0x00AB5E75+482933]
	Ordinal0 [0x00AB59B5+481717]
	Ordinal0 [0x00AB256C+468332]
	Ordinal0 [0x00AB5968+481640]
	Ordinal0 [0x00AB5844+481348]
	Ordinal0 [0x00ABF0D0+520400]
	Ordinal0 [0x00A6C030+180272]
	Ordinal0 [0x00A6B59D+177565]
	Ordinal0 [0x00A695FB+169467]
	Ordinal0 [0x00A5160A+71178]
	Ordinal0 [0x00A52690+75408]
	Ordinal0 [0x00A52629+75305]
	Ordinal0 [0x00B571B7+1143223]
	GetHandleVerifier [0x00C52B46+507814]
	GetHandleVerifier [0x00C52864+507076]
	GetHandleVerifier [0x00C59F47+537511]
	GetHandleVerifier [0x00C53402+510050]
	Ordinal0 [0x00B4F29C+1110684]
	Ordinal0 [0x00B5938B+1151883]
	Ordinal0 [0x00B594F3+1152243]
	Ordinal0 [0x00B583F5+1147893]
	BaseThreadInitThunk [0x73958494+36]
	RtlAreBitsSet [0x770C41C8+136]
	RtlAreBitsSet [0x770C4198+88]

	at java.base/jdk.internal.reflect.NativeConstructorAccessorImpl.newInstance0(Native Method)
	at java.base/jdk.internal.reflect.NativeConstructorAccessorImpl.newInstance(NativeConstructorAccessorImpl.java:62)
	at java.base/jdk.internal.reflect.DelegatingConstructorAccessorImpl.newInstance(DelegatingConstructorAccessorImpl.java:45)
	at java.base/java.lang.reflect.Constructor.newInstanceWithCaller(Constructor.java:500)
	at java.base/java.lang.reflect.Constructor.newInstance(Constructor.java:481)
	at org.openqa.selenium.remote.W3CHandshakeResponse.lambda$errorHandler$0(W3CHandshakeResponse.java:62)
	at org.openqa.selenium.remote.HandshakeResponse.lambda$getResponseFunction$0(HandshakeResponse.java:30)
	at org.openqa.selenium.remote.ProtocolHandshake.lambda$createSession$0(ProtocolHandshake.java:126)
	at java.base/java.util.stream.ReferencePipeline$3$1.accept(ReferencePipeline.java:195)
	at java.base/java.util.Spliterators$ArraySpliterator.tryAdvance(Spliterators.java:958)
	at java.base/java.util.stream.ReferencePipeline.forEachWithCancel(ReferencePipeline.java:127)
	at java.base/java.util.stream.AbstractPipeline.copyIntoWithCancel(AbstractPipeline.java:502)
	at java.base/java.util.stream.AbstractPipeline.copyInto(AbstractPipeline.java:488)
	at java.base/java.util.stream.AbstractPipeline.wrapAndCopyInto(AbstractPipeline.java:474)
	at java.base/java.util.stream.FindOps$FindOp.evaluateSequential(FindOps.java:150)
	at java.base/java.util.stream.AbstractPipeline.evaluate(AbstractPipeline.java:234)
	at java.base/java.util.stream.ReferencePipeline.findFirst(ReferencePipeline.java:543)
	at org.openqa.selenium.remote.ProtocolHandshake.createSession(ProtocolHandshake.java:128)
	at org.openqa.selenium.remote.ProtocolHandshake.createSession(ProtocolHandshake.java:74)
	at org.openqa.selenium.remote.HttpCommandExecutor.execute(HttpCommandExecutor.java:136)
	at org.openqa.selenium.remote.service.DriverCommandExecutor.execute(DriverCommandExecutor.java:83)
	at org.openqa.selenium.remote.RemoteWebDriver.execute(RemoteWebDriver.java:552)
	at org.openqa.selenium.remote.RemoteWebDriver.startSession(RemoteWebDriver.java:213)
	at org.openqa.selenium.remote.RemoteWebDriver.&lt;init&gt;(RemoteWebDriver.java:131)
	at org.openqa.selenium.chrome.ChromeDriver.&lt;init&gt;(ChromeDriver.java:181)
	at org.openqa.selenium.chrome.ChromeDriver.&lt;init&gt;(ChromeDriver.java:168)
	at org.openqa.selenium.chrome.ChromeDriver.&lt;init&gt;(ChromeDriver.java:123)
	at MultiThread.setup(MultiThread.java:23)
	at java.base/jdk.internal.reflect.NativeMethodAccessorImpl.invoke0(Native Method)
	at java.base/jdk.internal.reflect.NativeMethodAccessorImpl.invoke(NativeMethodAccessorImpl.java:62)
	at java.base/jdk.internal.reflect.DelegatingMethodAccessorImpl.invoke(DelegatingMethodAccessorImpl.java:43)
	at java.base/java.lang.reflect.Method.invoke(Method.java:567)
	at org.testng.internal.MethodInvocationHelper.invokeMethod(MethodInvocationHelper.java:133)
	at org.testng.internal.MethodInvocationHelper.invokeMethodConsideringTimeout(MethodInvocationHelper.java:62)
	at org.testng.internal.ConfigInvoker.invokeConfigurationMethod(ConfigInvoker.java:340)
	at org.testng.internal.ConfigInvoker.invokeConfigurations(ConfigInvoker.java:294)
	at org.testng.internal.TestInvoker.runConfigMethods(TestInvoker.java:683)
	at org.testng.internal.TestInvoker.invokeMethod(TestInvoker.java:510)
	at org.testng.internal.TestInvoker.invokeTestMethod(TestInvoker.java:172)
	at org.testng.internal.MethodRunner.runInSequence(MethodRunner.java:46)
	at org.testng.internal.TestInvoker$MethodInvocationAgent.invoke(TestInvoker.java:804)
	at org.testng.internal.TestInvoker.invokeTestMethods(TestInvoker.java:145)
	at org.testng.internal.TestMethodWorker.invokeTestMethods(TestMethodWorker.java:146)
	at org.testng.internal.TestMethodWorker.run(TestMethodWorker.java:128)
	at java.base/java.util.ArrayList.forEach(ArrayList.java:1507)
	at org.testng.TestRunner.privateRun(TestRunner.java:770)
	at org.testng.TestRunner.run(TestRunner.java:591)
	at org.testng.SuiteRunner.runTest(SuiteRunner.java:402)
	at org.testng.SuiteRunner.runSequentially(SuiteRunner.java:396)
	at org.testng.SuiteRunner.privateRun(SuiteRunner.java:355)
	at org.testng.SuiteRunner.run(SuiteRunner.java:304)
	at org.testng.SuiteRunnerWorker.runSuite(SuiteRunnerWorker.java:53)
	at org.testng.SuiteRunnerWorker.run(SuiteRunnerWorker.java:96)
	at org.testng.TestNG.runSuitesSequentially(TestNG.java:1180)
	at org.testng.TestNG.runSuitesLocally(TestNG.java:1102)
	at org.testng.TestNG.runSuites(TestNG.java:1032)
	at org.testng.TestNG.run(TestNG.java:1000)
	at org.testng.remote.AbstractRemoteTestNG.run(AbstractRemoteTestNG.java:115)
	at org.testng.remote.RemoteTestNG.initAndRun(RemoteTestNG.java:251)
	at org.testng.remote.RemoteTestNG.main(RemoteTestNG.java:77)
</pre></div><a href='#' onClick='toggleBox("stack-trace94830685", this, "Click to show all stack frames", "Click to hide stack frames")'>Click to show all stack frames</a>
<div class='stack-trace' id='stack-trace94830685'><pre>org.openqa.selenium.SessionNotCreatedException: session not created
from disconnected: received Inspector.detached event
  (Session info: chrome=79.0.3945.130)
Build info: version: &apos;3.141.59&apos;, revision: &apos;e82be7d358&apos;, time: &apos;2018-11-14T08:17:03&apos;
System info: host: &apos;DESKTOP-83JUM21&apos;, ip: &apos;192.168.42.10&apos;, os.name: &apos;Windows 10&apos;, os.arch: &apos;amd64&apos;, os.version: &apos;10.0&apos;, java.version: &apos;13.0.1&apos;
Driver info: driver.version: ChromeDriver
remote stacktrace: Backtrace:
	Ordinal0 [0x00BBA113+1548563]
	Ordinal0 [0x00B3DDA1+1039777]
	Ordinal0 [0x00ABE485+517253]
	Ordinal0 [0x00AB70CB+487627]
	Ordinal0 [0x00AB6CE9+486633]
	Ordinal0 [0x00AB65E8+484840]
	Ordinal0 [0x00AB5D33+482611]
	Ordinal0 [0x00AB5E75+482933]
	Ordinal0 [0x00AB59B5+481717]
	Ordinal0 [0x00ABD1E5+512485]
	Ordinal0 [0x00AB5968+481640]
	Ordinal0 [0x00AB628B+483979]
	Ordinal0 [0x00AB5D33+482611]
	Ordinal0 [0x00AB5E75+482933]
	Ordinal0 [0x00AB59B5+481717]
	Ordinal0 [0x00ABBB0E+506638]
	Ordinal0 [0x00AB5968+481640]
	Ordinal0 [0x00AB628B+483979]
	Ordinal0 [0x00AB5D33+482611]
	Ordinal0 [0x00AB5E75+482933]
	Ordinal0 [0x00AB59B5+481717]
	Ordinal0 [0x00ABA37C+500604]
	Ordinal0 [0x00AB5968+481640]
	Ordinal0 [0x00AB628B+483979]
	Ordinal0 [0x00AB5D33+482611]
	Ordinal0 [0x00AB5E75+482933]
	Ordinal0 [0x00AB59B5+481717]
	Ordinal0 [0x00AB9A17+498199]
	Ordinal0 [0x00AB5968+481640]
	Ordinal0 [0x00AB628B+483979]
	Ordinal0 [0x00AB5D33+482611]
	Ordinal0 [0x00AB5E75+482933]
	Ordinal0 [0x00AB59B5+481717]
	Ordinal0 [0x00AB256C+468332]
	Ordinal0 [0x00AB5968+481640]
	Ordinal0 [0x00AB5844+481348]
	Ordinal0 [0x00ABF0D0+520400]
	Ordinal0 [0x00A6C030+180272]
	Ordinal0 [0x00A6B59D+177565]
	Ordinal0 [0x00A695FB+169467]
	Ordinal0 [0x00A5160A+71178]
	Ordinal0 [0x00A52690+75408]
	Ordinal0 [0x00A52629+75305]
	Ordinal0 [0x00B571B7+1143223]
	GetHandleVerifier [0x00C52B46+507814]
	GetHandleVerifier [0x00C52864+507076]
	GetHandleVerifier [0x00C59F47+537511]
	GetHandleVerifier [0x00C53402+510050]
	Ordinal0 [0x00B4F29C+1110684]
	Ordinal0 [0x00B5938B+1151883]
	Ordinal0 [0x00B594F3+1152243]
	Ordinal0 [0x00B583F5+1147893]
	BaseThreadInitThunk [0x73958494+36]
	RtlAreBitsSet [0x770C41C8+136]
	RtlAreBitsSet [0x770C4198+88]

	at java.base/jdk.internal.reflect.NativeConstructorAccessorImpl.newInstance0(Native Method)
	at java.base/jdk.internal.reflect.NativeConstructorAccessorImpl.newInstance(NativeConstructorAccessorImpl.java:62)
	at java.base/jdk.internal.reflect.DelegatingConstructorAccessorImpl.newInstance(DelegatingConstructorAccessorImpl.java:45)
	at java.base/java.lang.reflect.Constructor.newInstanceWithCaller(Constructor.java:500)
	at java.base/java.lang.reflect.Constructor.newInstance(Constructor.java:481)
	at org.openqa.selenium.remote.W3CHandshakeResponse.lambda$errorHandler$0(W3CHandshakeResponse.java:62)
	at org.openqa.selenium.remote.HandshakeResponse.lambda$getResponseFunction$0(HandshakeResponse.java:30)
	at org.openqa.selenium.remote.ProtocolHandshake.lambda$createSession$0(ProtocolHandshake.java:126)
	at java.base/java.util.stream.ReferencePipeline$3$1.accept(ReferencePipeline.java:195)
	at java.base/java.util.Spliterators$ArraySpliterator.tryAdvance(Spliterators.java:958)
	at java.base/java.util.stream.ReferencePipeline.forEachWithCancel(ReferencePipeline.java:127)
	at java.base/java.util.stream.AbstractPipeline.copyIntoWithCancel(AbstractPipeline.java:502)
	at java.base/java.util.stream.AbstractPipeline.copyInto(AbstractPipeline.java:488)
	at java.base/java.util.stream.AbstractPipeline.wrapAndCopyInto(AbstractPipeline.java:474)
	at java.base/java.util.stream.FindOps$FindOp.evaluateSequential(FindOps.java:150)
	at java.base/java.util.stream.AbstractPipeline.evaluate(AbstractPipeline.java:234)
	at java.base/java.util.stream.ReferencePipeline.findFirst(ReferencePipeline.java:543)
	at org.openqa.selenium.remote.ProtocolHandshake.createSession(ProtocolHandshake.java:128)
	at org.openqa.selenium.remote.ProtocolHandshake.createSession(ProtocolHandshake.java:74)
	at org.openqa.selenium.remote.HttpCommandExecutor.execute(HttpCommandExecutor.java:136)
	at org.openqa.selenium.remote.service.DriverCommandExecutor.execute(DriverCommandExecutor.java:83)
	at org.openqa.selenium.remote.RemoteWebDriver.execute(RemoteWebDriver.java:552)
	at org.openqa.selenium.remote.RemoteWebDriver.startSession(RemoteWebDriver.java:213)
	at org.openqa.selenium.remote.RemoteWebDriver.&lt;init&gt;(RemoteWebDriver.java:131)
	at org.openqa.selenium.chrome.ChromeDriver.&lt;init&gt;(ChromeDriver.java:181)
	at org.openqa.selenium.chrome.ChromeDriver.&lt;init&gt;(ChromeDriver.java:168)
	at org.openqa.selenium.chrome.ChromeDriver.&lt;init&gt;(ChromeDriver.java:123)
	at MultiThread.setup(MultiThread.java:23)
	at java.base/jdk.internal.reflect.NativeMethodAccessorImpl.invoke0(Native Method)
	at java.base/jdk.internal.reflect.NativeMethodAccessorImpl.invoke(NativeMethodAccessorImpl.java:62)
	at java.base/jdk.internal.reflect.DelegatingMethodAccessorImpl.invoke(DelegatingMethodAccessorImpl.java:43)
	at java.base/java.lang.reflect.Method.invoke(Method.java:567)
	at org.testng.internal.MethodInvocationHelper.invokeMethod(MethodInvocationHelper.java:133)
	at org.testng.internal.MethodInvocationHelper.invokeMethodConsideringTimeout(MethodInvocationHelper.java:62)
	at org.testng.internal.ConfigInvoker.invokeConfigurationMethod(ConfigInvoker.java:340)
	at org.testng.internal.ConfigInvoker.invokeConfigurations(ConfigInvoker.java:294)
	at org.testng.internal.TestInvoker.runConfigMethods(TestInvoker.java:683)
	at org.testng.internal.TestInvoker.invokeMethod(TestInvoker.java:510)
	at org.testng.internal.TestInvoker.invokeTestMethod(TestInvoker.java:172)
	at org.testng.internal.MethodRunner.runInSequence(MethodRunner.java:46)
	at org.testng.internal.TestInvoker$MethodInvocationAgent.invoke(TestInvoker.java:804)
	at org.testng.internal.TestInvoker.invokeTestMethods(TestInvoker.java:145)
	at org.testng.internal.TestMethodWorker.invokeTestMethods(TestMethodWorker.java:146)
	at org.testng.internal.TestMethodWorker.run(TestMethodWorker.java:128)
	at java.base/java.util.ArrayList.forEach(ArrayList.java:1507)
	at org.testng.TestRunner.privateRun(TestRunner.java:770)
	at org.testng.TestRunner.run(TestRunner.java:591)
	at org.testng.SuiteRunner.runTest(SuiteRunner.java:402)
	at org.testng.SuiteRunner.runSequentially(SuiteRunner.java:396)
	at org.testng.SuiteRunner.privateRun(SuiteRunner.java:355)
	at org.testng.SuiteRunner.run(SuiteRunner.java:304)
	at org.testng.SuiteRunnerWorker.runSuite(SuiteRunnerWorker.java:53)
	at org.testng.SuiteRunnerWorker.run(SuiteRunnerWorker.java:96)
	at org.testng.TestNG.runSuitesSequentially(TestNG.java:1180)
	at org.testng.TestNG.runSuitesLocally(TestNG.java:1102)
	at org.testng.TestNG.runSuites(TestNG.java:1032)
	at org.testng.TestNG.run(TestNG.java:1000)
	at org.testng.remote.AbstractRemoteTestNG.run(AbstractRemoteTestNG.java:115)
	at org.testng.remote.RemoteTestNG.initAndRun(RemoteTestNG.java:251)
	at org.testng.remote.RemoteTestNG.main(RemoteTestNG.java:77)
</pre></div></td>
<td>0</td>
<td>MultiThread1@13c10b87</td></tr>
</table><p>
</body>
</html>