<?xml version="1.0" encoding="UTF-8"?>
<!-- Generated by org.testng.reporters.JUnitReportReporter -->
<testsuite hostname="DESKTOP-83JUM21" failures="0" tests="2" name="Third" time="8.542" errors="1" timestamp="2020-02-17T00:00:40 IST" skipped="1">
  <testcase classname="Third" name="thirdst" time="0.000">
    <skipped/>
  </testcase> <!-- thirdst -->
  <testcase classname="Third" name="setup" time="8.542">
    <error message="session not created
from chrome not reachable
  (Session info: chrome=79.0.3945.130)
Build info: version: &#039;3.141.59&#039;, revision: &#039;e82be7d358&#039;, time: &#039;2018-11-14T08:17:03&#039;
System info: host: &#039;DESKTOP-83JUM21&#039;, ip: &#039;192.168.42.10&#039;, os.name: &#039;Windows 10&#039;, os.arch: &#039;amd64&#039;, os.version: &#039;10.0&#039;, java.version: &#039;13.0.1&#039;
Driver info: driver.version: ChromeDriver
remote stacktrace: Backtrace:
	Ordinal0 [0x00BBA113+1548563]
	Ordinal0 [0x00B3DDA1+1039777]
	Ordinal0 [0x00ABE32E+516910]
	Ordinal0 [0x00AB8012+491538]
	Ordinal0 [0x00AB86EB+493291]
	Ordinal0 [0x00AB9855+497749]
	Ordinal0 [0x00AB5885+481413]
	Ordinal0 [0x00ABF0D0+520400]
	Ordinal0 [0x00A6C030+180272]
	Ordinal0 [0x00A6B59D+177565]
	Ordinal0 [0x00A695FB+169467]
	Ordinal0 [0x00A5160A+71178]
	Ordinal0 [0x00A52690+75408]
	Ordinal0 [0x00A52629+75305]
	Ordinal0 [0x00B571B7+1143223]
	GetHandleVerifier [0x00C52B46+507814]
	GetHandleVerifier [0x00C52864+507076]
	GetHandleVerifier [0x00C59F47+537511]
	GetHandleVerifier [0x00C53402+510050]
	Ordinal0 [0x00B4F29C+1110684]
	Ordinal0 [0x00B5938B+1151883]
	Ordinal0 [0x00B594F3+1152243]
	Ordinal0 [0x00B583F5+1147893]
	BaseThreadInitThunk [0x73958494+36]
	RtlAreBitsSet [0x770C41C8+136]
	RtlAreBitsSet [0x770C4198+88]
" type="org.openqa.selenium.SessionNotCreatedException">
      <![CDATA[org.openqa.selenium.SessionNotCreatedException: session not created
from chrome not reachable
  (Session info: chrome=79.0.3945.130)
Build info: version: '3.141.59', revision: 'e82be7d358', time: '2018-11-14T08:17:03'
System info: host: 'DESKTOP-83JUM21', ip: '192.168.42.10', os.name: 'Windows 10', os.arch: 'amd64', os.version: '10.0', java.version: '13.0.1'
Driver info: driver.version: ChromeDriver
remote stacktrace: Backtrace:
Ordinal0 [0x00BBA113+1548563]
Ordinal0 [0x00B3DDA1+1039777]
Ordinal0 [0x00ABE32E+516910]
Ordinal0 [0x00AB8012+491538]
Ordinal0 [0x00AB86EB+493291]
Ordinal0 [0x00AB9855+497749]
Ordinal0 [0x00AB5885+481413]
Ordinal0 [0x00ABF0D0+520400]
Ordinal0 [0x00A6C030+180272]
Ordinal0 [0x00A6B59D+177565]
Ordinal0 [0x00A695FB+169467]
Ordinal0 [0x00A5160A+71178]
Ordinal0 [0x00A52690+75408]
Ordinal0 [0x00A52629+75305]
Ordinal0 [0x00B571B7+1143223]
GetHandleVerifier [0x00C52B46+507814]
GetHandleVerifier [0x00C52864+507076]
GetHandleVerifier [0x00C59F47+537511]
GetHandleVerifier [0x00C53402+510050]
Ordinal0 [0x00B4F29C+1110684]
Ordinal0 [0x00B5938B+1151883]
Ordinal0 [0x00B594F3+1152243]
Ordinal0 [0x00B583F5+1147893]
BaseThreadInitThunk [0x73958494+36]
RtlAreBitsSet [0x770C41C8+136]
RtlAreBitsSet [0x770C4198+88]

at java.base/jdk.internal.reflect.NativeConstructorAccessorImpl.newInstance0(Native Method)
at java.base/jdk.internal.reflect.NativeConstructorAccessorImpl.newInstance(NativeConstructorAccessorImpl.java:62)
at java.base/jdk.internal.reflect.DelegatingConstructorAccessorImpl.newInstance(DelegatingConstructorAccessorImpl.java:45)
at java.base/java.lang.reflect.Constructor.newInstanceWithCaller(Constructor.java:500)
at java.base/java.lang.reflect.Constructor.newInstance(Constructor.java:481)
at org.openqa.selenium.remote.W3CHandshakeResponse.lambda$errorHandler$0(W3CHandshakeResponse.java:62)
at org.openqa.selenium.remote.HandshakeResponse.lambda$getResponseFunction$0(HandshakeResponse.java:30)
at org.openqa.selenium.remote.ProtocolHandshake.lambda$createSession$0(ProtocolHandshake.java:126)
at java.base/java.util.stream.ReferencePipeline$3$1.accept(ReferencePipeline.java:195)
at java.base/java.util.Spliterators$ArraySpliterator.tryAdvance(Spliterators.java:958)
at java.base/java.util.stream.ReferencePipeline.forEachWithCancel(ReferencePipeline.java:127)
at java.base/java.util.stream.AbstractPipeline.copyIntoWithCancel(AbstractPipeline.java:502)
at java.base/java.util.stream.AbstractPipeline.copyInto(AbstractPipeline.java:488)
at java.base/java.util.stream.AbstractPipeline.wrapAndCopyInto(AbstractPipeline.java:474)
at java.base/java.util.stream.FindOps$FindOp.evaluateSequential(FindOps.java:150)
at java.base/java.util.stream.AbstractPipeline.evaluate(AbstractPipeline.java:234)
at java.base/java.util.stream.ReferencePipeline.findFirst(ReferencePipeline.java:543)
at org.openqa.selenium.remote.ProtocolHandshake.createSession(ProtocolHandshake.java:128)
at org.openqa.selenium.remote.ProtocolHandshake.createSession(ProtocolHandshake.java:74)
at org.openqa.selenium.remote.HttpCommandExecutor.execute(HttpCommandExecutor.java:136)
at org.openqa.selenium.remote.service.DriverCommandExecutor.execute(DriverCommandExecutor.java:83)
at org.openqa.selenium.remote.RemoteWebDriver.execute(RemoteWebDriver.java:552)
at org.openqa.selenium.remote.RemoteWebDriver.startSession(RemoteWebDriver.java:213)
at org.openqa.selenium.remote.RemoteWebDriver.<init>(RemoteWebDriver.java:131)
at org.openqa.selenium.chrome.ChromeDriver.<init>(ChromeDriver.java:181)
at org.openqa.selenium.chrome.ChromeDriver.<init>(ChromeDriver.java:168)
at org.openqa.selenium.chrome.ChromeDriver.<init>(ChromeDriver.java:123)
at MultiThread.setup(MultiThread.java:27)
at java.base/jdk.internal.reflect.NativeMethodAccessorImpl.invoke0(Native Method)
at java.base/jdk.internal.reflect.NativeMethodAccessorImpl.invoke(NativeMethodAccessorImpl.java:62)
at java.base/jdk.internal.reflect.DelegatingMethodAccessorImpl.invoke(DelegatingMethodAccessorImpl.java:43)
at java.base/java.lang.reflect.Method.invoke(Method.java:567)
at org.testng.internal.MethodInvocationHelper.invokeMethod(MethodInvocationHelper.java:133)
at org.testng.internal.MethodInvocationHelper.invokeMethodConsideringTimeout(MethodInvocationHelper.java:62)
at org.testng.internal.ConfigInvoker.invokeConfigurationMethod(ConfigInvoker.java:340)
at org.testng.internal.ConfigInvoker.invokeConfigurations(ConfigInvoker.java:294)
at org.testng.internal.TestInvoker.runConfigMethods(TestInvoker.java:683)
at org.testng.internal.TestInvoker.invokeMethod(TestInvoker.java:510)
at org.testng.internal.TestInvoker.invokeTestMethod(TestInvoker.java:172)
at org.testng.internal.MethodRunner.runInSequence(MethodRunner.java:46)
at org.testng.internal.TestInvoker$MethodInvocationAgent.invoke(TestInvoker.java:804)
at org.testng.internal.TestInvoker.invokeTestMethods(TestInvoker.java:145)
at org.testng.internal.TestMethodWorker.invokeTestMethods(TestMethodWorker.java:146)
at org.testng.internal.TestMethodWorker.run(TestMethodWorker.java:128)
at java.base/java.util.concurrent.ThreadPoolExecutor.runWorker(ThreadPoolExecutor.java:1128)
at java.base/java.util.concurrent.ThreadPoolExecutor$Worker.run(ThreadPoolExecutor.java:628)
at java.base/java.lang.Thread.run(Thread.java:830)
]]>
    </error>
  </testcase> <!-- setup -->
</testsuite> <!-- Third -->
